/scratch1/tsa5252/anaconda3/envs/spiceenv/lib/python3.8/site-packages/hydra/_internal/defaults_list.py:251: UserWarning: In 'config': Defaults list is missing `_self_`. See https://hydra.cc/docs/1.2/upgrades/1.0_to_1.1/default_composition_order for more information
  warnings.warn(msg, UserWarning)
[[36m2026-03-01 13:05:55,842[0m][[34mOpenGL.acceleratesupport[0m][[32mINFO[0m] - No OpenGL_accelerate module loaded: No module named 'OpenGL_accelerate'[0m
Starting PPO Teacher Training on Hopper-v5...
Initialized ContinuousAgent for Hopper-v5 with actor_logstd = 0.0
Initialized ContinuousAgent for Hopper-v5 with actor_logstd = 0.0
global_step=56, episodic_return=6.10
global_step=164, episodic_return=16.71
global_step=220, episodic_return=11.10
global_step=288, episodic_return=12.81
global_step=452, episodic_return=44.34
global_step=544, episodic_return=11.65
global_step=668, episodic_return=25.72
global_step=724, episodic_return=10.25
global_step=772, episodic_return=8.03
global_step=860, episodic_return=8.83
global_step=916, episodic_return=10.03
global_step=964, episodic_return=6.51
global_step=1012, episodic_return=7.79
global_step=1196, episodic_return=72.96
global_step=1252, episodic_return=3.09
global_step=1296, episodic_return=8.20
global_step=1344, episodic_return=8.54
global_step=1392, episodic_return=8.13
global_step=1512, episodic_return=15.75
global_step=1560, episodic_return=8.19
global_step=1632, episodic_return=11.15
global_step=1720, episodic_return=7.10
global_step=1804, episodic_return=13.62
global_step=1880, episodic_return=9.39
global_step=2012, episodic_return=10.65
global_step=2060, episodic_return=7.75
global_step=2104, episodic_return=5.72
global_step=2160, episodic_return=10.13
global_step=2212, episodic_return=6.85
global_step=2312, episodic_return=28.76
global_step=2396, episodic_return=11.78
global_step=2472, episodic_return=11.68
global_step=2540, episodic_return=11.29
global_step=2656, episodic_return=6.78
global_step=2744, episodic_return=8.97
global_step=2796, episodic_return=3.92
global_step=2884, episodic_return=20.54
global_step=2932, episodic_return=9.13
global_step=3004, episodic_return=12.35
global_step=3132, episodic_return=10.48
global_step=3188, episodic_return=10.31
global_step=3332, episodic_return=10.82
global_step=3476, episodic_return=45.18
global_step=3600, episodic_return=9.30
global_step=3672, episodic_return=16.78
global_step=3748, episodic_return=10.41
global_step=3876, episodic_return=45.09
global_step=3928, episodic_return=6.35
global_step=3980, episodic_return=7.84
global_step=4100, episodic_return=31.01
global_step=4164, episodic_return=9.29
global_step=4200, episodic_return=4.56
global_step=4292, episodic_return=13.96
global_step=4372, episodic_return=13.12
global_step=4456, episodic_return=12.27
global_step=4516, episodic_return=4.53
global_step=4564, episodic_return=5.85
global_step=4624, episodic_return=12.01
global_step=4672, episodic_return=6.88
global_step=4732, episodic_return=6.55
global_step=4776, episodic_return=5.86
global_step=4856, episodic_return=12.31
global_step=4920, episodic_return=10.59
global_step=4992, episodic_return=13.37
global_step=5064, episodic_return=7.25
global_step=5108, episodic_return=5.80
global_step=5152, episodic_return=7.16
global_step=5204, episodic_return=7.29
global_step=5264, episodic_return=8.25
global_step=5352, episodic_return=14.16
global_step=5436, episodic_return=14.95
global_step=5476, episodic_return=4.17
global_step=5564, episodic_return=10.38
global_step=5632, episodic_return=13.50
global_step=5700, episodic_return=7.32
global_step=5852, episodic_return=24.59
global_step=5968, episodic_return=6.59
global_step=6052, episodic_return=7.62
global_step=6136, episodic_return=5.09
global_step=6188, episodic_return=2.30
global_step=6280, episodic_return=12.21
global_step=6324, episodic_return=7.20
global_step=6400, episodic_return=9.04
global_step=6528, episodic_return=15.05
global_step=6604, episodic_return=10.22
global_step=6680, episodic_return=11.94
global_step=6740, episodic_return=7.57
global_step=6884, episodic_return=46.66
global_step=7028, episodic_return=10.62
global_step=7092, episodic_return=10.45
global_step=7156, episodic_return=11.36
global_step=7212, episodic_return=6.64
global_step=7252, episodic_return=4.97
global_step=7324, episodic_return=8.87
global_step=7392, episodic_return=14.39
global_step=7476, episodic_return=21.11
global_step=7520, episodic_return=5.23
global_step=7600, episodic_return=16.08
global_step=7684, episodic_return=6.80
global_step=7736, episodic_return=7.54
global_step=7848, episodic_return=27.57
global_step=7900, episodic_return=10.50
global_step=7996, episodic_return=16.23
global_step=8096, episodic_return=15.45
global_step=8188, episodic_return=8.13
Eval: global_step=8192, reward=84.43 +/- 1.79
global_step=8252, episodic_return=8.09
global_step=8308, episodic_return=7.52
global_step=8564, episodic_return=62.71
global_step=8620, episodic_return=9.74
global_step=8696, episodic_return=8.32
global_step=8992, episodic_return=54.31
global_step=9072, episodic_return=17.99
global_step=9188, episodic_return=30.80
global_step=9528, episodic_return=92.53
global_step=9604, episodic_return=16.43
global_step=9648, episodic_return=6.96
global_step=9768, episodic_return=34.31
global_step=9840, episodic_return=12.25
global_step=10084, episodic_return=72.29
global_step=10124, episodic_return=5.44
global_step=10204, episodic_return=12.48
global_step=10528, episodic_return=101.28
global_step=10616, episodic_return=21.68
global_step=10692, episodic_return=17.00
global_step=10760, episodic_return=7.40
global_step=10828, episodic_return=15.12
global_step=10976, episodic_return=58.96
global_step=11036, episodic_return=11.58
global_step=11180, episodic_return=25.98
global_step=11432, episodic_return=91.68
global_step=11560, episodic_return=14.78
global_step=11660, episodic_return=12.18
global_step=11728, episodic_return=4.89
global_step=11828, episodic_return=22.48
global_step=11960, episodic_return=41.78
global_step=12064, episodic_return=13.23
global_step=12184, episodic_return=41.35
global_step=12256, episodic_return=12.67
global_step=12444, episodic_return=55.24
global_step=12536, episodic_return=8.75
global_step=12604, episodic_return=6.51
global_step=12784, episodic_return=55.42
global_step=12984, episodic_return=39.84
global_step=13172, episodic_return=46.21
global_step=13400, episodic_return=83.55
global_step=13636, episodic_return=84.17
global_step=13960, episodic_return=70.47
global_step=14276, episodic_return=105.51
global_step=14340, episodic_return=8.18
global_step=14452, episodic_return=21.04
global_step=14620, episodic_return=58.02
global_step=14664, episodic_return=4.88
global_step=14712, episodic_return=7.06
global_step=14768, episodic_return=9.96
global_step=14924, episodic_return=27.10
global_step=15248, episodic_return=121.80
global_step=15476, episodic_return=90.17
global_step=15532, episodic_return=9.47
global_step=15656, episodic_return=39.76
global_step=15704, episodic_return=5.99
global_step=15776, episodic_return=13.83
global_step=15828, episodic_return=6.75
global_step=15968, episodic_return=36.89
global_step=16060, episodic_return=19.60
global_step=16148, episodic_return=25.66
global_step=16296, episodic_return=50.26
Eval: global_step=16384, reward=68.50 +/- 1.45
global_step=16532, episodic_return=103.17
global_step=16748, episodic_return=69.06
global_step=16884, episodic_return=44.92
global_step=16968, episodic_return=18.39
global_step=17012, episodic_return=6.85
global_step=17116, episodic_return=27.63
global_step=17544, episodic_return=167.69
global_step=17692, episodic_return=45.50
global_step=17744, episodic_return=9.58
global_step=17788, episodic_return=6.55
global_step=17988, episodic_return=74.08
global_step=18148, episodic_return=33.47
global_step=18504, episodic_return=141.85
global_step=18644, episodic_return=46.82
global_step=18752, episodic_return=28.79
global_step=18804, episodic_return=9.57
global_step=18844, episodic_return=5.97
global_step=19024, episodic_return=59.39
global_step=19276, episodic_return=104.58
global_step=19352, episodic_return=17.63
global_step=19644, episodic_return=129.94
global_step=19692, episodic_return=8.31
global_step=19992, episodic_return=120.16
global_step=20232, episodic_return=110.92
global_step=20416, episodic_return=43.96
global_step=20560, episodic_return=56.05
global_step=20724, episodic_return=60.47
global_step=20820, episodic_return=8.87
global_step=20908, episodic_return=20.81
global_step=21164, episodic_return=86.51
global_step=21232, episodic_return=8.00
global_step=21556, episodic_return=156.91
global_step=21652, episodic_return=25.11
global_step=21908, episodic_return=112.34
global_step=22176, episodic_return=123.06
global_step=22244, episodic_return=13.84
global_step=22420, episodic_return=39.52
global_step=22696, episodic_return=94.20
global_step=23104, episodic_return=186.41
global_step=23336, episodic_return=91.18
global_step=23624, episodic_return=125.97
global_step=23952, episodic_return=106.84
global_step=24020, episodic_return=14.33
global_step=24088, episodic_return=17.30
global_step=24252, episodic_return=52.36
global_step=24352, episodic_return=30.13
global_step=24552, episodic_return=71.93
Eval: global_step=24576, reward=74.67 +/- 0.64
global_step=25000, episodic_return=219.89
global_step=25096, episodic_return=26.73
global_step=25264, episodic_return=65.82
global_step=25384, episodic_return=21.81
global_step=25632, episodic_return=95.08
global_step=25820, episodic_return=38.92
global_step=25948, episodic_return=30.40
global_step=26140, episodic_return=76.83
global_step=26408, episodic_return=97.46
global_step=26620, episodic_return=93.41
global_step=26848, episodic_return=102.55
global_step=27136, episodic_return=113.98
global_step=27428, episodic_return=114.11
global_step=27588, episodic_return=55.86
global_step=27944, episodic_return=151.58
global_step=28084, episodic_return=53.83
global_step=28164, episodic_return=20.21
global_step=28448, episodic_return=130.42
global_step=28512, episodic_return=14.27
global_step=28720, episodic_return=87.60
global_step=28888, episodic_return=66.86
global_step=29048, episodic_return=24.89
global_step=29336, episodic_return=137.67
global_step=29644, episodic_return=143.12
global_step=29992, episodic_return=168.98
global_step=30316, episodic_return=170.04
global_step=30416, episodic_return=21.25
global_step=30672, episodic_return=106.69
global_step=30824, episodic_return=59.56
global_step=31096, episodic_return=130.36
global_step=31372, episodic_return=84.51
global_step=31520, episodic_return=58.30
global_step=31692, episodic_return=66.78
global_step=32048, episodic_return=155.29
global_step=32100, episodic_return=10.40
global_step=32168, episodic_return=15.37
global_step=32252, episodic_return=20.89
global_step=32396, episodic_return=56.97
global_step=32544, episodic_return=29.84
global_step=32708, episodic_return=69.47
Eval: global_step=32768, reward=215.02 +/- 1.78
global_step=33148, episodic_return=225.99
global_step=33372, episodic_return=101.54
global_step=33552, episodic_return=74.96
global_step=33704, episodic_return=60.14
global_step=34020, episodic_return=163.36
global_step=34356, episodic_return=150.41
global_step=34656, episodic_return=147.43
global_step=34872, episodic_return=91.38
global_step=34932, episodic_return=12.28
global_step=35440, episodic_return=276.42
global_step=35512, episodic_return=14.17
global_step=35716, episodic_return=87.17
global_step=35968, episodic_return=115.40
global_step=36192, episodic_return=85.58
global_step=36560, episodic_return=207.28
global_step=36864, episodic_return=155.93
global_step=37128, episodic_return=107.09
global_step=37544, episodic_return=221.57
global_step=37720, episodic_return=71.75
global_step=38020, episodic_return=129.26
global_step=38312, episodic_return=143.16
global_step=38552, episodic_return=111.48
global_step=38600, episodic_return=8.06
global_step=38872, episodic_return=130.76
global_step=39080, episodic_return=90.67
global_step=39460, episodic_return=137.76
global_step=39592, episodic_return=51.46
global_step=39764, episodic_return=45.98
global_step=40164, episodic_return=215.52
global_step=40480, episodic_return=155.29
global_step=40792, episodic_return=152.17
Eval: global_step=40960, reward=207.12 +/- 1.36
global_step=41148, episodic_return=190.68
global_step=41336, episodic_return=73.51
global_step=41672, episodic_return=169.31
global_step=42120, episodic_return=218.26
global_step=42400, episodic_return=119.26
global_step=42820, episodic_return=217.53
global_step=43168, episodic_return=167.80
global_step=43392, episodic_return=88.57
global_step=43776, episodic_return=197.26
global_step=43936, episodic_return=64.66
global_step=44328, episodic_return=214.83
global_step=44728, episodic_return=217.10
global_step=45152, episodic_return=234.99
global_step=45468, episodic_return=166.82
global_step=45836, episodic_return=197.09
global_step=46184, episodic_return=190.98
global_step=46340, episodic_return=60.82
global_step=46400, episodic_return=11.99
global_step=46688, episodic_return=137.13
global_step=46892, episodic_return=86.90
global_step=47268, episodic_return=211.02
global_step=47408, episodic_return=55.75
global_step=47564, episodic_return=63.81
global_step=47896, episodic_return=162.36
global_step=48196, episodic_return=149.44
global_step=48488, episodic_return=129.55
global_step=48624, episodic_return=52.89
global_step=48948, episodic_return=163.74
Eval: global_step=49152, reward=204.12 +/- 1.89
global_step=49324, episodic_return=209.47
global_step=49468, episodic_return=56.63
global_step=49856, episodic_return=200.54
global_step=50276, episodic_return=233.02
global_step=50524, episodic_return=111.97
global_step=50704, episodic_return=73.40
global_step=50848, episodic_return=56.67
global_step=51184, episodic_return=167.07
global_step=51572, episodic_return=213.95
global_step=51712, episodic_return=57.97
global_step=51944, episodic_return=105.18
global_step=52244, episodic_return=150.58
global_step=52392, episodic_return=59.21
global_step=52556, episodic_return=65.44
global_step=52844, episodic_return=137.15
global_step=53228, episodic_return=204.16
global_step=53600, episodic_return=199.33
global_step=53956, episodic_return=190.16
global_step=54100, episodic_return=56.85
global_step=54460, episodic_return=199.74
global_step=54704, episodic_return=108.26
global_step=54884, episodic_return=72.81
global_step=55248, episodic_return=203.43
global_step=55468, episodic_return=94.85
global_step=55664, episodic_return=84.48
global_step=55812, episodic_return=56.38
global_step=56080, episodic_return=133.74
global_step=56192, episodic_return=42.16
global_step=56328, episodic_return=54.02
global_step=56700, episodic_return=213.66
global_step=57028, episodic_return=165.67
global_step=57340, episodic_return=159.58
Eval: global_step=57344, reward=202.82 +/- 1.74
global_step=57536, episodic_return=82.74
global_step=57920, episodic_return=216.31
global_step=58296, episodic_return=206.09
global_step=58512, episodic_return=95.11
global_step=58904, episodic_return=214.62
global_step=59272, episodic_return=175.36
global_step=59716, episodic_return=233.51
global_step=60112, episodic_return=201.00
global_step=60488, episodic_return=208.43
global_step=60844, episodic_return=197.88
global_step=61084, episodic_return=105.44
global_step=61212, episodic_return=50.63
global_step=61700, episodic_return=224.09
global_step=62056, episodic_return=194.64
global_step=62316, episodic_return=119.98
global_step=62440, episodic_return=47.97
global_step=62908, episodic_return=257.07
global_step=63064, episodic_return=61.36
global_step=63196, episodic_return=53.59
global_step=63372, episodic_return=73.33
global_step=63620, episodic_return=112.46
global_step=64012, episodic_return=195.45
global_step=64380, episodic_return=192.70
global_step=64548, episodic_return=69.94
global_step=64704, episodic_return=62.10
global_step=65028, episodic_return=164.57
global_step=65428, episodic_return=223.89
Eval: global_step=65536, reward=203.73 +/- 1.02
global_step=65664, episodic_return=107.49
global_step=66032, episodic_return=200.80
global_step=66416, episodic_return=215.06
global_step=66828, episodic_return=217.04
global_step=67088, episodic_return=122.94
global_step=67228, episodic_return=56.35
global_step=67596, episodic_return=204.64
global_step=68092, episodic_return=281.70
global_step=68468, episodic_return=211.12
global_step=68736, episodic_return=123.09
global_step=69060, episodic_return=164.46
global_step=69440, episodic_return=212.80
global_step=69560, episodic_return=46.45
global_step=69928, episodic_return=200.81
global_step=70380, episodic_return=194.57
global_step=70508, episodic_return=49.52
global_step=70860, episodic_return=186.85
global_step=71256, episodic_return=224.26
global_step=71636, episodic_return=217.41
global_step=72064, episodic_return=206.04
global_step=72440, episodic_return=212.61
global_step=72816, episodic_return=208.20
global_step=73220, episodic_return=221.13
global_step=73356, episodic_return=53.58
global_step=73656, episodic_return=154.83
Eval: global_step=73728, reward=208.01 +/- 1.60
global_step=74028, episodic_return=210.05
global_step=74396, episodic_return=207.80
global_step=74760, episodic_return=201.51
global_step=75148, episodic_return=220.62
global_step=75512, episodic_return=198.89
global_step=75936, episodic_return=222.79
global_step=76316, episodic_return=212.79
global_step=76492, episodic_return=71.85
global_step=76880, episodic_return=219.88
global_step=77252, episodic_return=206.75
global_step=77648, episodic_return=219.45
global_step=78008, episodic_return=201.95
global_step=78412, episodic_return=222.85
global_step=78808, episodic_return=220.15
global_step=79240, episodic_return=225.80
global_step=79620, episodic_return=213.84
global_step=80004, episodic_return=213.54
global_step=80404, episodic_return=213.41
global_step=80788, episodic_return=210.79
global_step=81176, episodic_return=219.55
global_step=81436, episodic_return=124.47
global_step=81844, episodic_return=221.94
Eval: global_step=81920, reward=210.60 +/- 1.35
global_step=82228, episodic_return=212.81
global_step=82596, episodic_return=201.45
global_step=82968, episodic_return=206.01
global_step=83352, episodic_return=216.66
global_step=83736, episodic_return=217.04
global_step=83900, episodic_return=66.68
global_step=84280, episodic_return=211.29
global_step=84668, episodic_return=217.89
global_step=85120, episodic_return=269.70
global_step=85496, episodic_return=210.71
global_step=85920, episodic_return=226.54
global_step=86272, episodic_return=192.66
global_step=86668, episodic_return=217.65
global_step=87064, episodic_return=220.28
global_step=87452, episodic_return=204.69
global_step=87820, episodic_return=201.61
global_step=88208, episodic_return=215.94
global_step=88592, episodic_return=216.77
global_step=88968, episodic_return=207.74
global_step=89340, episodic_return=199.70
global_step=89776, episodic_return=246.41
Eval: global_step=90112, reward=219.47 +/- 1.24
global_step=90176, episodic_return=212.70
global_step=90568, episodic_return=219.99
global_step=91020, episodic_return=232.68
global_step=91400, episodic_return=213.94
global_step=91772, episodic_return=206.06
global_step=92180, episodic_return=224.19
global_step=92580, episodic_return=225.00
global_step=92976, episodic_return=220.13
global_step=93348, episodic_return=205.60
global_step=93756, episodic_return=224.49
global_step=94236, episodic_return=270.17
global_step=94648, episodic_return=235.34
global_step=95000, episodic_return=187.60
global_step=95380, episodic_return=218.49
global_step=95836, episodic_return=257.33
global_step=96228, episodic_return=208.80
global_step=96588, episodic_return=194.78
global_step=97032, episodic_return=270.51
global_step=97420, episodic_return=219.94
global_step=97828, episodic_return=220.11
global_step=98208, episodic_return=205.01
Eval: global_step=98304, reward=276.96 +/- 1.55
global_step=98624, episodic_return=240.66
global_step=99108, episodic_return=319.06
global_step=99488, episodic_return=210.80
global_step=99892, episodic_return=228.61
global_step=100396, episodic_return=294.13
global_step=100808, episodic_return=224.03
global_step=101248, episodic_return=249.94
global_step=101660, episodic_return=236.37
global_step=102152, episodic_return=300.70
global_step=102592, episodic_return=244.04
global_step=103008, episodic_return=232.81
global_step=103456, episodic_return=260.71
global_step=103860, episodic_return=219.73
global_step=104296, episodic_return=252.27
global_step=104784, episodic_return=289.46
global_step=105176, episodic_return=228.79
global_step=105608, episodic_return=240.45
global_step=106008, episodic_return=219.33
global_step=106404, episodic_return=221.90
Eval: global_step=106496, reward=306.61 +/- 1.29
global_step=106816, episodic_return=233.37
global_step=107300, episodic_return=288.83
global_step=107696, episodic_return=228.70
global_step=108200, episodic_return=320.64
global_step=108620, episodic_return=244.63
global_step=108768, episodic_return=57.69
global_step=109132, episodic_return=198.09
global_step=109524, episodic_return=220.85
global_step=109916, episodic_return=223.73
global_step=110412, episodic_return=299.81
global_step=110808, episodic_return=223.58
global_step=111200, episodic_return=207.79
global_step=111620, episodic_return=249.98
global_step=112052, episodic_return=253.16
global_step=112452, episodic_return=223.01
global_step=112896, episodic_return=260.25
global_step=113116, episodic_return=94.71
global_step=113520, episodic_return=232.03
global_step=113988, episodic_return=288.61
global_step=114376, episodic_return=221.83
Eval: global_step=114688, reward=329.97 +/- 1.36
global_step=114880, episodic_return=316.33
global_step=115352, episodic_return=290.18
global_step=115736, episodic_return=213.39
global_step=116220, episodic_return=302.41
global_step=116592, episodic_return=206.71
global_step=116968, episodic_return=205.09
global_step=117412, episodic_return=258.11
global_step=117796, episodic_return=215.96
global_step=118248, episodic_return=261.30
global_step=118672, episodic_return=235.75
global_step=119144, episodic_return=281.84
global_step=119552, episodic_return=227.54
global_step=120040, episodic_return=302.83
global_step=120488, episodic_return=269.41
global_step=120864, episodic_return=210.59
global_step=121344, episodic_return=286.39
global_step=121828, episodic_return=289.70
global_step=122332, episodic_return=316.33
global_step=122752, episodic_return=228.35
Eval: global_step=122880, reward=336.71 +/- 1.59
global_step=123204, episodic_return=264.74
global_step=123688, episodic_return=287.56
global_step=124156, episodic_return=274.66
global_step=124644, episodic_return=291.66
global_step=124816, episodic_return=68.73
global_step=125304, episodic_return=281.72
global_step=125800, episodic_return=308.44
global_step=126284, episodic_return=318.66
global_step=126720, episodic_return=238.79
global_step=127200, episodic_return=268.27
global_step=127648, episodic_return=273.04
global_step=128036, episodic_return=216.51
global_step=128456, episodic_return=249.14
global_step=128932, episodic_return=274.18
global_step=129392, episodic_return=289.86
global_step=129796, episodic_return=224.48
global_step=130284, episodic_return=294.65
global_step=130680, episodic_return=222.80
Eval: global_step=131072, reward=343.93 +/- 1.97
global_step=131176, episodic_return=298.79
global_step=131612, episodic_return=255.94
global_step=132132, episodic_return=338.10
global_step=132656, episodic_return=319.04
global_step=133088, episodic_return=241.70
global_step=133540, episodic_return=272.21
global_step=134040, episodic_return=305.56
global_step=134492, episodic_return=260.65
global_step=135004, episodic_return=318.08
global_step=135444, episodic_return=254.41
global_step=135860, episodic_return=238.50
global_step=136392, episodic_return=345.83
global_step=136908, episodic_return=322.07
global_step=137404, episodic_return=304.89
global_step=137924, episodic_return=323.96
global_step=138412, episodic_return=289.68
global_step=138912, episodic_return=336.09
Eval: global_step=139264, reward=362.03 +/- 1.10
global_step=139392, episodic_return=299.05
global_step=139912, episodic_return=321.16
global_step=140384, episodic_return=284.35
global_step=140824, episodic_return=263.12
global_step=141308, episodic_return=290.01
global_step=141792, episodic_return=310.27
global_step=142196, episodic_return=225.92
global_step=142720, episodic_return=314.87
global_step=143136, episodic_return=231.24
global_step=143632, episodic_return=294.81
global_step=144056, episodic_return=230.06
global_step=144568, episodic_return=311.58
global_step=145044, episodic_return=287.87
global_step=145572, episodic_return=335.47
global_step=146080, episodic_return=316.38
global_step=146580, episodic_return=291.36
global_step=147116, episodic_return=346.90
Eval: global_step=147456, reward=379.31 +/- 1.07
global_step=147608, episodic_return=292.63
global_step=148112, episodic_return=315.55
global_step=148600, episodic_return=316.12
global_step=149084, episodic_return=288.37
global_step=149580, episodic_return=302.82
global_step=150096, episodic_return=332.35
global_step=150640, episodic_return=357.09
global_step=151152, episodic_return=332.27
global_step=151664, episodic_return=301.44
global_step=152188, episodic_return=328.94
global_step=152732, episodic_return=326.34
global_step=153184, episodic_return=263.49
global_step=153700, episodic_return=313.65
global_step=154184, episodic_return=298.24
global_step=154676, episodic_return=301.90
global_step=155160, episodic_return=288.67
Eval: global_step=155648, reward=385.17 +/- 1.56
global_step=155676, episodic_return=322.90
global_step=156188, episodic_return=319.32
global_step=156708, episodic_return=330.01
global_step=157236, episodic_return=343.15
global_step=157732, episodic_return=310.06
global_step=158252, episodic_return=339.83
global_step=158796, episodic_return=369.63
global_step=159296, episodic_return=316.16
global_step=159848, episodic_return=359.78
global_step=160372, episodic_return=326.06
global_step=160872, episodic_return=310.44
global_step=161404, episodic_return=325.84
global_step=161884, episodic_return=295.94
global_step=162444, episodic_return=376.81
global_step=162916, episodic_return=290.24
global_step=163436, episodic_return=328.98
Eval: global_step=163840, reward=390.53 +/- 1.58
global_step=163948, episodic_return=331.71
global_step=164452, episodic_return=319.73
global_step=164980, episodic_return=327.00
global_step=165548, episodic_return=377.00
global_step=166092, episodic_return=362.73
global_step=166628, episodic_return=349.08
global_step=167172, episodic_return=339.73
global_step=167700, episodic_return=330.40
global_step=168248, episodic_return=366.34
global_step=168764, episodic_return=339.22
global_step=169316, episodic_return=367.93
global_step=169848, episodic_return=344.69
global_step=170404, episodic_return=367.85
global_step=170928, episodic_return=348.57
global_step=171464, episodic_return=339.13
global_step=172028, episodic_return=356.87
Eval: global_step=172032, reward=396.36 +/- 1.76
global_step=172576, episodic_return=348.21
global_step=173116, episodic_return=356.23
global_step=173656, episodic_return=353.41
global_step=174216, episodic_return=370.76
global_step=174768, episodic_return=375.55
global_step=175296, episodic_return=340.46
global_step=175812, episodic_return=306.73
global_step=176360, episodic_return=333.38
global_step=176896, episodic_return=354.45
global_step=177384, episodic_return=295.95
global_step=177904, episodic_return=327.06
global_step=178448, episodic_return=374.63
global_step=178972, episodic_return=329.98
global_step=179524, episodic_return=345.87
global_step=180060, episodic_return=365.53
Eval: global_step=180224, reward=409.16 +/- 2.07
global_step=180604, episodic_return=369.21
global_step=181160, episodic_return=361.51
global_step=181744, episodic_return=393.47
global_step=182272, episodic_return=340.52
global_step=182776, episodic_return=318.91
global_step=183336, episodic_return=348.75
global_step=183892, episodic_return=375.78
global_step=184436, episodic_return=356.89
global_step=185020, episodic_return=397.58
global_step=185588, episodic_return=383.66
global_step=186144, episodic_return=362.56
global_step=186712, episodic_return=377.18
global_step=187212, episodic_return=301.52
global_step=187764, episodic_return=386.02
global_step=188272, episodic_return=336.59
Eval: global_step=188416, reward=417.88 +/- 1.40
global_step=188812, episodic_return=364.55
global_step=189280, episodic_return=291.85
global_step=189840, episodic_return=350.53
global_step=190436, episodic_return=413.34
global_step=190980, episodic_return=357.77
global_step=191512, episodic_return=346.72
global_step=192072, episodic_return=376.70
global_step=192608, episodic_return=363.65
global_step=193156, episodic_return=356.99
global_step=193720, episodic_return=382.97
global_step=194284, episodic_return=390.01
global_step=194864, episodic_return=388.96
global_step=195428, episodic_return=394.58
global_step=195960, episodic_return=360.88
global_step=196520, episodic_return=374.39
Eval: global_step=196608, reward=417.41 +/- 1.38
global_step=197068, episodic_return=381.78
global_step=197636, episodic_return=396.95
global_step=198188, episodic_return=373.92
global_step=198720, episodic_return=354.03
global_step=199260, episodic_return=360.50
global_step=199776, episodic_return=337.08
global_step=200328, episodic_return=366.78
global_step=200884, episodic_return=382.99
global_step=201376, episodic_return=309.80
global_step=201948, episodic_return=393.22
global_step=202488, episodic_return=364.53
global_step=203056, episodic_return=375.54
global_step=203632, episodic_return=387.90
global_step=204180, episodic_return=362.27
global_step=204740, episodic_return=378.33
Eval: global_step=204800, reward=416.43 +/- 1.45
global_step=205324, episodic_return=397.08
global_step=205892, episodic_return=394.88
global_step=206452, episodic_return=384.40
global_step=206988, episodic_return=357.53
global_step=207524, episodic_return=356.77
global_step=208072, episodic_return=374.78
global_step=208644, episodic_return=393.70
global_step=209200, episodic_return=382.29
global_step=209756, episodic_return=387.59
global_step=210284, episodic_return=363.70
global_step=210860, episodic_return=403.87
global_step=211396, episodic_return=364.51
global_step=211904, episodic_return=336.87
global_step=212364, episodic_return=287.42
global_step=212908, episodic_return=360.15
Eval: global_step=212992, reward=418.39 +/- 2.12
global_step=213472, episodic_return=391.49
global_step=214044, episodic_return=403.02
global_step=214592, episodic_return=378.95
global_step=215128, episodic_return=362.77
global_step=215672, episodic_return=374.63
global_step=216228, episodic_return=391.63
global_step=216804, episodic_return=406.40
global_step=217372, episodic_return=399.06
global_step=217960, episodic_return=409.03
global_step=218512, episodic_return=387.45
global_step=219068, episodic_return=383.24
global_step=219632, episodic_return=392.59
global_step=220196, episodic_return=381.94
global_step=220752, episodic_return=389.54
Eval: global_step=221184, reward=415.92 +/- 1.70
global_step=221312, episodic_return=388.76
global_step=221880, episodic_return=398.53
global_step=222444, episodic_return=385.46
global_step=223024, episodic_return=405.95
global_step=223588, episodic_return=397.06
global_step=224156, episodic_return=391.15
global_step=224724, episodic_return=393.87
global_step=225272, episodic_return=382.20
global_step=225844, episodic_return=391.29
global_step=226384, episodic_return=369.15
global_step=226932, episodic_return=383.21
global_step=227492, episodic_return=385.28
global_step=228084, episodic_return=410.69
global_step=228640, episodic_return=390.43
global_step=229208, episodic_return=401.58
Eval: global_step=229376, reward=418.66 +/- 1.75
global_step=229764, episodic_return=388.83
global_step=230340, episodic_return=390.39
global_step=230908, episodic_return=385.40
global_step=231476, episodic_return=400.92
global_step=232056, episodic_return=412.44
global_step=232640, episodic_return=407.71
global_step=233220, episodic_return=400.55
global_step=233788, episodic_return=395.65
global_step=234364, episodic_return=405.15
global_step=234928, episodic_return=396.48
global_step=235496, episodic_return=400.51
global_step=236064, episodic_return=393.75
global_step=236628, episodic_return=399.79
global_step=237204, episodic_return=407.27
Eval: global_step=237568, reward=416.53 +/- 1.55
global_step=237768, episodic_return=387.92
global_step=238336, episodic_return=388.16
global_step=238876, episodic_return=375.06
global_step=239448, episodic_return=399.33
global_step=240036, episodic_return=405.46
global_step=240568, episodic_return=363.63
global_step=241132, episodic_return=400.18
global_step=241684, episodic_return=381.92
global_step=242240, episodic_return=385.77
global_step=242808, episodic_return=395.13
global_step=243364, episodic_return=390.45
global_step=243904, episodic_return=367.64
global_step=244460, episodic_return=383.16
global_step=245028, episodic_return=398.64
global_step=245616, episodic_return=412.96
Eval: global_step=245760, reward=416.37 +/- 1.31
global_step=246188, episodic_return=399.39
global_step=246752, episodic_return=396.50
global_step=247328, episodic_return=408.08
global_step=247888, episodic_return=377.69
global_step=248484, episodic_return=410.81
global_step=249060, episodic_return=410.68
global_step=249624, episodic_return=384.51
global_step=250192, episodic_return=384.84
global_step=250756, episodic_return=393.19
global_step=251332, episodic_return=403.79
global_step=251876, episodic_return=370.57
global_step=252436, episodic_return=380.82
global_step=253032, episodic_return=401.64
global_step=253604, episodic_return=388.80
Eval: global_step=253952, reward=415.42 +/- 1.13
global_step=254180, episodic_return=403.69
global_step=254744, episodic_return=386.93
global_step=255332, episodic_return=410.16
global_step=255900, episodic_return=395.19
global_step=256480, episodic_return=408.76
global_step=257056, episodic_return=404.47
global_step=257620, episodic_return=395.14
global_step=258180, episodic_return=396.71
global_step=258752, episodic_return=408.57
global_step=259316, episodic_return=388.31
global_step=259872, episodic_return=391.24
global_step=260432, episodic_return=385.85
global_step=260992, episodic_return=391.50
global_step=261552, episodic_return=383.87
global_step=262116, episodic_return=398.89
Eval: global_step=262144, reward=415.57 +/- 1.57
global_step=262684, episodic_return=397.93
global_step=263252, episodic_return=393.81
global_step=263820, episodic_return=391.68
global_step=264384, episodic_return=392.74
global_step=264948, episodic_return=389.94
global_step=265520, episodic_return=400.42
global_step=266100, episodic_return=410.63
global_step=266668, episodic_return=404.42
global_step=267232, episodic_return=393.32
global_step=267796, episodic_return=396.75
global_step=268384, episodic_return=415.51
global_step=268944, episodic_return=382.11
global_step=269512, episodic_return=401.55
global_step=270084, episodic_return=407.59
Eval: global_step=270336, reward=416.56 +/- 1.70
global_step=270668, episodic_return=413.77
global_step=271240, episodic_return=402.33
global_step=271824, episodic_return=409.36
global_step=272380, episodic_return=382.96
global_step=272968, episodic_return=411.23
global_step=273540, episodic_return=401.97
global_step=274140, episodic_return=418.67
global_step=274692, episodic_return=388.83
global_step=275256, episodic_return=398.63
global_step=275816, episodic_return=399.22
global_step=276388, episodic_return=398.42
global_step=276968, episodic_return=413.04
global_step=277548, episodic_return=402.24
global_step=278136, episodic_return=412.88
Eval: global_step=278528, reward=415.72 +/- 1.40
global_step=278688, episodic_return=387.68
global_step=279252, episodic_return=400.99
global_step=279812, episodic_return=394.68
global_step=280376, episodic_return=399.67
global_step=280980, episodic_return=415.94
global_step=281544, episodic_return=397.94
global_step=282124, episodic_return=408.22
global_step=282700, episodic_return=405.78
global_step=283280, episodic_return=410.45
global_step=283856, episodic_return=400.51
global_step=284432, episodic_return=406.03
global_step=285008, episodic_return=402.70
global_step=285580, episodic_return=401.91
global_step=286156, episodic_return=410.30
Eval: global_step=286720, reward=417.77 +/- 1.00
global_step=286724, episodic_return=401.67
global_step=287312, episodic_return=413.65
global_step=287888, episodic_return=410.73
global_step=288456, episodic_return=394.32
global_step=289024, episodic_return=394.22
global_step=289616, episodic_return=418.49
global_step=290188, episodic_return=401.51
global_step=290752, episodic_return=401.02
global_step=291312, episodic_return=385.59
global_step=291892, episodic_return=408.00
global_step=292464, episodic_return=405.31
global_step=293024, episodic_return=387.44
global_step=293584, episodic_return=392.47
global_step=294156, episodic_return=395.59
global_step=294744, episodic_return=416.07
Eval: global_step=294912, reward=419.12 +/- 0.86
global_step=295320, episodic_return=402.93
global_step=295904, episodic_return=412.40
global_step=296480, episodic_return=409.44
global_step=297048, episodic_return=400.54
global_step=297636, episodic_return=412.71
global_step=298204, episodic_return=398.39
global_step=298772, episodic_return=398.97
global_step=299360, episodic_return=405.63
global_step=299948, episodic_return=409.26
global_step=300520, episodic_return=401.06
global_step=301100, episodic_return=408.28
global_step=301676, episodic_return=407.63
global_step=302252, episodic_return=410.95
global_step=302824, episodic_return=396.83
Eval: global_step=303104, reward=419.37 +/- 1.42
global_step=303396, episodic_return=401.68
global_step=303968, episodic_return=405.35
global_step=304544, episodic_return=410.37
global_step=305124, episodic_return=404.16
global_step=305688, episodic_return=397.90
global_step=306276, episodic_return=416.28
global_step=306876, episodic_return=419.94
global_step=307444, episodic_return=403.34
global_step=308012, episodic_return=397.23
global_step=308580, episodic_return=402.21
global_step=309144, episodic_return=399.24
global_step=309716, episodic_return=398.85
global_step=310292, episodic_return=405.71
global_step=310868, episodic_return=402.22
Eval: global_step=311296, reward=415.88 +/- 2.07
global_step=311440, episodic_return=400.56
global_step=311996, episodic_return=388.98
global_step=312556, episodic_return=398.69
global_step=313136, episodic_return=407.04
global_step=313704, episodic_return=400.14
global_step=314276, episodic_return=399.44
global_step=314868, episodic_return=416.16
global_step=315420, episodic_return=383.55
global_step=315988, episodic_return=402.55
global_step=316572, episodic_return=409.09
global_step=317148, episodic_return=405.36
global_step=317720, episodic_return=405.47
global_step=318292, episodic_return=400.87
global_step=318856, episodic_return=394.23
global_step=319424, episodic_return=405.34
Eval: global_step=319488, reward=415.00 +/- 2.03
global_step=319996, episodic_return=400.49
global_step=320584, episodic_return=413.49
global_step=321164, episodic_return=412.09
global_step=321752, episodic_return=418.67
global_step=322348, episodic_return=422.36
global_step=322912, episodic_return=402.65
global_step=323476, episodic_return=401.85
global_step=324064, episodic_return=410.48
global_step=324644, episodic_return=406.56
global_step=325216, episodic_return=407.45
global_step=325788, episodic_return=403.78
global_step=326348, episodic_return=395.26
global_step=326916, episodic_return=405.28
global_step=327504, episodic_return=415.66
Eval: global_step=327680, reward=416.58 +/- 0.92
global_step=328088, episodic_return=407.32
global_step=328672, episodic_return=409.01
global_step=329240, episodic_return=401.28
global_step=329816, episodic_return=411.09
global_step=330388, episodic_return=399.18
global_step=330960, episodic_return=409.32
global_step=331544, episodic_return=407.85
global_step=332128, episodic_return=415.47
global_step=332704, episodic_return=398.87
global_step=333280, episodic_return=405.84
global_step=333848, episodic_return=400.57
global_step=334412, episodic_return=400.62
global_step=334972, episodic_return=389.89
global_step=335548, episodic_return=408.71
Eval: global_step=335872, reward=414.82 +/- 1.49
global_step=336124, episodic_return=403.44
global_step=336696, episodic_return=402.69
global_step=337272, episodic_return=407.02
global_step=337844, episodic_return=406.04
global_step=338388, episodic_return=389.21
global_step=338956, episodic_return=404.75
global_step=339512, episodic_return=402.30
global_step=340080, episodic_return=397.10
global_step=340656, episodic_return=395.60
global_step=341216, episodic_return=403.46
global_step=341796, episodic_return=408.53
global_step=342376, episodic_return=414.54
global_step=342952, episodic_return=410.20
global_step=343536, episodic_return=411.48
Eval: global_step=344064, reward=411.99 +/- 1.75
global_step=344096, episodic_return=401.76
global_step=344664, episodic_return=394.22
global_step=345244, episodic_return=412.10
global_step=345808, episodic_return=396.14
global_step=346380, episodic_return=401.63
global_step=346940, episodic_return=395.29
global_step=347516, episodic_return=404.37
global_step=348092, episodic_return=405.80
global_step=348632, episodic_return=381.27
global_step=349192, episodic_return=398.65
global_step=349748, episodic_return=392.42
global_step=350308, episodic_return=394.31
global_step=350884, episodic_return=406.65
global_step=351432, episodic_return=382.14
global_step=351980, episodic_return=382.91
Eval: global_step=352256, reward=415.79 +/- 1.41
global_step=352544, episodic_return=394.70
global_step=353120, episodic_return=404.84
global_step=353700, episodic_return=410.53
global_step=354284, episodic_return=417.67
global_step=354852, episodic_return=403.89
global_step=355412, episodic_return=400.89
global_step=355996, episodic_return=417.97
global_step=356560, episodic_return=398.98
global_step=357136, episodic_return=411.66
global_step=357716, episodic_return=412.40
global_step=358308, episodic_return=422.24
global_step=358860, episodic_return=387.71
global_step=359432, episodic_return=401.62
global_step=360016, episodic_return=420.07
Eval: global_step=360448, reward=416.00 +/- 2.24
global_step=360576, episodic_return=396.61
global_step=361148, episodic_return=407.03
global_step=361712, episodic_return=395.93
global_step=362272, episodic_return=391.07
global_step=362840, episodic_return=399.01
global_step=363404, episodic_return=396.93
global_step=363936, episodic_return=377.19
global_step=364524, episodic_return=414.05
global_step=365084, episodic_return=399.83
global_step=365660, episodic_return=409.79
global_step=366216, episodic_return=397.65
global_step=366776, episodic_return=393.01
global_step=367340, episodic_return=401.76
global_step=367908, episodic_return=402.82
global_step=368468, episodic_return=393.50
Eval: global_step=368640, reward=415.86 +/- 2.33
global_step=369056, episodic_return=414.95
global_step=369624, episodic_return=397.92
global_step=370192, episodic_return=400.77
global_step=370764, episodic_return=408.14
global_step=371332, episodic_return=404.04
global_step=371896, episodic_return=399.88
global_step=372484, episodic_return=418.87
global_step=373072, episodic_return=421.48
global_step=373652, episodic_return=411.34
global_step=374232, episodic_return=411.47
global_step=374784, episodic_return=394.12
global_step=375368, episodic_return=418.04
global_step=375952, episodic_return=414.82
global_step=376512, episodic_return=399.72
Eval: global_step=376832, reward=416.73 +/- 1.21
global_step=377076, episodic_return=400.49
global_step=377652, episodic_return=410.06
global_step=378208, episodic_return=396.18
global_step=378780, episodic_return=410.47
global_step=379356, episodic_return=407.56
global_step=379916, episodic_return=401.75
global_step=380508, episodic_return=419.09
global_step=381072, episodic_return=395.53
global_step=381648, episodic_return=410.71
global_step=382216, episodic_return=397.51
global_step=382796, episodic_return=411.37
global_step=383388, episodic_return=422.53
global_step=383956, episodic_return=404.41
global_step=384504, episodic_return=388.68
Eval: global_step=385024, reward=415.82 +/- 1.27
global_step=385072, episodic_return=408.56
global_step=385656, episodic_return=413.80
global_step=386216, episodic_return=393.78
global_step=386800, episodic_return=409.33
global_step=387384, episodic_return=413.56
global_step=387964, episodic_return=409.73
global_step=388548, episodic_return=411.19
global_step=389108, episodic_return=400.20
global_step=389672, episodic_return=401.22
global_step=390240, episodic_return=404.29
global_step=390804, episodic_return=398.11
global_step=391364, episodic_return=396.93
global_step=391928, episodic_return=400.52
global_step=392512, episodic_return=415.57
global_step=393088, episodic_return=405.41
Eval: global_step=393216, reward=419.42 +/- 1.70
global_step=393664, episodic_return=409.58
global_step=394224, episodic_return=396.08
global_step=394808, episodic_return=405.36
global_step=395388, episodic_return=399.19
global_step=395968, episodic_return=412.71
global_step=396540, episodic_return=400.14
global_step=397120, episodic_return=412.51
global_step=397680, episodic_return=400.46
global_step=398260, episodic_return=414.94
global_step=398844, episodic_return=416.66
global_step=399420, episodic_return=409.22
global_step=399988, episodic_return=403.20
global_step=400588, episodic_return=424.26
global_step=401160, episodic_return=405.41
Eval: global_step=401408, reward=418.42 +/- 1.75
global_step=401736, episodic_return=412.26
global_step=402308, episodic_return=410.34
global_step=402896, episodic_return=413.44
global_step=403492, episodic_return=420.33
global_step=404068, episodic_return=407.60
global_step=404644, episodic_return=407.71
global_step=405232, episodic_return=416.63
global_step=405808, episodic_return=412.53
global_step=406388, episodic_return=406.96
global_step=406948, episodic_return=397.78
global_step=407536, episodic_return=418.95
global_step=408120, episodic_return=411.49
global_step=408684, episodic_return=396.11
global_step=409248, episodic_return=404.60
Eval: global_step=409600, reward=418.55 +/- 1.53
global_step=409812, episodic_return=397.06
global_step=410388, episodic_return=411.29
global_step=410972, episodic_return=403.48
global_step=411556, episodic_return=412.21
global_step=412124, episodic_return=407.25
global_step=412708, episodic_return=409.53
global_step=413288, episodic_return=412.41
global_step=413876, episodic_return=415.77
global_step=414464, episodic_return=417.47
global_step=415052, episodic_return=417.76
global_step=415648, episodic_return=421.60
global_step=416232, episodic_return=408.67
global_step=416800, episodic_return=400.66
global_step=417372, episodic_return=405.95
Eval: global_step=417792, reward=420.25 +/- 1.50
global_step=417932, episodic_return=391.91
global_step=418512, episodic_return=407.42
global_step=419088, episodic_return=408.62
global_step=419664, episodic_return=404.84
global_step=420260, episodic_return=421.26
global_step=420836, episodic_return=411.66
global_step=421412, episodic_return=406.22
global_step=421980, episodic_return=397.54
global_step=422564, episodic_return=411.64
global_step=423136, episodic_return=403.41
global_step=423720, episodic_return=407.75
global_step=424312, episodic_return=415.67
global_step=424908, episodic_return=417.90
global_step=425492, episodic_return=417.98
Eval: global_step=425984, reward=421.22 +/- 1.76
global_step=426060, episodic_return=406.69
global_step=426644, episodic_return=407.81
global_step=427236, episodic_return=421.57
global_step=427816, episodic_return=405.18
global_step=428384, episodic_return=400.90
global_step=428960, episodic_return=409.25
global_step=429540, episodic_return=411.60
global_step=430104, episodic_return=395.78
global_step=430696, episodic_return=418.03
global_step=431280, episodic_return=414.20
global_step=431868, episodic_return=415.60
global_step=432440, episodic_return=402.23
global_step=433024, episodic_return=413.71
global_step=433596, episodic_return=402.10
global_step=434160, episodic_return=399.54
Eval: global_step=434176, reward=422.31 +/- 1.72
global_step=434756, episodic_return=417.02
global_step=435332, episodic_return=410.84
global_step=435924, episodic_return=416.58
global_step=436516, episodic_return=418.56
global_step=437080, episodic_return=399.41
global_step=437636, episodic_return=395.74
global_step=438232, episodic_return=427.19
global_step=438808, episodic_return=407.38
global_step=439392, episodic_return=416.99
global_step=439984, episodic_return=422.47
global_step=440572, episodic_return=416.69
global_step=441144, episodic_return=399.67
global_step=441716, episodic_return=404.40
global_step=442304, episodic_return=408.25
Eval: global_step=442368, reward=423.27 +/- 1.76
global_step=442880, episodic_return=399.35
global_step=443452, episodic_return=398.50
global_step=444024, episodic_return=397.14
global_step=444608, episodic_return=408.09
global_step=445200, episodic_return=417.44
global_step=445796, episodic_return=423.76
global_step=446380, episodic_return=410.57
global_step=446944, episodic_return=401.51
global_step=447532, episodic_return=414.80
global_step=448112, episodic_return=410.90
global_step=448700, episodic_return=417.07
global_step=449272, episodic_return=400.54
global_step=449852, episodic_return=411.22
global_step=450440, episodic_return=419.34
Eval: global_step=450560, reward=421.37 +/- 2.27
global_step=451004, episodic_return=389.64
global_step=451596, episodic_return=411.78
global_step=452184, episodic_return=417.63
global_step=452776, episodic_return=416.17
global_step=453364, episodic_return=417.81
global_step=453952, episodic_return=416.15
global_step=454540, episodic_return=414.01
global_step=455120, episodic_return=410.71
global_step=455700, episodic_return=395.56
global_step=456280, episodic_return=410.14
global_step=456868, episodic_return=408.76
global_step=457484, episodic_return=428.65
global_step=458060, episodic_return=406.19
global_step=458644, episodic_return=405.27
Eval: global_step=458752, reward=422.81 +/- 1.57
global_step=459228, episodic_return=412.25
global_step=459812, episodic_return=409.77
global_step=460396, episodic_return=412.55
global_step=460988, episodic_return=418.30
global_step=461560, episodic_return=400.64
global_step=462156, episodic_return=423.78
global_step=462740, episodic_return=408.90
global_step=463340, episodic_return=420.49
global_step=463936, episodic_return=415.83
global_step=464532, episodic_return=422.44
global_step=465124, episodic_return=406.54
global_step=465728, episodic_return=425.83
global_step=466328, episodic_return=421.87
global_step=466920, episodic_return=416.52
Eval: global_step=466944, reward=424.22 +/- 1.82
global_step=467520, episodic_return=425.63
global_step=468096, episodic_return=405.32
global_step=468704, episodic_return=432.63
global_step=469324, episodic_return=440.62
global_step=469912, episodic_return=415.68
global_step=470508, episodic_return=417.12
global_step=471108, episodic_return=421.39
global_step=471696, episodic_return=410.36
global_step=472296, episodic_return=420.73
global_step=472888, episodic_return=415.06
global_step=473460, episodic_return=404.06
global_step=474052, episodic_return=414.27
global_step=474640, episodic_return=418.04
Eval: global_step=475136, reward=425.85 +/- 1.83
global_step=475240, episodic_return=425.05
global_step=475852, episodic_return=433.23
global_step=476468, episodic_return=425.41
global_step=477060, episodic_return=415.74
global_step=477652, episodic_return=416.59
global_step=478248, episodic_return=417.77
global_step=478840, episodic_return=419.20
global_step=479428, episodic_return=416.62
global_step=480032, episodic_return=420.21
global_step=480628, episodic_return=422.48
global_step=481216, episodic_return=408.74
global_step=481824, episodic_return=427.15
global_step=482424, episodic_return=420.41
global_step=483040, episodic_return=430.81
Eval: global_step=483328, reward=425.38 +/- 1.65
global_step=483628, episodic_return=414.86
global_step=484224, episodic_return=423.51
global_step=484828, episodic_return=426.78
global_step=485408, episodic_return=411.52
global_step=486000, episodic_return=418.72
global_step=486588, episodic_return=413.84
global_step=487220, episodic_return=448.07
global_step=487816, episodic_return=419.77
global_step=488432, episodic_return=442.49
global_step=489044, episodic_return=440.29
global_step=489636, episodic_return=417.88
global_step=490232, episodic_return=420.09
global_step=490832, episodic_return=426.02
global_step=491444, episodic_return=437.41
Eval: global_step=491520, reward=425.64 +/- 2.44
global_step=492044, episodic_return=424.22
global_step=492640, episodic_return=412.25
global_step=493232, episodic_return=422.35
global_step=493892, episodic_return=487.91
global_step=494488, episodic_return=420.54
global_step=495084, episodic_return=417.48
global_step=495668, episodic_return=418.42
global_step=496272, episodic_return=425.76
global_step=496868, episodic_return=429.29
global_step=497476, episodic_return=427.68
global_step=498076, episodic_return=427.24
global_step=498696, episodic_return=438.89
global_step=499304, episodic_return=431.06
Eval: global_step=499712, reward=427.08 +/- 1.95
global_step=499896, episodic_return=418.26
global_step=500492, episodic_return=417.75
global_step=501080, episodic_return=412.10
global_step=501688, episodic_return=436.13
global_step=502272, episodic_return=417.55
global_step=502852, episodic_return=412.37
global_step=503448, episodic_return=421.72
global_step=504048, episodic_return=426.63
global_step=504656, episodic_return=425.17
global_step=505260, episodic_return=425.96
global_step=505852, episodic_return=418.49
global_step=506460, episodic_return=429.51
global_step=507048, episodic_return=418.66
global_step=507652, episodic_return=436.60
Eval: global_step=507904, reward=427.24 +/- 2.63
global_step=508244, episodic_return=411.11
global_step=508840, episodic_return=421.02
global_step=509428, episodic_return=414.85
global_step=510024, episodic_return=421.21
global_step=510620, episodic_return=420.68
global_step=511228, episodic_return=436.72
global_step=511824, episodic_return=423.56
global_step=512420, episodic_return=423.58
global_step=513020, episodic_return=426.96
global_step=513608, episodic_return=412.34
global_step=514220, episodic_return=438.21
global_step=514808, episodic_return=413.38
global_step=515384, episodic_return=403.80
global_step=515980, episodic_return=420.40
Eval: global_step=516096, reward=425.43 +/- 6.47
global_step=516572, episodic_return=412.42
global_step=517184, episodic_return=429.51
global_step=517776, episodic_return=418.89
global_step=518376, episodic_return=427.76
global_step=518996, episodic_return=445.29
global_step=519596, episodic_return=422.59
global_step=520188, episodic_return=426.02
global_step=520844, episodic_return=495.02
global_step=521436, episodic_return=419.67
global_step=522016, episodic_return=413.04
global_step=522616, episodic_return=422.85
global_step=523212, episodic_return=422.84
global_step=523820, episodic_return=436.61
Eval: global_step=524288, reward=431.15 +/- 9.86
global_step=524448, episodic_return=451.67
global_step=525040, episodic_return=419.60
global_step=525628, episodic_return=421.24
global_step=526300, episodic_return=506.29
global_step=526884, episodic_return=412.99
global_step=527464, episodic_return=409.69
global_step=528076, episodic_return=436.06
global_step=528672, episodic_return=422.75
global_step=529256, episodic_return=415.74
global_step=529844, episodic_return=412.82
global_step=530468, episodic_return=452.42
global_step=531068, episodic_return=422.83
global_step=531668, episodic_return=435.77
global_step=532272, episodic_return=436.96
Eval: global_step=532480, reward=439.00 +/- 10.85
global_step=532888, episodic_return=435.61
global_step=533484, episodic_return=427.76
global_step=534092, episodic_return=430.18
global_step=534688, episodic_return=418.56
global_step=535256, episodic_return=402.53
global_step=535868, episodic_return=430.08
global_step=536468, episodic_return=424.14
global_step=537072, episodic_return=425.36
global_step=537660, episodic_return=415.59
global_step=538272, episodic_return=439.12
global_step=538864, episodic_return=427.07
global_step=539484, episodic_return=447.27
global_step=540068, episodic_return=414.81
Eval: global_step=540672, reward=444.43 +/- 6.23
global_step=540680, episodic_return=436.92
global_step=541300, episodic_return=448.16
global_step=541896, episodic_return=420.00
global_step=542496, episodic_return=424.81
global_step=543084, episodic_return=416.32
global_step=543672, episodic_return=419.39
global_step=544328, episodic_return=484.50
global_step=544932, episodic_return=428.89
global_step=545528, episodic_return=422.41
global_step=546116, episodic_return=414.82
global_step=546736, episodic_return=441.59
global_step=547344, episodic_return=432.96
global_step=547944, episodic_return=427.82
global_step=548540, episodic_return=426.96
Eval: global_step=548864, reward=446.32 +/- 11.78
global_step=549120, episodic_return=408.55
global_step=549756, episodic_return=469.21
global_step=550348, episodic_return=422.35
global_step=550976, episodic_return=454.26
global_step=551584, episodic_return=438.45
global_step=552208, episodic_return=452.15
global_step=552812, episodic_return=434.88
global_step=553432, episodic_return=451.63
global_step=554036, episodic_return=433.72
global_step=554712, episodic_return=513.16
global_step=555332, episodic_return=447.13
global_step=555956, episodic_return=445.06
global_step=556596, episodic_return=472.34
Eval: global_step=557056, reward=470.89 +/- 21.15
global_step=557196, episodic_return=430.94
global_step=557812, episodic_return=444.74
global_step=558420, episodic_return=432.74
global_step=559136, episodic_return=553.64
global_step=559832, episodic_return=532.62
global_step=560516, episodic_return=516.98
global_step=561148, episodic_return=469.09
global_step=561752, episodic_return=433.96
global_step=562376, episodic_return=456.53
global_step=563000, episodic_return=451.27
global_step=563608, episodic_return=431.16
global_step=564288, episodic_return=514.80
global_step=564916, episodic_return=459.64
Eval: global_step=565248, reward=484.99 +/- 16.56
global_step=565556, episodic_return=474.57
global_step=566140, episodic_return=411.74
global_step=566776, episodic_return=458.95
global_step=567436, episodic_return=492.95
global_step=568092, episodic_return=487.05
global_step=568728, episodic_return=471.24
global_step=569400, episodic_return=506.31
global_step=570024, episodic_return=458.16
global_step=570668, episodic_return=477.10
global_step=571272, episodic_return=434.21
global_step=571928, episodic_return=487.82
global_step=572572, episodic_return=475.64
global_step=573236, episodic_return=500.17
Eval: global_step=573440, reward=512.19 +/- 22.85
global_step=573852, episodic_return=443.81
global_step=574508, episodic_return=495.58
global_step=575216, episodic_return=540.65
global_step=575828, episodic_return=438.97
global_step=576528, episodic_return=538.73
global_step=577240, episodic_return=544.00
global_step=577920, episodic_return=516.54
global_step=578628, episodic_return=543.57
global_step=579268, episodic_return=476.00
global_step=579872, episodic_return=434.69
global_step=580496, episodic_return=457.93
global_step=581216, episodic_return=559.28
Eval: global_step=581632, reward=534.37 +/- 19.34
global_step=581840, episodic_return=460.45
global_step=582436, episodic_return=422.95
global_step=583060, episodic_return=453.11
global_step=583648, episodic_return=422.97
global_step=584340, episodic_return=529.64
global_step=584980, episodic_return=474.83
global_step=585652, episodic_return=510.06
global_step=586352, episodic_return=538.64
global_step=587048, episodic_return=523.15
global_step=587740, episodic_return=533.44
global_step=588404, episodic_return=499.07
global_step=589020, episodic_return=440.96
global_step=589680, episodic_return=493.15
Eval: global_step=589824, reward=551.22 +/- 8.13
global_step=590380, episodic_return=535.68
global_step=591008, episodic_return=461.12
global_step=591616, episodic_return=433.97
global_step=592292, episodic_return=517.17
global_step=592928, episodic_return=468.41
global_step=593636, episodic_return=546.75
global_step=594312, episodic_return=515.76
global_step=594964, episodic_return=488.83
global_step=595640, episodic_return=514.60
global_step=596320, episodic_return=515.17
global_step=596996, episodic_return=518.19
global_step=597688, episodic_return=528.10
Eval: global_step=598016, reward=566.38 +/- 9.91
global_step=598376, episodic_return=525.86
global_step=599044, episodic_return=505.33
global_step=599680, episodic_return=468.32
global_step=600360, episodic_return=517.49
global_step=601040, episodic_return=510.61
global_step=601704, episodic_return=499.39
global_step=602420, episodic_return=556.41
global_step=603132, episodic_return=544.30
global_step=603792, episodic_return=490.65
global_step=604460, episodic_return=499.93
global_step=605208, episodic_return=582.73
global_step=605852, episodic_return=478.74
Eval: global_step=606208, reward=587.14 +/- 10.81
global_step=606556, episodic_return=547.31
global_step=607288, episodic_return=571.86
global_step=607920, episodic_return=464.34
global_step=608616, episodic_return=525.51
global_step=609348, episodic_return=563.53
global_step=610076, episodic_return=560.78
global_step=610820, episodic_return=579.34
global_step=611488, episodic_return=501.69
global_step=612168, episodic_return=517.95
global_step=612808, episodic_return=444.51
global_step=613448, episodic_return=478.94
global_step=614168, episodic_return=553.99
Eval: global_step=614400, reward=591.77 +/- 11.47
global_step=614800, episodic_return=468.34
global_step=615540, episodic_return=557.19
global_step=616260, episodic_return=560.08
global_step=617012, episodic_return=577.22
global_step=617732, episodic_return=552.72
global_step=618452, episodic_return=555.15
global_step=619160, episodic_return=554.52
global_step=619888, episodic_return=564.03
global_step=620640, episodic_return=583.17
global_step=621340, episodic_return=532.97
global_step=622112, episodic_return=601.08
Eval: global_step=622592, reward=596.81 +/- 9.18
global_step=622852, episodic_return=573.59
global_step=623536, episodic_return=519.94
global_step=624304, episodic_return=595.26
global_step=625100, episodic_return=621.45
global_step=625872, episodic_return=603.20
global_step=626656, episodic_return=609.99
global_step=627384, episodic_return=561.69
global_step=628136, episodic_return=583.52
global_step=628896, episodic_return=591.41
global_step=629556, episodic_return=502.43
global_step=630264, episodic_return=545.06
Eval: global_step=630784, reward=596.30 +/- 14.76
global_step=631016, episodic_return=570.82
global_step=631764, episodic_return=582.69
global_step=632488, episodic_return=548.38
global_step=633224, episodic_return=554.61
global_step=633936, episodic_return=547.48
global_step=634660, episodic_return=548.93
global_step=635448, episodic_return=618.32
global_step=636152, episodic_return=542.90
global_step=636872, episodic_return=560.85
global_step=637576, episodic_return=534.63
global_step=638248, episodic_return=511.88
Eval: global_step=638976, reward=597.50 +/- 12.25
global_step=639000, episodic_return=580.25
global_step=639752, episodic_return=587.19
global_step=640448, episodic_return=516.17
global_step=641188, episodic_return=568.31
global_step=641940, episodic_return=584.84
global_step=642672, episodic_return=566.70
global_step=643264, episodic_return=413.96
global_step=644012, episodic_return=578.08
global_step=644788, episodic_return=600.67
global_step=645508, episodic_return=561.99
global_step=646220, episodic_return=523.26
global_step=646968, episodic_return=580.26
Eval: global_step=647168, reward=601.80 +/- 17.70
global_step=647752, episodic_return=613.44
global_step=648488, episodic_return=573.55
global_step=649216, episodic_return=561.44
global_step=649932, episodic_return=549.85
global_step=650636, episodic_return=516.04
global_step=651372, episodic_return=567.42
global_step=652096, episodic_return=559.17
global_step=652860, episodic_return=590.59
global_step=653628, episodic_return=596.77
global_step=654356, episodic_return=547.63
global_step=655072, episodic_return=554.68
Eval: global_step=655360, reward=600.76 +/- 8.56
global_step=655836, episodic_return=600.97
global_step=656608, episodic_return=607.53
global_step=657316, episodic_return=529.62
global_step=658088, episodic_return=602.23
global_step=658820, episodic_return=563.65
global_step=659604, episodic_return=613.21
global_step=660360, episodic_return=588.81
global_step=661128, episodic_return=602.16
global_step=661888, episodic_return=593.92
global_step=662624, episodic_return=571.50
global_step=663356, episodic_return=570.67
Eval: global_step=663552, reward=605.41 +/- 6.17
global_step=664140, episodic_return=616.19
global_step=664912, episodic_return=605.60
global_step=665648, episodic_return=572.23
global_step=666424, episodic_return=610.97
global_step=667176, episodic_return=572.99
global_step=667944, episodic_return=599.71
global_step=668712, episodic_return=600.52
global_step=669440, episodic_return=547.35
global_step=670228, episodic_return=617.53
global_step=671008, episodic_return=609.09
Eval: global_step=671744, reward=606.73 +/- 5.76
global_step=671776, episodic_return=596.60
global_step=672524, episodic_return=582.96
global_step=673300, episodic_return=606.78
global_step=674072, episodic_return=601.71
global_step=674836, episodic_return=598.87
global_step=675632, episodic_return=619.32
global_step=676376, episodic_return=575.30
global_step=677164, episodic_return=615.34
global_step=677952, episodic_return=612.13
global_step=678740, episodic_return=618.25
global_step=679516, episodic_return=605.39
Eval: global_step=679936, reward=606.78 +/- 6.67
global_step=680292, episodic_return=606.09
global_step=681052, episodic_return=593.80
global_step=681832, episodic_return=607.73
global_step=682624, episodic_return=623.88
global_step=683384, episodic_return=586.57
global_step=684180, episodic_return=620.40
global_step=684964, episodic_return=611.47
global_step=685732, episodic_return=601.14
global_step=686492, episodic_return=590.44
global_step=687284, episodic_return=613.72
global_step=688056, episodic_return=596.39
Eval: global_step=688128, reward=619.65 +/- 6.84
global_step=688840, episodic_return=609.82
global_step=689616, episodic_return=609.38
global_step=690384, episodic_return=598.40
global_step=691140, episodic_return=588.10
global_step=691888, episodic_return=574.37
global_step=692680, episodic_return=617.72
global_step=693436, episodic_return=594.38
global_step=694208, episodic_return=604.10
global_step=694976, episodic_return=601.76
global_step=695772, episodic_return=621.47
Eval: global_step=696320, reward=621.13 +/- 10.76
global_step=696564, episodic_return=614.13
global_step=697352, episodic_return=610.29
global_step=698152, episodic_return=627.34
global_step=698940, episodic_return=616.21
global_step=699728, episodic_return=613.26
global_step=700472, episodic_return=578.84
global_step=701232, episodic_return=591.92
global_step=701984, episodic_return=582.04
global_step=702752, episodic_return=596.75
global_step=703552, episodic_return=629.56
global_step=704372, episodic_return=648.23
Eval: global_step=704512, reward=622.26 +/- 6.80
global_step=705136, episodic_return=596.42
global_step=705920, episodic_return=615.08
global_step=706664, episodic_return=581.53
global_step=707456, episodic_return=621.38
global_step=708224, episodic_return=600.93
global_step=708980, episodic_return=589.08
global_step=709756, episodic_return=609.55
global_step=710544, episodic_return=615.18
global_step=711332, episodic_return=613.32
global_step=712104, episodic_return=600.77
Eval: global_step=712704, reward=628.84 +/- 7.95
global_step=712884, episodic_return=609.57
global_step=713672, episodic_return=613.23
global_step=714496, episodic_return=641.72
global_step=715284, episodic_return=616.91
global_step=716060, episodic_return=602.05
global_step=716872, episodic_return=634.96
global_step=717660, episodic_return=612.17
global_step=718420, episodic_return=597.51
global_step=719240, episodic_return=644.32
global_step=720008, episodic_return=600.94
global_step=720748, episodic_return=576.75
Eval: global_step=720896, reward=628.86 +/- 5.34
global_step=721524, episodic_return=606.62
global_step=722296, episodic_return=600.05
global_step=723088, episodic_return=620.20
global_step=723884, episodic_return=621.59
global_step=724712, episodic_return=646.55
global_step=725488, episodic_return=600.41
global_step=726328, episodic_return=652.85
global_step=727088, episodic_return=587.76
global_step=727856, episodic_return=596.85
global_step=728620, episodic_return=594.46
Eval: global_step=729088, reward=637.07 +/- 4.82
global_step=729392, episodic_return=600.38
global_step=730200, episodic_return=625.76
global_step=730996, episodic_return=623.43
global_step=731768, episodic_return=600.12
global_step=732576, episodic_return=633.10
global_step=733380, episodic_return=631.47
global_step=734204, episodic_return=643.21
global_step=734996, episodic_return=612.68
global_step=735796, episodic_return=629.40
global_step=736576, episodic_return=597.56
Eval: global_step=737280, reward=651.72 +/- 1.92
global_step=737368, episodic_return=622.84
global_step=738152, episodic_return=608.25
global_step=738924, episodic_return=602.33
global_step=739728, episodic_return=632.37
global_step=740496, episodic_return=600.80
global_step=741256, episodic_return=590.17
global_step=742076, episodic_return=644.41
global_step=742860, episodic_return=616.39
global_step=743672, episodic_return=640.16
global_step=744476, episodic_return=626.80
global_step=745288, episodic_return=634.99
Eval: global_step=745472, reward=649.85 +/- 4.98
global_step=746064, episodic_return=603.23
global_step=746888, episodic_return=645.60
global_step=747676, episodic_return=610.24
global_step=748464, episodic_return=611.58
global_step=749312, episodic_return=662.63
global_step=750092, episodic_return=614.07
global_step=750912, episodic_return=642.57
global_step=751716, episodic_return=629.65
global_step=752536, episodic_return=642.43
global_step=753320, episodic_return=611.65
Eval: global_step=753664, reward=654.99 +/- 5.80
global_step=754120, episodic_return=625.07
global_step=754908, episodic_return=611.84
global_step=755732, episodic_return=647.12
global_step=756572, episodic_return=653.48
global_step=757336, episodic_return=595.48
global_step=758188, episodic_return=664.90
global_step=758984, episodic_return=625.60
global_step=759784, episodic_return=623.69
global_step=760572, episodic_return=618.93
global_step=761356, episodic_return=618.41
Eval: global_step=761856, reward=659.05 +/- 3.12
global_step=762196, episodic_return=662.06
global_step=763020, episodic_return=641.18
global_step=763844, episodic_return=648.58
global_step=764672, episodic_return=652.39
global_step=765500, episodic_return=644.46
global_step=766348, episodic_return=663.04
global_step=767168, episodic_return=644.22
global_step=768004, episodic_return=656.40
global_step=768844, episodic_return=653.84
global_step=769628, episodic_return=616.30
Eval: global_step=770048, reward=662.14 +/- 3.04
global_step=770452, episodic_return=646.27
global_step=771320, episodic_return=678.53
global_step=772144, episodic_return=647.13
global_step=772960, episodic_return=646.32
global_step=773780, episodic_return=645.22
global_step=774636, episodic_return=669.47
global_step=775460, episodic_return=650.76
global_step=776288, episodic_return=650.78
global_step=777132, episodic_return=664.65
global_step=777936, episodic_return=630.44
Eval: global_step=778240, reward=667.50 +/- 3.95
global_step=778768, episodic_return=653.91
global_step=779564, episodic_return=621.71
global_step=780404, episodic_return=659.36
global_step=781224, episodic_return=645.71
global_step=782084, episodic_return=671.46
global_step=782884, episodic_return=629.99
global_step=783700, episodic_return=642.66
global_step=784496, episodic_return=627.11
global_step=785340, episodic_return=661.26
global_step=786160, episodic_return=647.91
Eval: global_step=786432, reward=676.95 +/- 1.23
global_step=786948, episodic_return=618.60
global_step=787788, episodic_return=664.31
global_step=788652, episodic_return=668.22
global_step=789516, episodic_return=673.72
global_step=790320, episodic_return=634.37
global_step=791120, episodic_return=629.05
global_step=792016, episodic_return=692.55
global_step=792840, episodic_return=645.80
global_step=793672, episodic_return=651.35
global_step=794512, episodic_return=659.82
Eval: global_step=794624, reward=682.17 +/- 2.70
global_step=795360, episodic_return=655.52
global_step=796232, episodic_return=676.88
global_step=797068, episodic_return=655.48
global_step=797852, episodic_return=615.27
global_step=798688, episodic_return=656.69
global_step=799540, episodic_return=668.96
global_step=800356, episodic_return=646.65
global_step=801152, episodic_return=627.57
global_step=802000, episodic_return=659.80
Eval: global_step=802816, reward=681.82 +/- 2.10
global_step=802856, episodic_return=667.81
global_step=803716, episodic_return=669.62
global_step=804576, episodic_return=668.11
global_step=805436, episodic_return=666.36
global_step=806312, episodic_return=677.56
global_step=807148, episodic_return=654.57
global_step=807984, episodic_return=655.20
global_step=808848, episodic_return=671.65
global_step=809680, episodic_return=656.66
global_step=810588, episodic_return=703.36
Eval: global_step=811008, reward=702.72 +/- 18.15
global_step=811508, episodic_return=728.18
global_step=812372, episodic_return=675.09
global_step=813208, episodic_return=653.75
global_step=814084, episodic_return=680.80
global_step=814920, episodic_return=658.40
global_step=815780, episodic_return=666.16
global_step=816668, episodic_return=691.05
global_step=817540, episodic_return=678.90
global_step=818444, episodic_return=704.80
Eval: global_step=819200, reward=700.45 +/- 17.60
global_step=819248, episodic_return=633.77
global_step=820116, episodic_return=676.65
global_step=821052, episodic_return=745.12
global_step=821936, episodic_return=685.01
global_step=822804, episodic_return=665.88
global_step=823668, episodic_return=672.25
global_step=824520, episodic_return=665.23
global_step=825404, episodic_return=685.07
global_step=826272, episodic_return=675.47
global_step=827120, episodic_return=664.00
Eval: global_step=827392, reward=697.91 +/- 12.77
global_step=828000, episodic_return=687.70
global_step=828860, episodic_return=672.05
global_step=829852, episodic_return=795.93
global_step=830724, episodic_return=678.39
global_step=831596, episodic_return=675.61
global_step=832480, episodic_return=685.98
global_step=833368, episodic_return=692.32
global_step=834252, episodic_return=686.15
global_step=835116, episodic_return=671.57
Eval: global_step=835584, reward=775.10 +/- 9.07
global_step=836044, episodic_return=706.49
global_step=836904, episodic_return=665.92
global_step=837816, episodic_return=714.16
global_step=838732, episodic_return=718.89
global_step=839804, episodic_return=865.34
global_step=840684, episodic_return=683.52
global_step=841544, episodic_return=667.31
global_step=842396, episodic_return=668.75
global_step=843268, episodic_return=676.61
Eval: global_step=843776, reward=782.48 +/- 17.67
global_step=844144, episodic_return=681.52
global_step=845032, episodic_return=689.71
global_step=845984, episodic_return=761.94
global_step=846848, episodic_return=673.59
global_step=847772, episodic_return=724.74
global_step=848640, episodic_return=674.85
global_step=849500, episodic_return=672.67
global_step=850360, episodic_return=668.51
global_step=851324, episodic_return=775.17
Eval: global_step=851968, reward=790.02 +/- 7.90
global_step=852204, episodic_return=682.91
global_step=853168, episodic_return=769.82
global_step=854036, episodic_return=677.51
global_step=854996, episodic_return=772.88
global_step=855880, episodic_return=687.97
global_step=856836, episodic_return=745.45
global_step=857816, episodic_return=790.02
global_step=858776, episodic_return=774.40
global_step=859968, episodic_return=950.91
Eval: global_step=860160, reward=837.76 +/- 32.74
global_step=860916, episodic_return=731.52
global_step=861920, episodic_return=802.00
global_step=862892, episodic_return=781.54
global_step=863824, episodic_return=739.77
global_step=864716, episodic_return=699.51
global_step=865604, episodic_return=690.32
global_step=866588, episodic_return=791.11
global_step=867568, episodic_return=757.55
Eval: global_step=868352, reward=864.39 +/- 9.67
global_step=868688, episodic_return=912.54
global_step=869596, episodic_return=713.65
global_step=870568, episodic_return=781.20
global_step=871636, episodic_return=860.91
global_step=872656, episodic_return=809.11
global_step=873528, episodic_return=674.95
global_step=874416, episodic_return=693.91
global_step=875364, episodic_return=756.28
global_step=876304, episodic_return=720.24
Eval: global_step=876544, reward=873.53 +/- 10.38
global_step=877272, episodic_return=775.63
global_step=878348, episodic_return=877.00
global_step=879632, episodic_return=1031.77
global_step=880616, episodic_return=776.57
global_step=881608, episodic_return=759.33
global_step=882700, episodic_return=878.17
global_step=883636, episodic_return=716.90
global_step=884636, episodic_return=788.71
Eval: global_step=884736, reward=872.91 +/- 13.48
global_step=885784, episodic_return=928.28
global_step=886888, episodic_return=893.20
global_step=888044, episodic_return=925.54
global_step=889088, episodic_return=837.84
global_step=890048, episodic_return=745.37
global_step=891192, episodic_return=923.63
global_step=892156, episodic_return=747.69
Eval: global_step=892928, reward=875.78 +/- 8.37
global_step=893272, episodic_return=906.09
global_step=894372, episodic_return=890.28
global_step=895428, episodic_return=854.66
global_step=896480, episodic_return=831.63
global_step=897544, episodic_return=857.08
global_step=898504, episodic_return=747.41
global_step=899476, episodic_return=779.35
global_step=900468, episodic_return=790.09
Eval: global_step=901120, reward=883.10 +/- 7.64
global_step=901512, episodic_return=841.23
global_step=902472, episodic_return=764.60
global_step=903556, episodic_return=881.85
global_step=904664, episodic_return=895.45
global_step=905748, episodic_return=876.80
global_step=906712, episodic_return=771.39
global_step=907876, episodic_return=932.61
global_step=908968, episodic_return=876.89
Eval: global_step=909312, reward=891.28 +/- 6.49
global_step=910032, episodic_return=861.80
global_step=911100, episodic_return=854.96
global_step=912176, episodic_return=865.00
global_step=913268, episodic_return=886.97
global_step=914336, episodic_return=869.17
global_step=915288, episodic_return=737.82
global_step=916384, episodic_return=884.37
global_step=917496, episodic_return=898.79
Eval: global_step=917504, reward=899.34 +/- 8.15
global_step=918604, episodic_return=900.43
global_step=919712, episodic_return=893.94
global_step=920712, episodic_return=793.54
global_step=921764, episodic_return=838.50
global_step=922816, episodic_return=849.71
global_step=923792, episodic_return=760.10
global_step=924736, episodic_return=749.35
Eval: global_step=925696, reward=938.64 +/- 61.95
global_step=925824, episodic_return=882.14
global_step=926944, episodic_return=900.80
global_step=928120, episodic_return=937.42
global_step=929124, episodic_return=797.85
global_step=930152, episodic_return=831.02
global_step=931128, episodic_return=771.75
global_step=932212, episodic_return=875.91
global_step=933408, episodic_return=959.55
Eval: global_step=933888, reward=939.13 +/- 24.83
global_step=934496, episodic_return=885.40
global_step=935580, episodic_return=877.02
global_step=936960, episodic_return=1110.95
global_step=938108, episodic_return=931.82
global_step=939256, episodic_return=933.15
global_step=940404, episodic_return=921.90
global_step=941544, episodic_return=907.35
Eval: global_step=942080, reward=921.91 +/- 27.29
global_step=942648, episodic_return=895.43
global_step=943576, episodic_return=740.06
global_step=944660, episodic_return=872.21
global_step=945852, episodic_return=942.09
global_step=947016, episodic_return=923.27
global_step=947996, episodic_return=793.35
global_step=949148, episodic_return=927.85
Eval: global_step=950272, reward=919.66 +/- 8.72
global_step=950288, episodic_return=923.84
global_step=951424, episodic_return=904.37
global_step=952392, episodic_return=758.89
global_step=953524, episodic_return=914.90
global_step=954644, episodic_return=889.24
global_step=955912, episodic_return=1026.50
global_step=956996, episodic_return=879.83
global_step=958016, episodic_return=809.87
Eval: global_step=958464, reward=917.23 +/- 15.43
global_step=959144, episodic_return=911.85
global_step=960252, episodic_return=902.85
global_step=961372, episodic_return=915.15
global_step=962516, episodic_return=922.58
global_step=963592, episodic_return=872.48
global_step=964688, episodic_return=886.25
global_step=965788, episodic_return=887.62
Eval: global_step=966656, reward=931.34 +/- 18.48
global_step=966872, episodic_return=873.36
global_step=967976, episodic_return=898.08
global_step=969080, episodic_return=869.21
global_step=970180, episodic_return=881.01
global_step=971248, episodic_return=796.90
global_step=972356, episodic_return=901.20
global_step=973832, episodic_return=1184.65
Eval: global_step=974848, reward=927.25 +/- 14.58
global_step=975004, episodic_return=944.30
global_step=976084, episodic_return=871.50
global_step=977196, episodic_return=895.45
global_step=978260, episodic_return=859.05
global_step=979360, episodic_return=892.09
global_step=980376, episodic_return=800.46
global_step=981484, episodic_return=899.09
global_step=982668, episodic_return=941.11
Eval: global_step=983040, reward=936.47 +/- 12.02
global_step=983796, episodic_return=907.52
global_step=985200, episodic_return=1125.90
global_step=986304, episodic_return=891.09
global_step=987396, episodic_return=884.35
global_step=988508, episodic_return=908.12
global_step=989652, episodic_return=925.33
global_step=990832, episodic_return=938.73
Eval: global_step=991232, reward=959.26 +/- 39.63
global_step=991932, episodic_return=894.63
global_step=993080, episodic_return=920.25
global_step=994224, episodic_return=927.03
global_step=995348, episodic_return=915.38
global_step=996468, episodic_return=904.67
global_step=997548, episodic_return=874.66
global_step=998792, episodic_return=989.21
Eval: global_step=999424, reward=952.73 +/- 27.00
global_step=999900, episodic_return=894.78
global_step=1001088, episodic_return=940.35
global_step=1002380, episodic_return=1028.95
global_step=1003520, episodic_return=907.92
global_step=1004704, episodic_return=952.62
global_step=1005764, episodic_return=861.21
global_step=1006992, episodic_return=978.72
Eval: global_step=1007616, reward=984.34 +/- 39.70
global_step=1008216, episodic_return=967.74
global_step=1009416, episodic_return=907.76
global_step=1010596, episodic_return=916.22
global_step=1012048, episodic_return=1183.07
global_step=1012588, episodic_return=323.04
global_step=1013892, episodic_return=1064.13
global_step=1015060, episodic_return=925.50
Eval: global_step=1015808, reward=949.47 +/- 29.39
global_step=1016196, episodic_return=921.09
global_step=1017296, episodic_return=888.36
global_step=1018444, episodic_return=923.33
global_step=1019596, episodic_return=933.91
global_step=1020888, episodic_return=1052.86
global_step=1022104, episodic_return=964.90
global_step=1023264, episodic_return=936.16
Eval: global_step=1024000, reward=939.93 +/- 34.18
global_step=1024328, episodic_return=864.34
global_step=1025460, episodic_return=843.74
global_step=1026612, episodic_return=926.49
global_step=1027736, episodic_return=899.11
global_step=1028856, episodic_return=906.76
global_step=1030312, episodic_return=1175.19
global_step=1031516, episodic_return=946.24
Eval: global_step=1032192, reward=949.36 +/- 35.39
global_step=1032660, episodic_return=912.36
global_step=1033856, episodic_return=949.81
global_step=1035052, episodic_return=950.03
global_step=1036112, episodic_return=860.11
global_step=1037268, episodic_return=930.62
global_step=1038380, episodic_return=899.28
global_step=1039444, episodic_return=848.07
Eval: global_step=1040384, reward=934.66 +/- 45.25
global_step=1040672, episodic_return=985.68
global_step=1041840, episodic_return=939.55
global_step=1042960, episodic_return=910.71
global_step=1044036, episodic_return=867.73
global_step=1045204, episodic_return=926.47
global_step=1046420, episodic_return=976.03
global_step=1047580, episodic_return=892.37
Eval: global_step=1048576, reward=954.34 +/- 55.96
global_step=1048808, episodic_return=982.24
global_step=1049932, episodic_return=912.18
global_step=1051056, episodic_return=905.03
global_step=1051588, episodic_return=314.55
global_step=1052788, episodic_return=949.52
global_step=1053852, episodic_return=859.57
global_step=1055048, episodic_return=945.97
global_step=1056164, episodic_return=902.39
Eval: global_step=1056768, reward=979.07 +/- 65.81
global_step=1057464, episodic_return=1025.41
global_step=1058736, episodic_return=1028.43
global_step=1059908, episodic_return=887.91
global_step=1061216, episodic_return=1047.11
global_step=1062276, episodic_return=852.59
global_step=1063412, episodic_return=909.79
global_step=1064716, episodic_return=1057.63
