/scratch1/tsa5252/anaconda3/envs/spiceenv/lib/python3.8/site-packages/hydra/_internal/defaults_list.py:251: UserWarning: In 'config': Defaults list is missing `_self_`. See https://hydra.cc/docs/1.2/upgrades/1.0_to_1.1/default_composition_order for more information
  warnings.warn(msg, UserWarning)
[[36m2026-03-01 13:05:55,948[0m][[34mOpenGL.acceleratesupport[0m][[32mINFO[0m] - No OpenGL_accelerate module loaded: No module named 'OpenGL_accelerate'[0m
Starting PPO Teacher Training on Hopper-v5...
Initialized ContinuousAgent for Hopper-v5 with actor_logstd = 0.0
Initialized ContinuousAgent for Hopper-v5 with actor_logstd = 0.0
global_step=64, episodic_return=5.61
global_step=304, episodic_return=105.69
global_step=344, episodic_return=3.47
global_step=400, episodic_return=8.67
global_step=472, episodic_return=10.67
global_step=560, episodic_return=24.11
global_step=636, episodic_return=17.14
global_step=696, episodic_return=6.75
global_step=756, episodic_return=12.66
global_step=820, episodic_return=10.43
global_step=872, episodic_return=9.31
global_step=1008, episodic_return=28.92
global_step=1064, episodic_return=6.92
global_step=1104, episodic_return=5.75
global_step=1220, episodic_return=30.12
global_step=1276, episodic_return=8.26
global_step=1360, episodic_return=10.25
global_step=1428, episodic_return=11.41
global_step=1488, episodic_return=9.31
global_step=1552, episodic_return=12.25
global_step=1608, episodic_return=9.34
global_step=1664, episodic_return=7.34
global_step=1840, episodic_return=66.79
global_step=1932, episodic_return=24.55
global_step=2000, episodic_return=10.12
global_step=2108, episodic_return=10.62
global_step=2144, episodic_return=4.32
global_step=2216, episodic_return=17.70
global_step=2272, episodic_return=9.15
global_step=2320, episodic_return=3.29
global_step=2376, episodic_return=9.11
global_step=2524, episodic_return=32.38
global_step=2580, episodic_return=8.41
global_step=2664, episodic_return=9.45
global_step=2704, episodic_return=5.61
global_step=2800, episodic_return=12.84
global_step=2848, episodic_return=6.36
global_step=2920, episodic_return=3.59
global_step=2968, episodic_return=8.37
global_step=3068, episodic_return=11.51
global_step=3112, episodic_return=6.71
global_step=3180, episodic_return=9.82
global_step=3232, episodic_return=9.56
global_step=3276, episodic_return=7.46
global_step=3312, episodic_return=4.53
global_step=3440, episodic_return=40.62
global_step=3484, episodic_return=7.63
global_step=3624, episodic_return=6.80
global_step=3712, episodic_return=8.88
global_step=3840, episodic_return=9.27
global_step=3916, episodic_return=6.75
global_step=4024, episodic_return=11.09
global_step=4108, episodic_return=14.66
global_step=4196, episodic_return=20.38
global_step=4300, episodic_return=9.41
global_step=4372, episodic_return=11.93
global_step=4432, episodic_return=9.66
global_step=4688, episodic_return=92.35
global_step=4748, episodic_return=13.21
global_step=4816, episodic_return=6.67
global_step=4856, episodic_return=6.25
global_step=4916, episodic_return=9.55
global_step=4956, episodic_return=6.58
global_step=5060, episodic_return=26.67
global_step=5236, episodic_return=44.95
global_step=5296, episodic_return=10.53
global_step=5340, episodic_return=8.09
global_step=5476, episodic_return=37.21
global_step=5564, episodic_return=11.58
global_step=5612, episodic_return=5.33
global_step=5652, episodic_return=5.81
global_step=5700, episodic_return=8.63
global_step=5780, episodic_return=9.52
global_step=5908, episodic_return=7.69
global_step=5976, episodic_return=14.27
global_step=6044, episodic_return=13.95
global_step=6120, episodic_return=10.80
global_step=6208, episodic_return=13.31
global_step=6296, episodic_return=18.86
global_step=6344, episodic_return=6.31
global_step=6404, episodic_return=10.37
global_step=6512, episodic_return=11.08
global_step=6556, episodic_return=5.50
global_step=6596, episodic_return=5.18
global_step=6664, episodic_return=13.54
global_step=6768, episodic_return=10.52
global_step=6816, episodic_return=7.96
global_step=6916, episodic_return=27.28
global_step=7024, episodic_return=13.31
global_step=7088, episodic_return=8.73
global_step=7128, episodic_return=3.96
global_step=7180, episodic_return=6.53
global_step=7232, episodic_return=5.33
global_step=7372, episodic_return=9.26
global_step=7412, episodic_return=6.19
global_step=7556, episodic_return=28.77
global_step=7620, episodic_return=15.87
global_step=7676, episodic_return=7.43
global_step=7748, episodic_return=18.16
global_step=7788, episodic_return=5.48
global_step=7900, episodic_return=14.53
global_step=8028, episodic_return=41.44
global_step=8080, episodic_return=6.98
global_step=8148, episodic_return=6.88
Eval: global_step=8192, reward=1009.31 +/- 0.46
global_step=8308, episodic_return=17.53
global_step=8468, episodic_return=23.51
global_step=8520, episodic_return=9.32
global_step=8612, episodic_return=21.83
global_step=8656, episodic_return=7.63
global_step=8792, episodic_return=25.25
global_step=8976, episodic_return=69.53
global_step=9052, episodic_return=14.67
global_step=9096, episodic_return=6.08
global_step=9168, episodic_return=16.09
global_step=9240, episodic_return=13.25
global_step=9332, episodic_return=21.96
global_step=9452, episodic_return=37.03
global_step=9612, episodic_return=44.50
global_step=9668, episodic_return=7.34
global_step=9768, episodic_return=17.59
global_step=9832, episodic_return=9.23
global_step=9960, episodic_return=23.92
global_step=10032, episodic_return=15.79
global_step=10144, episodic_return=19.47
global_step=10268, episodic_return=16.92
global_step=10408, episodic_return=23.60
global_step=10480, episodic_return=13.91
global_step=10548, episodic_return=10.79
global_step=10628, episodic_return=9.80
global_step=10716, episodic_return=18.46
global_step=10772, episodic_return=11.22
global_step=10844, episodic_return=9.90
global_step=10920, episodic_return=8.18
global_step=10980, episodic_return=8.40
global_step=11112, episodic_return=22.46
global_step=11156, episodic_return=7.32
global_step=11240, episodic_return=17.88
global_step=11376, episodic_return=19.37
global_step=11496, episodic_return=24.55
global_step=11584, episodic_return=11.18
global_step=11640, episodic_return=11.12
global_step=11744, episodic_return=13.54
global_step=11876, episodic_return=23.34
global_step=12044, episodic_return=31.37
global_step=12112, episodic_return=14.88
global_step=12176, episodic_return=5.74
global_step=12256, episodic_return=17.38
global_step=12300, episodic_return=5.55
global_step=12356, episodic_return=9.40
global_step=12416, episodic_return=6.50
global_step=12568, episodic_return=37.13
global_step=12644, episodic_return=16.04
global_step=12764, episodic_return=21.21
global_step=12840, episodic_return=4.82
global_step=12884, episodic_return=6.63
global_step=12924, episodic_return=4.57
global_step=13016, episodic_return=17.69
global_step=13096, episodic_return=9.29
global_step=13140, episodic_return=7.11
global_step=13196, episodic_return=8.70
global_step=13300, episodic_return=26.68
global_step=13368, episodic_return=14.25
global_step=13564, episodic_return=60.15
global_step=13636, episodic_return=9.30
global_step=13692, episodic_return=8.34
global_step=13732, episodic_return=4.79
global_step=13804, episodic_return=14.89
global_step=13900, episodic_return=18.84
global_step=13996, episodic_return=20.92
global_step=14060, episodic_return=10.89
global_step=14148, episodic_return=14.36
global_step=14200, episodic_return=6.49
global_step=14276, episodic_return=15.26
global_step=14340, episodic_return=9.03
global_step=14388, episodic_return=7.46
global_step=14484, episodic_return=8.86
global_step=14544, episodic_return=5.98
global_step=14632, episodic_return=4.93
global_step=14712, episodic_return=16.34
global_step=14776, episodic_return=8.76
global_step=14872, episodic_return=12.24
global_step=14920, episodic_return=7.18
global_step=15052, episodic_return=21.45
global_step=15104, episodic_return=5.45
global_step=15172, episodic_return=5.39
global_step=15252, episodic_return=11.58
global_step=15320, episodic_return=13.45
global_step=15504, episodic_return=53.41
global_step=15584, episodic_return=14.24
global_step=15788, episodic_return=23.85
global_step=15872, episodic_return=12.05
global_step=15992, episodic_return=36.11
global_step=16060, episodic_return=12.42
global_step=16160, episodic_return=16.96
global_step=16232, episodic_return=14.75
global_step=16284, episodic_return=6.85
Eval: global_step=16384, reward=165.17 +/- 0.76
global_step=16476, episodic_return=39.10
global_step=16588, episodic_return=29.41
global_step=16652, episodic_return=12.49
global_step=16724, episodic_return=11.95
global_step=16820, episodic_return=11.63
global_step=17060, episodic_return=72.05
global_step=17112, episodic_return=6.18
global_step=17188, episodic_return=16.76
global_step=17428, episodic_return=92.67
global_step=17536, episodic_return=18.08
global_step=17668, episodic_return=6.83
global_step=17840, episodic_return=29.95
global_step=17928, episodic_return=17.88
global_step=18004, episodic_return=13.97
global_step=18056, episodic_return=9.09
global_step=18136, episodic_return=18.02
global_step=18200, episodic_return=7.96
global_step=18328, episodic_return=25.99
global_step=18552, episodic_return=66.00
global_step=18624, episodic_return=14.62
global_step=18764, episodic_return=35.03
global_step=18848, episodic_return=12.90
global_step=18904, episodic_return=5.66
global_step=19120, episodic_return=69.29
global_step=19256, episodic_return=43.45
global_step=19512, episodic_return=79.72
global_step=19688, episodic_return=71.78
global_step=19884, episodic_return=47.25
global_step=20032, episodic_return=42.16
global_step=20168, episodic_return=31.75
global_step=20216, episodic_return=5.30
global_step=20268, episodic_return=6.74
global_step=20328, episodic_return=8.24
global_step=20548, episodic_return=65.83
global_step=20664, episodic_return=21.54
global_step=20776, episodic_return=21.08
global_step=20832, episodic_return=8.54
global_step=20940, episodic_return=8.19
global_step=21100, episodic_return=30.96
global_step=21164, episodic_return=12.55
global_step=21360, episodic_return=84.72
global_step=21484, episodic_return=29.58
global_step=21644, episodic_return=25.08
global_step=21924, episodic_return=41.06
global_step=22120, episodic_return=49.91
global_step=22184, episodic_return=5.68
global_step=22228, episodic_return=3.97
global_step=22308, episodic_return=9.71
global_step=22392, episodic_return=11.41
global_step=22472, episodic_return=16.27
global_step=22580, episodic_return=16.95
global_step=22664, episodic_return=20.43
global_step=22776, episodic_return=35.98
global_step=22844, episodic_return=11.62
global_step=22936, episodic_return=25.71
global_step=23012, episodic_return=12.58
global_step=23104, episodic_return=11.44
global_step=23196, episodic_return=23.20
global_step=23252, episodic_return=8.13
global_step=23332, episodic_return=17.81
global_step=23556, episodic_return=55.20
global_step=23628, episodic_return=6.09
global_step=23856, episodic_return=103.96
global_step=23948, episodic_return=17.71
global_step=24180, episodic_return=50.11
global_step=24236, episodic_return=8.54
global_step=24312, episodic_return=3.99
global_step=24484, episodic_return=68.42
Eval: global_step=24576, reward=99.79 +/- 5.55
global_step=24620, episodic_return=8.40
global_step=24940, episodic_return=108.79
global_step=25116, episodic_return=32.55
global_step=25208, episodic_return=20.15
global_step=25624, episodic_return=160.43
global_step=25856, episodic_return=59.59
global_step=25912, episodic_return=8.65
global_step=26216, episodic_return=112.10
global_step=26308, episodic_return=19.52
global_step=27092, episodic_return=190.84
global_step=27184, episodic_return=20.19
global_step=27304, episodic_return=20.53
global_step=27588, episodic_return=93.62
global_step=27856, episodic_return=115.82
global_step=28144, episodic_return=91.93
global_step=28328, episodic_return=39.29
global_step=28600, episodic_return=73.10
global_step=28712, episodic_return=22.05
global_step=29024, episodic_return=100.29
global_step=29068, episodic_return=7.01
global_step=29300, episodic_return=91.83
global_step=29376, episodic_return=15.29
global_step=29804, episodic_return=93.60
global_step=30032, episodic_return=102.31
global_step=30108, episodic_return=14.22
global_step=30384, episodic_return=111.80
global_step=30512, episodic_return=25.81
global_step=30808, episodic_return=102.23
global_step=30956, episodic_return=47.70
global_step=31028, episodic_return=14.73
global_step=31320, episodic_return=121.45
global_step=31588, episodic_return=83.15
global_step=31692, episodic_return=26.78
global_step=32068, episodic_return=163.17
global_step=32500, episodic_return=117.82
global_step=32644, episodic_return=24.75
Eval: global_step=32768, reward=137.16 +/- 1.48
global_step=32804, episodic_return=42.42
global_step=33248, episodic_return=102.71
global_step=33744, episodic_return=189.18
global_step=33912, episodic_return=67.25
global_step=34356, episodic_return=179.87
global_step=34656, episodic_return=91.54
global_step=34956, episodic_return=110.38
global_step=35168, episodic_return=86.39
global_step=35336, episodic_return=64.54
global_step=35636, episodic_return=96.48
global_step=36024, episodic_return=187.41
global_step=36244, episodic_return=82.27
global_step=36304, episodic_return=14.43
global_step=36624, episodic_return=114.80
global_step=36848, episodic_return=91.30
global_step=37060, episodic_return=84.27
global_step=37324, episodic_return=125.76
global_step=37380, episodic_return=9.37
global_step=37572, episodic_return=18.49
global_step=37828, episodic_return=92.32
global_step=38004, episodic_return=68.86
global_step=38448, episodic_return=164.32
global_step=38528, episodic_return=17.76
global_step=38832, episodic_return=96.54
global_step=38924, episodic_return=18.40
global_step=39080, episodic_return=54.50
global_step=39328, episodic_return=68.24
global_step=39496, episodic_return=64.41
global_step=39748, episodic_return=77.53
global_step=39984, episodic_return=81.30
global_step=40240, episodic_return=89.97
global_step=40452, episodic_return=87.58
global_step=40800, episodic_return=122.48
Eval: global_step=40960, reward=59.02 +/- 0.72
global_step=41160, episodic_return=176.89
global_step=41368, episodic_return=82.43
global_step=41572, episodic_return=68.22
global_step=41852, episodic_return=136.36
global_step=42040, episodic_return=75.70
global_step=42200, episodic_return=66.67
global_step=42468, episodic_return=91.76
global_step=42524, episodic_return=10.36
global_step=42704, episodic_return=67.03
global_step=42940, episodic_return=93.42
global_step=43124, episodic_return=61.56
global_step=43308, episodic_return=76.52
global_step=43612, episodic_return=133.24
global_step=43868, episodic_return=94.22
global_step=44088, episodic_return=70.56
global_step=44252, episodic_return=65.22
global_step=44752, episodic_return=220.90
global_step=44944, episodic_return=76.42
global_step=45372, episodic_return=150.97
global_step=45608, episodic_return=104.67
global_step=45988, episodic_return=167.06
global_step=46144, episodic_return=61.98
global_step=46464, episodic_return=149.17
global_step=46592, episodic_return=48.84
global_step=46872, episodic_return=86.41
global_step=47048, episodic_return=68.58
global_step=47128, episodic_return=8.02
global_step=47260, episodic_return=51.90
global_step=47652, episodic_return=206.11
global_step=48008, episodic_return=179.08
global_step=48232, episodic_return=83.32
global_step=48488, episodic_return=94.95
global_step=48680, episodic_return=80.60
global_step=48852, episodic_return=71.04
global_step=49028, episodic_return=68.32
Eval: global_step=49152, reward=212.30 +/- 1.12
global_step=49312, episodic_return=134.89
global_step=49524, episodic_return=91.79
global_step=49668, episodic_return=43.83
global_step=50064, episodic_return=183.33
global_step=50356, episodic_return=129.91
global_step=50736, episodic_return=185.40
global_step=51012, episodic_return=125.26
global_step=51300, episodic_return=129.01
global_step=51576, episodic_return=115.98
global_step=51820, episodic_return=86.48
global_step=52148, episodic_return=159.64
global_step=52448, episodic_return=145.26
global_step=52600, episodic_return=59.95
global_step=53028, episodic_return=222.07
global_step=53220, episodic_return=76.75
global_step=53456, episodic_return=100.67
global_step=53632, episodic_return=72.93
global_step=53812, episodic_return=72.82
global_step=53988, episodic_return=67.18
global_step=54196, episodic_return=74.10
global_step=54388, episodic_return=83.68
global_step=54560, episodic_return=67.60
global_step=54712, episodic_return=57.89
global_step=55120, episodic_return=169.98
global_step=55484, episodic_return=194.25
global_step=55732, episodic_return=103.18
global_step=56060, episodic_return=157.64
global_step=56444, episodic_return=171.26
global_step=56804, episodic_return=167.03
global_step=57076, episodic_return=129.07
global_step=57332, episodic_return=68.56
Eval: global_step=57344, reward=219.75 +/- 1.26
global_step=57512, episodic_return=72.84
global_step=57836, episodic_return=146.48
global_step=58240, episodic_return=180.05
global_step=58424, episodic_return=76.09
global_step=58688, episodic_return=121.58
global_step=58892, episodic_return=90.29
global_step=59120, episodic_return=98.91
global_step=59484, episodic_return=178.94
global_step=59876, episodic_return=217.60
global_step=60080, episodic_return=87.06
global_step=60540, episodic_return=225.27
global_step=60920, episodic_return=199.40
global_step=61352, episodic_return=220.35
global_step=61600, episodic_return=111.01
global_step=61988, episodic_return=210.74
global_step=62396, episodic_return=189.71
global_step=62528, episodic_return=51.11
global_step=62692, episodic_return=65.14
global_step=62824, episodic_return=51.78
global_step=63016, episodic_return=79.91
global_step=63212, episodic_return=80.52
global_step=63392, episodic_return=68.88
global_step=63748, episodic_return=187.11
global_step=64184, episodic_return=220.43
global_step=64340, episodic_return=62.89
global_step=64548, episodic_return=88.31
global_step=64824, episodic_return=112.65
global_step=64992, episodic_return=67.24
global_step=65184, episodic_return=82.28
global_step=65400, episodic_return=92.06
Eval: global_step=65536, reward=214.30 +/- 0.94
global_step=65668, episodic_return=120.11
global_step=65840, episodic_return=67.98
global_step=66124, episodic_return=132.71
global_step=66576, episodic_return=219.79
global_step=67020, episodic_return=228.31
global_step=67240, episodic_return=93.35
global_step=67704, episodic_return=243.68
global_step=67904, episodic_return=84.07
global_step=68380, episodic_return=242.52
global_step=68784, episodic_return=169.93
global_step=68984, episodic_return=82.92
global_step=69296, episodic_return=151.30
global_step=69600, episodic_return=149.45
global_step=69964, episodic_return=198.50
global_step=70236, episodic_return=118.95
global_step=70508, episodic_return=129.62
global_step=70916, episodic_return=205.37
global_step=71332, episodic_return=223.96
global_step=71708, episodic_return=212.58
global_step=71960, episodic_return=119.39
global_step=72268, episodic_return=158.53
global_step=72744, episodic_return=246.84
global_step=73028, episodic_return=140.29
global_step=73408, episodic_return=190.13
global_step=73592, episodic_return=74.33
Eval: global_step=73728, reward=214.24 +/- 0.95
global_step=73964, episodic_return=212.70
global_step=74164, episodic_return=86.49
global_step=74556, episodic_return=217.18
global_step=74956, episodic_return=216.92
global_step=75392, episodic_return=233.99
global_step=75812, episodic_return=223.39
global_step=76108, episodic_return=136.23
global_step=76508, episodic_return=224.61
global_step=76624, episodic_return=44.53
global_step=76876, episodic_return=114.67
global_step=77304, episodic_return=228.26
global_step=77712, episodic_return=218.19
global_step=78140, episodic_return=182.55
global_step=78316, episodic_return=71.22
global_step=78716, episodic_return=197.26
global_step=79100, episodic_return=220.07
global_step=79608, episodic_return=245.99
global_step=80028, episodic_return=230.04
global_step=80332, episodic_return=151.51
global_step=80656, episodic_return=172.60
global_step=80872, episodic_return=93.58
global_step=81392, episodic_return=256.83
global_step=81788, episodic_return=216.43
Eval: global_step=81920, reward=211.85 +/- 0.85
global_step=82012, episodic_return=94.63
global_step=82436, episodic_return=204.40
global_step=82788, episodic_return=185.45
global_step=83168, episodic_return=207.90
global_step=83640, episodic_return=234.81
global_step=84032, episodic_return=216.48
global_step=84456, episodic_return=224.50
global_step=84616, episodic_return=63.53
global_step=85036, episodic_return=210.84
global_step=85420, episodic_return=216.84
global_step=85844, episodic_return=226.99
global_step=86244, episodic_return=212.73
global_step=86440, episodic_return=80.20
global_step=86836, episodic_return=209.87
global_step=87224, episodic_return=224.05
global_step=87644, episodic_return=224.54
global_step=88032, episodic_return=213.81
global_step=88416, episodic_return=214.83
global_step=88848, episodic_return=199.91
global_step=89260, episodic_return=232.06
global_step=89444, episodic_return=75.15
global_step=89876, episodic_return=224.88
global_step=90092, episodic_return=91.41
Eval: global_step=90112, reward=214.60 +/- 1.77
global_step=90520, episodic_return=227.89
global_step=90940, episodic_return=227.35
global_step=91304, episodic_return=205.42
global_step=91704, episodic_return=224.26
global_step=92112, episodic_return=222.03
global_step=92528, episodic_return=217.48
global_step=92912, episodic_return=213.81
global_step=93288, episodic_return=212.56
global_step=93688, episodic_return=221.42
global_step=94232, episodic_return=258.09
global_step=94612, episodic_return=202.43
global_step=95008, episodic_return=215.04
global_step=95532, episodic_return=252.14
global_step=95924, episodic_return=209.20
global_step=96100, episodic_return=73.82
global_step=96496, episodic_return=215.30
global_step=97068, episodic_return=231.66
global_step=97352, episodic_return=137.71
global_step=97732, episodic_return=201.54
global_step=98116, episodic_return=206.32
Eval: global_step=98304, reward=217.05 +/- 1.14
global_step=98500, episodic_return=199.82
global_step=98868, episodic_return=204.74
global_step=99256, episodic_return=215.30
global_step=99680, episodic_return=229.05
global_step=100108, episodic_return=227.96
global_step=100488, episodic_return=213.69
global_step=100988, episodic_return=253.12
global_step=101396, episodic_return=222.56
global_step=101840, episodic_return=252.03
global_step=102200, episodic_return=189.01
global_step=102580, episodic_return=215.14
global_step=103004, episodic_return=236.17
global_step=103388, episodic_return=214.15
global_step=103712, episodic_return=173.31
global_step=104132, episodic_return=238.72
global_step=104592, episodic_return=244.10
global_step=105076, episodic_return=240.68
global_step=105464, episodic_return=218.69
global_step=105868, episodic_return=219.29
global_step=106300, episodic_return=226.03
Eval: global_step=106496, reward=226.43 +/- 1.36
global_step=106668, episodic_return=202.96
global_step=106996, episodic_return=172.93
global_step=107384, episodic_return=206.52
global_step=107812, episodic_return=227.54
global_step=108264, episodic_return=234.10
global_step=108652, episodic_return=216.48
global_step=109044, episodic_return=223.88
global_step=109440, episodic_return=218.89
global_step=109840, episodic_return=214.69
global_step=110280, episodic_return=237.17
global_step=110660, episodic_return=208.72
global_step=111100, episodic_return=236.98
global_step=111552, episodic_return=238.23
global_step=111972, episodic_return=239.02
global_step=112360, episodic_return=218.79
global_step=112780, episodic_return=231.46
global_step=113184, episodic_return=231.12
global_step=113352, episodic_return=67.44
global_step=113748, episodic_return=217.56
global_step=114248, episodic_return=248.59
global_step=114472, episodic_return=99.42
Eval: global_step=114688, reward=225.53 +/- 1.77
global_step=114864, episodic_return=224.19
global_step=115240, episodic_return=214.19
global_step=115672, episodic_return=232.17
global_step=116144, episodic_return=239.65
global_step=116552, episodic_return=228.06
global_step=116960, episodic_return=221.94
global_step=117408, episodic_return=236.57
global_step=117788, episodic_return=215.24
global_step=118232, episodic_return=243.66
global_step=118624, episodic_return=222.21
global_step=119020, episodic_return=223.36
global_step=119424, episodic_return=220.30
global_step=119864, episodic_return=231.40
global_step=120264, episodic_return=222.04
global_step=120660, episodic_return=216.90
global_step=121040, episodic_return=213.05
global_step=121428, episodic_return=217.78
global_step=121840, episodic_return=225.21
global_step=122212, episodic_return=209.04
global_step=122600, episodic_return=217.04
Eval: global_step=122880, reward=227.07 +/- 1.41
global_step=123020, episodic_return=233.55
global_step=123456, episodic_return=243.13
global_step=123860, episodic_return=233.28
global_step=124268, episodic_return=223.76
global_step=124740, episodic_return=275.75
global_step=125152, episodic_return=235.69
global_step=125608, episodic_return=237.75
global_step=125996, episodic_return=225.32
global_step=126432, episodic_return=229.53
global_step=126916, episodic_return=264.58
global_step=127104, episodic_return=77.34
global_step=127532, episodic_return=237.49
global_step=127912, episodic_return=214.74
global_step=128392, episodic_return=263.92
global_step=128904, episodic_return=277.49
global_step=129292, episodic_return=218.38
global_step=129720, episodic_return=244.48
global_step=130100, episodic_return=209.92
global_step=130528, episodic_return=247.94
global_step=130924, episodic_return=222.24
Eval: global_step=131072, reward=239.23 +/- 1.90
global_step=131372, episodic_return=242.04
global_step=131824, episodic_return=261.57
global_step=132256, episodic_return=235.55
global_step=132712, episodic_return=235.44
global_step=133152, episodic_return=250.10
global_step=133568, episodic_return=231.37
global_step=133996, episodic_return=246.18
global_step=134448, episodic_return=246.26
global_step=134872, episodic_return=239.87
global_step=135292, episodic_return=239.26
global_step=135780, episodic_return=286.56
global_step=136188, episodic_return=227.60
global_step=136676, episodic_return=240.18
global_step=137116, episodic_return=252.26
global_step=137508, episodic_return=220.02
global_step=138016, episodic_return=246.19
global_step=138428, episodic_return=226.88
global_step=138868, episodic_return=231.05
Eval: global_step=139264, reward=263.96 +/- 0.95
global_step=139304, episodic_return=240.63
global_step=139764, episodic_return=273.83
global_step=140184, episodic_return=233.51
global_step=140652, episodic_return=266.51
global_step=141104, episodic_return=254.87
global_step=141588, episodic_return=263.51
global_step=142028, episodic_return=246.73
global_step=142488, episodic_return=259.66
global_step=143040, episodic_return=314.86
global_step=143508, episodic_return=260.75
global_step=143948, episodic_return=256.90
global_step=144432, episodic_return=240.87
global_step=144936, episodic_return=276.43
global_step=145436, episodic_return=250.14
global_step=145884, episodic_return=233.95
global_step=146352, episodic_return=276.14
global_step=146772, episodic_return=242.86
global_step=147264, episodic_return=286.37
Eval: global_step=147456, reward=282.46 +/- 2.23
global_step=147744, episodic_return=254.49
global_step=148208, episodic_return=263.12
global_step=148708, episodic_return=291.33
global_step=149152, episodic_return=265.59
global_step=149696, episodic_return=319.45
global_step=150140, episodic_return=239.28
global_step=150624, episodic_return=287.98
global_step=151148, episodic_return=291.94
global_step=151676, episodic_return=311.93
global_step=152208, episodic_return=289.74
global_step=152772, episodic_return=303.04
global_step=153232, episodic_return=254.06
global_step=153756, episodic_return=252.85
global_step=154240, episodic_return=280.09
global_step=154688, episodic_return=264.00
global_step=155176, episodic_return=255.97
global_step=155620, episodic_return=249.94
Eval: global_step=155648, reward=297.40 +/- 1.48
global_step=156212, episodic_return=316.86
global_step=156812, episodic_return=331.11
global_step=157268, episodic_return=263.36
global_step=157820, episodic_return=334.35
global_step=158420, episodic_return=324.54
global_step=159012, episodic_return=333.57
global_step=159516, episodic_return=295.91
global_step=160080, episodic_return=322.82
global_step=160612, episodic_return=314.61
global_step=161156, episodic_return=294.13
global_step=161704, episodic_return=312.85
global_step=162252, episodic_return=324.11
global_step=162792, episodic_return=288.77
global_step=163248, episodic_return=266.30
global_step=163792, episodic_return=318.56
Eval: global_step=163840, reward=329.73 +/- 2.01
global_step=164384, episodic_return=348.09
global_step=165032, episodic_return=352.03
global_step=165520, episodic_return=260.85
global_step=166060, episodic_return=315.52
global_step=166628, episodic_return=304.59
global_step=167204, episodic_return=331.54
global_step=167784, episodic_return=344.44
global_step=168364, episodic_return=335.00
global_step=168980, episodic_return=337.32
global_step=169528, episodic_return=330.36
global_step=170120, episodic_return=338.35
global_step=170664, episodic_return=324.07
global_step=171220, episodic_return=328.46
global_step=171760, episodic_return=310.84
Eval: global_step=172032, reward=336.44 +/- 1.91
global_step=172304, episodic_return=332.48
global_step=172820, episodic_return=285.11
global_step=173312, episodic_return=234.27
global_step=173944, episodic_return=338.17
global_step=174508, episodic_return=334.22
global_step=175080, episodic_return=333.86
global_step=175700, episodic_return=338.07
global_step=176236, episodic_return=327.11
global_step=176788, episodic_return=333.96
global_step=177376, episodic_return=342.89
global_step=177924, episodic_return=329.70
global_step=178496, episodic_return=345.62
global_step=179008, episodic_return=291.44
global_step=179580, episodic_return=324.01
global_step=180164, episodic_return=312.53
Eval: global_step=180224, reward=337.57 +/- 1.40
global_step=180668, episodic_return=291.03
global_step=181272, episodic_return=347.60
global_step=181884, episodic_return=339.60
global_step=182484, episodic_return=349.14
global_step=183148, episodic_return=323.16
global_step=183732, episodic_return=322.44
global_step=184264, episodic_return=324.05
global_step=184832, episodic_return=336.94
global_step=185400, episodic_return=319.48
global_step=185956, episodic_return=321.82
global_step=186528, episodic_return=337.78
global_step=187108, episodic_return=347.52
global_step=187680, episodic_return=336.93
global_step=188340, episodic_return=352.46
Eval: global_step=188416, reward=335.97 +/- 1.95
global_step=188916, episodic_return=334.28
global_step=189492, episodic_return=347.54
global_step=190032, episodic_return=327.17
global_step=190592, episodic_return=340.84
global_step=191072, episodic_return=283.25
global_step=191608, episodic_return=324.50
global_step=192216, episodic_return=350.29
global_step=192776, episodic_return=325.43
global_step=193348, episodic_return=339.38
global_step=193896, episodic_return=340.21
global_step=194484, episodic_return=330.34
global_step=195040, episodic_return=340.13
global_step=195612, episodic_return=350.06
global_step=196116, episodic_return=297.87
Eval: global_step=196608, reward=332.63 +/- 1.26
global_step=196688, episodic_return=338.75
global_step=197272, episodic_return=358.69
global_step=197828, episodic_return=343.05
global_step=198372, episodic_return=321.89
global_step=198964, episodic_return=325.93
global_step=199516, episodic_return=342.60
global_step=200112, episodic_return=323.96
global_step=200708, episodic_return=338.90
global_step=201244, episodic_return=331.01
global_step=201776, episodic_return=326.85
global_step=202316, episodic_return=323.91
global_step=202884, episodic_return=326.24
global_step=203444, episodic_return=332.56
global_step=204076, episodic_return=364.05
global_step=204632, episodic_return=346.30
Eval: global_step=204800, reward=333.86 +/- 1.02
global_step=205204, episodic_return=335.31
global_step=205748, episodic_return=330.04
global_step=206296, episodic_return=336.33
global_step=206864, episodic_return=342.29
global_step=207428, episodic_return=346.10
global_step=207992, episodic_return=352.62
global_step=208532, episodic_return=350.18
global_step=209080, episodic_return=325.17
global_step=209640, episodic_return=329.07
global_step=210176, episodic_return=333.63
global_step=210732, episodic_return=329.94
global_step=211256, episodic_return=327.11
global_step=211800, episodic_return=335.85
global_step=212356, episodic_return=331.46
global_step=212972, episodic_return=345.48
Eval: global_step=212992, reward=337.06 +/- 1.23
global_step=213528, episodic_return=335.85
global_step=214072, episodic_return=326.45
global_step=214636, episodic_return=350.12
global_step=215152, episodic_return=309.51
global_step=215652, episodic_return=318.85
global_step=216212, episodic_return=344.38
global_step=216756, episodic_return=345.93
global_step=217336, episodic_return=341.51
global_step=217916, episodic_return=335.00
global_step=218404, episodic_return=305.15
global_step=218944, episodic_return=321.91
global_step=219492, episodic_return=329.26
global_step=220044, episodic_return=346.78
global_step=220596, episodic_return=332.06
Eval: global_step=221184, reward=341.03 +/- 0.97
global_step=221188, episodic_return=368.26
global_step=221756, episodic_return=343.34
global_step=222336, episodic_return=349.06
global_step=222884, episodic_return=336.10
global_step=223476, episodic_return=350.90
global_step=224024, episodic_return=323.43
global_step=224580, episodic_return=326.66
global_step=225164, episodic_return=342.92
global_step=225704, episodic_return=327.49
global_step=226160, episodic_return=262.72
global_step=226696, episodic_return=328.18
global_step=227232, episodic_return=315.23
global_step=227776, episodic_return=319.40
global_step=228396, episodic_return=350.28
global_step=228952, episodic_return=342.77
Eval: global_step=229376, reward=353.54 +/- 1.66
global_step=229516, episodic_return=334.88
global_step=230076, episodic_return=356.85
global_step=230600, episodic_return=316.36
global_step=231156, episodic_return=316.40
global_step=231716, episodic_return=337.69
global_step=232228, episodic_return=324.59
global_step=232756, episodic_return=346.81
global_step=233300, episodic_return=322.32
global_step=233868, episodic_return=339.14
global_step=234428, episodic_return=361.34
global_step=234852, episodic_return=251.40
global_step=235416, episodic_return=337.62
global_step=235956, episodic_return=354.96
global_step=236464, episodic_return=319.06
global_step=236928, episodic_return=285.77
global_step=237416, episodic_return=306.22
Eval: global_step=237568, reward=349.63 +/- 0.64
global_step=237972, episodic_return=353.35
global_step=238512, episodic_return=340.12
global_step=239048, episodic_return=320.31
global_step=239600, episodic_return=347.80
global_step=240160, episodic_return=359.30
global_step=240712, episodic_return=361.97
global_step=241260, episodic_return=334.36
global_step=241784, episodic_return=326.61
global_step=242312, episodic_return=326.65
global_step=242820, episodic_return=323.04
global_step=243352, episodic_return=333.67
global_step=243876, episodic_return=335.28
global_step=244408, episodic_return=340.18
global_step=244864, episodic_return=277.10
global_step=245420, episodic_return=335.08
Eval: global_step=245760, reward=349.74 +/- 1.55
global_step=245972, episodic_return=338.17
global_step=246540, episodic_return=366.32
global_step=247088, episodic_return=358.59
global_step=247556, episodic_return=281.25
global_step=248080, episodic_return=333.88
global_step=248604, episodic_return=326.67
global_step=249144, episodic_return=339.53
global_step=249668, episodic_return=346.01
global_step=250248, episodic_return=345.77
global_step=250780, episodic_return=337.69
global_step=251324, episodic_return=346.07
global_step=251812, episodic_return=300.21
global_step=252368, episodic_return=365.19
global_step=252880, episodic_return=322.19
global_step=253392, episodic_return=329.89
global_step=253920, episodic_return=333.44
Eval: global_step=253952, reward=348.46 +/- 1.58
global_step=254476, episodic_return=332.81
global_step=254996, episodic_return=338.61
global_step=255480, episodic_return=303.43
global_step=255976, episodic_return=314.60
global_step=256424, episodic_return=270.33
global_step=256920, episodic_return=312.82
global_step=257424, episodic_return=337.89
global_step=257948, episodic_return=338.07
global_step=258460, episodic_return=326.75
global_step=258980, episodic_return=326.87
global_step=259464, episodic_return=307.62
global_step=260008, episodic_return=348.07
global_step=260540, episodic_return=350.49
global_step=261096, episodic_return=373.05
global_step=261612, episodic_return=328.59
global_step=262032, episodic_return=258.67
Eval: global_step=262144, reward=358.70 +/- 1.47
global_step=262560, episodic_return=319.53
global_step=263104, episodic_return=355.14
global_step=263628, episodic_return=333.63
global_step=264168, episodic_return=335.33
global_step=264688, episodic_return=349.95
global_step=265252, episodic_return=348.06
global_step=265788, episodic_return=343.27
global_step=266280, episodic_return=317.16
global_step=266796, episodic_return=336.27
global_step=267316, episodic_return=335.72
global_step=267892, episodic_return=351.74
global_step=268424, episodic_return=347.54
global_step=268908, episodic_return=311.71
global_step=269464, episodic_return=364.66
global_step=270016, episodic_return=354.19
Eval: global_step=270336, reward=363.59 +/- 1.57
global_step=270516, episodic_return=324.87
global_step=271072, episodic_return=349.87
global_step=271616, episodic_return=362.55
global_step=272168, episodic_return=361.30
global_step=272732, episodic_return=363.46
global_step=273288, episodic_return=355.48
global_step=273844, episodic_return=352.93
global_step=274364, episodic_return=330.92
global_step=274880, episodic_return=330.01
global_step=275416, episodic_return=345.03
global_step=275984, episodic_return=373.99
global_step=276544, episodic_return=379.66
global_step=277096, episodic_return=362.09
global_step=277648, episodic_return=355.80
global_step=278200, episodic_return=362.08
Eval: global_step=278528, reward=374.88 +/- 1.57
global_step=278748, episodic_return=356.85
global_step=279256, episodic_return=324.88
global_step=279804, episodic_return=365.94
global_step=280332, episodic_return=342.89
global_step=280892, episodic_return=343.83
global_step=281440, episodic_return=354.01
global_step=282024, episodic_return=389.95
global_step=282556, episodic_return=348.40
global_step=283104, episodic_return=327.80
global_step=283664, episodic_return=346.22
global_step=284192, episodic_return=347.67
global_step=284744, episodic_return=332.08
global_step=285320, episodic_return=355.19
global_step=285868, episodic_return=354.36
global_step=286444, episodic_return=371.12
Eval: global_step=286720, reward=381.10 +/- 0.88
global_step=286972, episodic_return=340.36
global_step=287520, episodic_return=358.81
global_step=288052, episodic_return=347.22
global_step=288596, episodic_return=359.61
global_step=289128, episodic_return=364.25
global_step=289648, episodic_return=327.65
global_step=290196, episodic_return=354.11
global_step=290740, episodic_return=345.91
global_step=291284, episodic_return=344.22
global_step=291784, episodic_return=317.00
global_step=292340, episodic_return=349.48
global_step=292828, episodic_return=302.39
global_step=293348, episodic_return=318.27
global_step=293888, episodic_return=346.76
global_step=294440, episodic_return=364.85
Eval: global_step=294912, reward=380.28 +/- 1.18
global_step=294996, episodic_return=369.55
global_step=295564, episodic_return=364.68
global_step=296124, episodic_return=378.25
global_step=296628, episodic_return=319.20
global_step=297176, episodic_return=369.60
global_step=297748, episodic_return=379.24
global_step=298288, episodic_return=372.20
global_step=298816, episodic_return=347.50
global_step=299348, episodic_return=337.62
global_step=299900, episodic_return=332.22
global_step=300448, episodic_return=359.29
global_step=301004, episodic_return=359.41
global_step=301540, episodic_return=349.23
global_step=302088, episodic_return=340.78
global_step=302624, episodic_return=353.69
global_step=303068, episodic_return=264.23
Eval: global_step=303104, reward=388.05 +/- 1.14
global_step=303616, episodic_return=351.64
global_step=304144, episodic_return=350.93
global_step=304676, episodic_return=351.64
global_step=305204, episodic_return=350.88
global_step=305768, episodic_return=384.90
global_step=306336, episodic_return=370.48
global_step=306868, episodic_return=346.07
global_step=307396, episodic_return=340.43
global_step=307928, episodic_return=336.04
global_step=308488, episodic_return=387.40
global_step=309044, episodic_return=381.62
global_step=309600, episodic_return=370.05
global_step=310084, episodic_return=310.34
global_step=310656, episodic_return=390.64
global_step=311236, episodic_return=368.45
Eval: global_step=311296, reward=399.13 +/- 1.11
global_step=311772, episodic_return=364.02
global_step=312348, episodic_return=405.22
global_step=312900, episodic_return=370.62
global_step=313428, episodic_return=344.78
global_step=313968, episodic_return=376.81
global_step=314528, episodic_return=361.15
global_step=315088, episodic_return=380.36
global_step=315640, episodic_return=349.79
global_step=316172, episodic_return=364.79
global_step=316724, episodic_return=356.79
global_step=317292, episodic_return=383.29
global_step=317848, episodic_return=377.26
global_step=318416, episodic_return=391.59
global_step=318976, episodic_return=370.47
Eval: global_step=319488, reward=411.22 +/- 1.21
global_step=319504, episodic_return=355.51
global_step=320068, episodic_return=378.23
global_step=320636, episodic_return=380.58
global_step=321204, episodic_return=378.71
global_step=321732, episodic_return=352.61
global_step=322308, episodic_return=382.05
global_step=322840, episodic_return=341.39
global_step=323316, episodic_return=301.11
global_step=323888, episodic_return=388.82
global_step=324416, episodic_return=337.23
global_step=324984, episodic_return=393.76
global_step=325548, episodic_return=385.40
global_step=326100, episodic_return=366.22
global_step=326640, episodic_return=371.78
global_step=327092, episodic_return=282.52
global_step=327660, episodic_return=402.75
Eval: global_step=327680, reward=424.78 +/- 1.61
global_step=328212, episodic_return=373.92
global_step=328800, episodic_return=408.47
global_step=329360, episodic_return=386.27
global_step=329928, episodic_return=396.56
global_step=330480, episodic_return=382.19
global_step=331004, episodic_return=354.89
global_step=331588, episodic_return=404.74
global_step=332120, episodic_return=373.60
global_step=332684, episodic_return=384.72
global_step=333260, episodic_return=392.88
global_step=333812, episodic_return=368.21
global_step=334392, episodic_return=395.05
global_step=334960, episodic_return=392.94
global_step=335520, episodic_return=384.63
Eval: global_step=335872, reward=424.86 +/- 1.35
global_step=336076, episodic_return=380.31
global_step=336632, episodic_return=386.18
global_step=337136, episodic_return=328.56
global_step=337688, episodic_return=373.38
global_step=338232, episodic_return=375.01
global_step=338796, episodic_return=385.48
global_step=339372, episodic_return=401.58
global_step=339936, episodic_return=392.10
global_step=340492, episodic_return=394.27
global_step=341056, episodic_return=398.20
global_step=341636, episodic_return=405.83
global_step=342084, episodic_return=275.44
global_step=342520, episodic_return=260.23
global_step=343104, episodic_return=406.82
global_step=343688, episodic_return=410.89
Eval: global_step=344064, reward=425.49 +/- 1.60
global_step=344252, episodic_return=395.78
global_step=344820, episodic_return=404.25
global_step=345364, episodic_return=370.43
global_step=345916, episodic_return=375.70
global_step=346484, episodic_return=381.79
global_step=347044, episodic_return=378.95
global_step=347620, episodic_return=401.26
global_step=348188, episodic_return=396.31
global_step=348744, episodic_return=376.82
global_step=349284, episodic_return=373.23
global_step=349832, episodic_return=377.31
global_step=350384, episodic_return=365.19
global_step=350960, episodic_return=393.15
global_step=351532, episodic_return=398.05
global_step=352092, episodic_return=393.85
Eval: global_step=352256, reward=425.87 +/- 1.97
global_step=352632, episodic_return=358.87
global_step=353200, episodic_return=393.95
global_step=353772, episodic_return=379.68
global_step=354340, episodic_return=393.08
global_step=354908, episodic_return=388.31
global_step=355472, episodic_return=392.05
global_step=356020, episodic_return=373.50
global_step=356596, episodic_return=408.01
global_step=357148, episodic_return=383.22
global_step=357724, episodic_return=400.57
global_step=358292, episodic_return=401.39
global_step=358864, episodic_return=395.64
global_step=359416, episodic_return=383.34
global_step=359964, episodic_return=367.84
Eval: global_step=360448, reward=418.78 +/- 1.26
global_step=360536, episodic_return=404.39
global_step=361112, episodic_return=401.98
global_step=361680, episodic_return=394.24
global_step=362252, episodic_return=405.61
global_step=362800, episodic_return=382.76
global_step=363384, episodic_return=397.02
global_step=363952, episodic_return=382.53
global_step=364480, episodic_return=351.03
global_step=365068, episodic_return=412.66
global_step=365596, episodic_return=360.51
global_step=366168, episodic_return=408.63
global_step=366744, episodic_return=405.46
global_step=367312, episodic_return=397.07
global_step=367896, episodic_return=409.63
global_step=368392, episodic_return=331.02
Eval: global_step=368640, reward=424.84 +/- 1.65
global_step=368928, episodic_return=365.10
global_step=369468, episodic_return=377.35
global_step=370048, episodic_return=394.13
global_step=370636, episodic_return=412.14
global_step=371172, episodic_return=364.70
global_step=371764, episodic_return=407.93
global_step=372328, episodic_return=400.87
global_step=372904, episodic_return=383.50
global_step=373464, episodic_return=396.40
global_step=374036, episodic_return=398.11
global_step=374596, episodic_return=391.13
global_step=375152, episodic_return=394.22
global_step=375716, episodic_return=392.25
global_step=376204, episodic_return=327.51
global_step=376788, episodic_return=392.07
Eval: global_step=376832, reward=427.50 +/- 0.91
global_step=377372, episodic_return=385.59
global_step=377944, episodic_return=398.31
global_step=378516, episodic_return=400.10
global_step=379088, episodic_return=379.57
global_step=379664, episodic_return=408.12
global_step=380208, episodic_return=375.07
global_step=380732, episodic_return=349.38
global_step=381300, episodic_return=400.75
global_step=381876, episodic_return=399.45
global_step=382456, episodic_return=391.56
global_step=383024, episodic_return=395.34
global_step=383600, episodic_return=404.95
global_step=384192, episodic_return=404.59
global_step=384744, episodic_return=379.15
Eval: global_step=385024, reward=428.71 +/- 1.95
global_step=385328, episodic_return=394.79
global_step=385920, episodic_return=417.56
global_step=386512, episodic_return=401.32
global_step=387072, episodic_return=391.29
global_step=387644, episodic_return=397.73
global_step=388204, episodic_return=388.97
global_step=388784, episodic_return=395.27
global_step=389368, episodic_return=409.19
global_step=389940, episodic_return=393.76
global_step=390528, episodic_return=416.89
global_step=391116, episodic_return=412.54
global_step=391656, episodic_return=370.10
global_step=392236, episodic_return=405.32
global_step=392820, episodic_return=415.53
