/scratch1/tsa5252/anaconda3/envs/spiceenv/lib/python3.8/site-packages/hydra/_internal/defaults_list.py:251: UserWarning: In 'config': Defaults list is missing `_self_`. See https://hydra.cc/docs/1.2/upgrades/1.0_to_1.1/default_composition_order for more information
  warnings.warn(msg, UserWarning)
[[36m2026-03-01 13:05:55,963[0m][[34mOpenGL.acceleratesupport[0m][[32mINFO[0m] - No OpenGL_accelerate module loaded: No module named 'OpenGL_accelerate'[0m
Starting PPO Teacher Training on Hopper-v5...
Initialized ContinuousAgent for Hopper-v5 with actor_logstd = 0.0
Initialized ContinuousAgent for Hopper-v5 with actor_logstd = 0.0
global_step=52, episodic_return=8.85
global_step=116, episodic_return=8.02
global_step=180, episodic_return=7.48
global_step=280, episodic_return=4.55
global_step=416, episodic_return=10.93
global_step=476, episodic_return=8.56
global_step=524, episodic_return=8.06
global_step=616, episodic_return=14.68
global_step=720, episodic_return=19.04
global_step=808, episodic_return=24.03
global_step=944, episodic_return=31.56
global_step=1024, episodic_return=10.21
global_step=1132, episodic_return=14.63
global_step=1224, episodic_return=16.00
global_step=1296, episodic_return=17.39
global_step=1368, episodic_return=13.02
global_step=1420, episodic_return=7.56
global_step=1488, episodic_return=14.42
global_step=1688, episodic_return=72.34
global_step=1736, episodic_return=8.64
global_step=1784, episodic_return=6.31
global_step=1836, episodic_return=6.46
global_step=1912, episodic_return=18.24
global_step=1964, episodic_return=8.90
global_step=2028, episodic_return=12.11
global_step=2076, episodic_return=5.63
global_step=2144, episodic_return=9.50
global_step=2404, episodic_return=99.51
global_step=2484, episodic_return=8.00
global_step=2604, episodic_return=29.13
global_step=2656, episodic_return=6.06
global_step=2716, episodic_return=8.03
global_step=2848, episodic_return=22.93
global_step=2928, episodic_return=12.88
global_step=3020, episodic_return=4.96
global_step=3096, episodic_return=9.99
global_step=3168, episodic_return=13.33
global_step=3228, episodic_return=10.93
global_step=3392, episodic_return=24.84
global_step=3436, episodic_return=5.59
global_step=3520, episodic_return=9.61
global_step=3584, episodic_return=12.42
global_step=3668, episodic_return=20.81
global_step=3808, episodic_return=25.79
global_step=3872, episodic_return=10.13
global_step=3972, episodic_return=24.91
global_step=4052, episodic_return=17.68
global_step=4108, episodic_return=9.47
global_step=4148, episodic_return=4.98
global_step=4356, episodic_return=77.79
global_step=4404, episodic_return=7.42
global_step=4528, episodic_return=9.13
global_step=4688, episodic_return=29.60
global_step=4764, episodic_return=18.52
global_step=4808, episodic_return=7.19
global_step=4868, episodic_return=8.90
global_step=4948, episodic_return=16.12
global_step=5008, episodic_return=11.59
global_step=5056, episodic_return=6.06
global_step=5124, episodic_return=8.01
global_step=5200, episodic_return=15.54
global_step=5320, episodic_return=20.53
global_step=5400, episodic_return=14.00
global_step=5456, episodic_return=9.62
global_step=5560, episodic_return=8.18
global_step=5620, episodic_return=7.50
global_step=5668, episodic_return=6.72
global_step=5728, episodic_return=7.78
global_step=5840, episodic_return=11.08
global_step=5884, episodic_return=5.25
global_step=5928, episodic_return=7.58
global_step=5976, episodic_return=5.92
global_step=6048, episodic_return=14.24
global_step=6144, episodic_return=25.32
global_step=6192, episodic_return=8.74
global_step=6336, episodic_return=19.94
global_step=6380, episodic_return=4.51
global_step=6420, episodic_return=4.36
global_step=6484, episodic_return=8.14
global_step=6532, episodic_return=5.41
global_step=6608, episodic_return=11.02
global_step=6756, episodic_return=44.41
global_step=6848, episodic_return=10.03
global_step=6924, episodic_return=15.12
global_step=7048, episodic_return=7.07
global_step=7116, episodic_return=14.64
global_step=7216, episodic_return=28.64
global_step=7372, episodic_return=23.42
global_step=7432, episodic_return=12.12
global_step=7516, episodic_return=8.53
global_step=7564, episodic_return=6.85
global_step=7648, episodic_return=11.71
global_step=7732, episodic_return=19.05
global_step=7792, episodic_return=5.86
global_step=7852, episodic_return=12.35
global_step=7896, episodic_return=6.35
global_step=8044, episodic_return=37.65
global_step=8104, episodic_return=7.65
Eval: global_step=8192, reward=100.16 +/- 1.95
global_step=8264, episodic_return=51.23
global_step=8324, episodic_return=10.92
global_step=8452, episodic_return=33.25
global_step=8496, episodic_return=6.43
global_step=8544, episodic_return=6.70
global_step=8632, episodic_return=14.04
global_step=8724, episodic_return=7.46
global_step=8844, episodic_return=18.84
global_step=8896, episodic_return=5.99
global_step=8948, episodic_return=11.02
global_step=8992, episodic_return=5.42
global_step=9128, episodic_return=19.52
global_step=9212, episodic_return=9.11
global_step=9312, episodic_return=19.63
global_step=9352, episodic_return=6.61
global_step=9412, episodic_return=10.73
global_step=9452, episodic_return=4.83
global_step=9508, episodic_return=7.56
global_step=9564, episodic_return=8.24
global_step=9696, episodic_return=51.54
global_step=9736, episodic_return=6.26
global_step=9772, episodic_return=5.16
global_step=9816, episodic_return=7.45
global_step=9872, episodic_return=8.63
global_step=9924, episodic_return=4.79
global_step=10004, episodic_return=13.44
global_step=10052, episodic_return=9.65
global_step=10120, episodic_return=17.45
global_step=10272, episodic_return=45.71
global_step=10328, episodic_return=6.92
global_step=10432, episodic_return=8.30
global_step=10496, episodic_return=15.17
global_step=10560, episodic_return=8.96
global_step=10692, episodic_return=41.52
global_step=10812, episodic_return=32.69
global_step=10896, episodic_return=12.88
global_step=10948, episodic_return=7.70
global_step=11040, episodic_return=7.71
global_step=11152, episodic_return=33.86
global_step=11216, episodic_return=12.02
global_step=11272, episodic_return=3.24
global_step=11340, episodic_return=11.88
global_step=11400, episodic_return=8.82
global_step=11480, episodic_return=11.38
global_step=11544, episodic_return=9.95
global_step=11604, episodic_return=5.91
global_step=11732, episodic_return=19.94
global_step=11776, episodic_return=6.52
global_step=11852, episodic_return=15.48
global_step=11912, episodic_return=8.75
global_step=12004, episodic_return=17.92
global_step=12208, episodic_return=83.33
global_step=12428, episodic_return=51.20
global_step=12464, episodic_return=5.72
global_step=12596, episodic_return=42.14
global_step=12708, episodic_return=12.12
global_step=12912, episodic_return=72.75
global_step=12952, episodic_return=4.58
global_step=13020, episodic_return=12.67
global_step=13140, episodic_return=19.70
global_step=13216, episodic_return=8.44
global_step=13292, episodic_return=12.28
global_step=13384, episodic_return=23.12
global_step=13452, episodic_return=10.08
global_step=13596, episodic_return=33.47
global_step=13636, episodic_return=5.70
global_step=13676, episodic_return=5.27
global_step=13780, episodic_return=32.33
global_step=13844, episodic_return=12.48
global_step=13908, episodic_return=11.68
global_step=13944, episodic_return=5.33
global_step=14060, episodic_return=12.42
global_step=14096, episodic_return=5.20
global_step=14216, episodic_return=13.23
global_step=14340, episodic_return=24.49
global_step=14420, episodic_return=14.02
global_step=14496, episodic_return=2.67
global_step=14740, episodic_return=72.19
global_step=14812, episodic_return=10.38
global_step=15088, episodic_return=116.20
global_step=15212, episodic_return=36.13
global_step=15252, episodic_return=5.66
global_step=15344, episodic_return=12.19
global_step=15400, episodic_return=10.45
global_step=15452, episodic_return=8.18
global_step=15664, episodic_return=77.11
global_step=15728, episodic_return=11.62
global_step=15764, episodic_return=4.47
global_step=15904, episodic_return=38.12
global_step=15968, episodic_return=12.47
global_step=16084, episodic_return=32.74
global_step=16176, episodic_return=16.66
global_step=16228, episodic_return=6.56
global_step=16352, episodic_return=12.34
Eval: global_step=16384, reward=69.83 +/- 0.90
global_step=16420, episodic_return=7.22
global_step=16508, episodic_return=13.29
global_step=16596, episodic_return=10.50
global_step=16676, episodic_return=19.13
global_step=16724, episodic_return=8.29
global_step=16900, episodic_return=71.48
global_step=17488, episodic_return=314.81
global_step=17568, episodic_return=9.51
global_step=17640, episodic_return=14.85
global_step=17704, episodic_return=11.97
global_step=17788, episodic_return=16.48
global_step=17908, episodic_return=22.52
global_step=17996, episodic_return=19.07
global_step=18080, episodic_return=13.65
global_step=18188, episodic_return=20.60
global_step=18272, episodic_return=5.91
global_step=18332, episodic_return=12.92
global_step=18404, episodic_return=12.77
global_step=18536, episodic_return=34.91
global_step=18612, episodic_return=9.17
global_step=18692, episodic_return=9.31
global_step=18744, episodic_return=6.85
global_step=18792, episodic_return=8.16
global_step=18968, episodic_return=65.98
global_step=19064, episodic_return=26.38
global_step=19448, episodic_return=149.12
global_step=20028, episodic_return=282.72
global_step=20116, episodic_return=17.26
global_step=20312, episodic_return=41.61
global_step=20368, episodic_return=9.03
global_step=20420, episodic_return=9.25
global_step=20588, episodic_return=56.19
global_step=20632, episodic_return=5.89
global_step=20876, episodic_return=109.76
global_step=20940, episodic_return=9.36
global_step=21040, episodic_return=22.65
global_step=21252, episodic_return=85.99
global_step=21368, episodic_return=34.45
global_step=21448, episodic_return=15.71
global_step=21820, episodic_return=136.11
global_step=21868, episodic_return=8.58
global_step=21904, episodic_return=3.90
global_step=21992, episodic_return=20.77
global_step=22084, episodic_return=17.86
global_step=22148, episodic_return=12.17
global_step=22224, episodic_return=17.72
global_step=22304, episodic_return=17.80
global_step=22544, episodic_return=91.21
global_step=22600, episodic_return=12.34
global_step=22672, episodic_return=16.21
global_step=22732, episodic_return=10.14
global_step=22776, episodic_return=7.50
global_step=22892, episodic_return=24.20
global_step=22936, episodic_return=7.03
global_step=23040, episodic_return=32.53
global_step=23236, episodic_return=78.39
global_step=23684, episodic_return=213.22
global_step=23792, episodic_return=30.95
global_step=23844, episodic_return=8.54
global_step=23892, episodic_return=5.96
global_step=24084, episodic_return=51.98
global_step=24132, episodic_return=7.04
global_step=24264, episodic_return=16.06
global_step=24448, episodic_return=30.41
global_step=24516, episodic_return=12.29
Eval: global_step=24576, reward=63.84 +/- 0.89
global_step=24616, episodic_return=16.57
global_step=24832, episodic_return=94.70
global_step=24964, episodic_return=36.64
global_step=25132, episodic_return=39.98
global_step=25300, episodic_return=30.68
global_step=25436, episodic_return=52.69
global_step=25820, episodic_return=163.53
global_step=26016, episodic_return=79.05
global_step=26256, episodic_return=55.10
global_step=26572, episodic_return=135.29
global_step=26712, episodic_return=40.94
global_step=26808, episodic_return=23.90
global_step=26976, episodic_return=67.58
global_step=27128, episodic_return=58.37
global_step=27516, episodic_return=177.66
global_step=27744, episodic_return=84.40
global_step=27948, episodic_return=86.69
global_step=28100, episodic_return=28.01
global_step=28260, episodic_return=46.71
global_step=28624, episodic_return=163.39
global_step=29116, episodic_return=248.22
global_step=29672, episodic_return=297.00
global_step=29848, episodic_return=67.27
global_step=30056, episodic_return=88.31
global_step=30132, episodic_return=16.30
global_step=30360, episodic_return=76.66
global_step=30708, episodic_return=118.94
global_step=30936, episodic_return=43.76
global_step=31168, episodic_return=103.29
global_step=31452, episodic_return=109.63
global_step=31844, episodic_return=186.12
global_step=31932, episodic_return=22.00
global_step=31984, episodic_return=6.24
global_step=32088, episodic_return=22.71
global_step=32280, episodic_return=75.99
global_step=32464, episodic_return=38.42
global_step=32652, episodic_return=58.07
Eval: global_step=32768, reward=55.19 +/- 0.77
global_step=32816, episodic_return=66.02
global_step=32968, episodic_return=58.85
global_step=33408, episodic_return=195.26
global_step=33552, episodic_return=57.16
global_step=33724, episodic_return=56.25
global_step=33952, episodic_return=102.10
global_step=34068, episodic_return=45.13
global_step=34120, episodic_return=8.38
global_step=34456, episodic_return=164.37
global_step=34752, episodic_return=131.73
global_step=34796, episodic_return=6.38
global_step=34948, episodic_return=62.07
global_step=35088, episodic_return=56.43
global_step=35260, episodic_return=63.52
global_step=35356, episodic_return=20.78
global_step=35652, episodic_return=113.54
global_step=35748, episodic_return=27.49
global_step=35964, episodic_return=91.52
global_step=36036, episodic_return=6.40
global_step=36376, episodic_return=173.06
global_step=36572, episodic_return=73.50
global_step=36728, episodic_return=63.83
global_step=36868, episodic_return=55.67
global_step=37256, episodic_return=198.01
global_step=37432, episodic_return=70.90
global_step=37628, episodic_return=83.96
global_step=38056, episodic_return=208.06
global_step=38176, episodic_return=47.40
global_step=38576, episodic_return=198.23
global_step=38924, episodic_return=162.39
global_step=39196, episodic_return=116.08
global_step=39396, episodic_return=84.64
global_step=39544, episodic_return=58.15
global_step=39620, episodic_return=16.91
global_step=39856, episodic_return=102.25
global_step=40132, episodic_return=126.53
global_step=40340, episodic_return=81.28
global_step=40444, episodic_return=41.94
global_step=40608, episodic_return=68.17
global_step=40752, episodic_return=58.18
global_step=40952, episodic_return=76.44
Eval: global_step=40960, reward=51.74 +/- 1.04
global_step=41264, episodic_return=149.53
global_step=41464, episodic_return=80.71
global_step=41676, episodic_return=92.65
global_step=42060, episodic_return=174.51
global_step=42276, episodic_return=94.73
global_step=42484, episodic_return=80.83
global_step=42760, episodic_return=132.78
global_step=42992, episodic_return=92.60
global_step=43108, episodic_return=45.03
global_step=43328, episodic_return=94.99
global_step=43636, episodic_return=143.84
global_step=44024, episodic_return=180.66
global_step=44156, episodic_return=51.39
global_step=44340, episodic_return=75.20
global_step=44556, episodic_return=95.09
global_step=44704, episodic_return=57.91
global_step=45064, episodic_return=161.67
global_step=45532, episodic_return=208.15
global_step=45872, episodic_return=145.80
global_step=46328, episodic_return=214.38
global_step=46480, episodic_return=61.85
global_step=46640, episodic_return=61.56
global_step=46796, episodic_return=62.93
global_step=47256, episodic_return=208.48
global_step=47368, episodic_return=34.29
global_step=47528, episodic_return=63.15
global_step=47760, episodic_return=101.81
global_step=48124, episodic_return=169.60
global_step=48612, episodic_return=247.48
global_step=48812, episodic_return=83.11
global_step=48928, episodic_return=28.00
Eval: global_step=49152, reward=291.02 +/- 1.42
global_step=49484, episodic_return=292.58
global_step=50008, episodic_return=291.71
global_step=50452, episodic_return=240.72
global_step=50644, episodic_return=80.81
global_step=50772, episodic_return=51.87
global_step=51028, episodic_return=112.23
global_step=51564, episodic_return=288.73
global_step=51696, episodic_return=52.08
global_step=52140, episodic_return=228.17
global_step=52420, episodic_return=134.38
global_step=52668, episodic_return=102.28
global_step=52892, episodic_return=97.48
global_step=53180, episodic_return=128.99
global_step=53736, episodic_return=293.05
global_step=54032, episodic_return=137.25
global_step=54360, episodic_return=153.58
global_step=54548, episodic_return=77.03
global_step=54972, episodic_return=222.73
global_step=55272, episodic_return=131.72
global_step=55736, episodic_return=229.15
global_step=56236, episodic_return=267.26
global_step=56500, episodic_return=121.83
global_step=57040, episodic_return=303.79
Eval: global_step=57344, reward=284.69 +/- 1.19
global_step=57448, episodic_return=199.88
global_step=57664, episodic_return=93.92
global_step=58156, episodic_return=247.14
global_step=58636, episodic_return=229.35
global_step=59060, episodic_return=202.36
global_step=59388, episodic_return=152.39
global_step=59684, episodic_return=137.41
global_step=60200, episodic_return=298.13
global_step=60704, episodic_return=287.77
global_step=61120, episodic_return=209.96
global_step=61492, episodic_return=178.01
global_step=61848, episodic_return=197.01
global_step=62472, episodic_return=314.33
global_step=62612, episodic_return=55.62
global_step=62900, episodic_return=118.39
global_step=63452, episodic_return=283.43
global_step=63960, episodic_return=286.51
global_step=64392, episodic_return=216.70
global_step=64584, episodic_return=78.56
global_step=64784, episodic_return=84.09
global_step=65316, episodic_return=288.87
global_step=65440, episodic_return=48.44
Eval: global_step=65536, reward=281.03 +/- 1.93
global_step=65688, episodic_return=109.26
global_step=65996, episodic_return=146.78
global_step=66496, episodic_return=276.90
global_step=66692, episodic_return=82.31
global_step=67088, episodic_return=178.28
global_step=67512, episodic_return=217.61
global_step=67948, episodic_return=172.57
global_step=68384, episodic_return=238.47
global_step=68896, episodic_return=246.57
global_step=69356, episodic_return=235.81
global_step=69812, episodic_return=205.31
global_step=70016, episodic_return=84.93
global_step=70452, episodic_return=241.53
global_step=70828, episodic_return=154.94
global_step=71280, episodic_return=238.67
global_step=71436, episodic_return=63.57
global_step=71928, episodic_return=280.76
global_step=72368, episodic_return=205.60
global_step=72868, episodic_return=251.14
global_step=73012, episodic_return=57.34
global_step=73148, episodic_return=53.72
global_step=73640, episodic_return=284.43
Eval: global_step=73728, reward=290.21 +/- 2.10
global_step=74124, episodic_return=268.07
global_step=74576, episodic_return=225.53
global_step=75036, episodic_return=211.14
global_step=75496, episodic_return=266.29
global_step=75976, episodic_return=268.11
global_step=76512, episodic_return=299.16
global_step=76924, episodic_return=181.06
global_step=77068, episodic_return=57.59
global_step=77544, episodic_return=258.78
global_step=78100, episodic_return=291.41
global_step=78604, episodic_return=274.85
global_step=79084, episodic_return=263.90
global_step=79576, episodic_return=224.68
global_step=80004, episodic_return=236.72
global_step=80484, episodic_return=240.17
global_step=80700, episodic_return=90.40
global_step=80832, episodic_return=52.70
global_step=81452, episodic_return=311.08
Eval: global_step=81920, reward=294.00 +/- 1.09
global_step=82000, episodic_return=282.39
global_step=82508, episodic_return=297.35
global_step=83004, episodic_return=282.01
global_step=83568, episodic_return=315.33
global_step=84028, episodic_return=263.19
global_step=84588, episodic_return=302.57
global_step=85116, episodic_return=296.65
global_step=85620, episodic_return=268.80
global_step=86124, episodic_return=290.72
global_step=86380, episodic_return=116.65
global_step=86936, episodic_return=288.88
global_step=87476, episodic_return=258.71
global_step=88084, episodic_return=321.60
global_step=88388, episodic_return=142.67
global_step=88924, episodic_return=279.95
global_step=89464, episodic_return=286.10
global_step=89972, episodic_return=271.25
Eval: global_step=90112, reward=297.35 +/- 1.44
global_step=90480, episodic_return=248.31
global_step=91012, episodic_return=276.17
global_step=91520, episodic_return=265.06
global_step=92040, episodic_return=267.86
global_step=92564, episodic_return=255.84
global_step=92816, episodic_return=111.22
global_step=93296, episodic_return=249.93
global_step=93796, episodic_return=279.69
global_step=94324, episodic_return=300.28
global_step=94716, episodic_return=202.19
global_step=95176, episodic_return=249.89
global_step=95724, episodic_return=283.84
global_step=95980, episodic_return=109.86
global_step=96268, episodic_return=132.98
global_step=96680, episodic_return=208.74
global_step=97148, episodic_return=249.15
global_step=97676, episodic_return=287.35
global_step=98212, episodic_return=284.41
Eval: global_step=98304, reward=297.08 +/- 2.01
global_step=98720, episodic_return=294.41
global_step=99208, episodic_return=273.19
global_step=99488, episodic_return=129.14
global_step=100064, episodic_return=298.72
global_step=100608, episodic_return=287.99
global_step=101172, episodic_return=278.61
global_step=101668, episodic_return=282.99
global_step=102276, episodic_return=330.49
global_step=102704, episodic_return=233.34
global_step=103236, episodic_return=278.53
global_step=103808, episodic_return=298.95
global_step=104344, episodic_return=297.11
global_step=104880, episodic_return=276.01
global_step=105380, episodic_return=301.01
global_step=105900, episodic_return=309.80
global_step=106412, episodic_return=289.23
Eval: global_step=106496, reward=300.30 +/- 1.90
global_step=106880, episodic_return=282.28
global_step=107324, episodic_return=237.38
global_step=107860, episodic_return=270.02
global_step=108396, episodic_return=302.11
global_step=108924, episodic_return=284.89
global_step=109448, episodic_return=299.03
global_step=109976, episodic_return=310.08
global_step=110528, episodic_return=323.19
global_step=111016, episodic_return=261.64
global_step=111628, episodic_return=318.59
global_step=112144, episodic_return=303.60
global_step=112684, episodic_return=313.79
global_step=113176, episodic_return=270.53
global_step=113652, episodic_return=273.74
global_step=114136, episodic_return=291.86
global_step=114620, episodic_return=285.61
Eval: global_step=114688, reward=306.32 +/- 1.36
global_step=115156, episodic_return=311.55
global_step=115684, episodic_return=307.04
global_step=116200, episodic_return=291.98
global_step=116728, episodic_return=305.11
global_step=117268, episodic_return=284.11
global_step=117780, episodic_return=300.51
global_step=118400, episodic_return=315.81
global_step=118924, episodic_return=311.28
global_step=119448, episodic_return=298.48
global_step=120008, episodic_return=302.17
global_step=120548, episodic_return=308.20
global_step=121116, episodic_return=299.28
global_step=121616, episodic_return=305.29
global_step=122076, episodic_return=245.05
global_step=122700, episodic_return=320.44
Eval: global_step=122880, reward=307.18 +/- 1.43
global_step=123244, episodic_return=318.22
global_step=123748, episodic_return=283.71
global_step=124276, episodic_return=297.24
global_step=124852, episodic_return=320.98
global_step=125476, episodic_return=342.74
global_step=126012, episodic_return=317.30
global_step=126564, episodic_return=310.54
global_step=127148, episodic_return=343.01
global_step=127708, episodic_return=328.05
global_step=128296, episodic_return=314.14
global_step=128796, episodic_return=273.27
global_step=129272, episodic_return=278.18
global_step=129816, episodic_return=287.87
global_step=130308, episodic_return=284.36
global_step=130848, episodic_return=313.05
Eval: global_step=131072, reward=311.72 +/- 1.41
global_step=131408, episodic_return=322.03
global_step=131924, episodic_return=302.75
global_step=132452, episodic_return=315.37
global_step=132964, episodic_return=297.07
global_step=133468, episodic_return=283.91
global_step=134008, episodic_return=326.84
global_step=134564, episodic_return=328.29
global_step=135132, episodic_return=311.12
global_step=135656, episodic_return=297.99
global_step=136096, episodic_return=235.77
global_step=136608, episodic_return=309.18
global_step=137100, episodic_return=277.77
global_step=137648, episodic_return=308.41
global_step=138128, episodic_return=256.52
global_step=138664, episodic_return=318.21
global_step=139156, episodic_return=292.93
Eval: global_step=139264, reward=311.64 +/- 1.44
global_step=139704, episodic_return=319.22
global_step=140212, episodic_return=306.96
global_step=140776, episodic_return=300.24
global_step=141284, episodic_return=288.77
global_step=141788, episodic_return=296.97
global_step=142304, episodic_return=298.74
global_step=142872, episodic_return=343.25
global_step=143360, episodic_return=264.95
global_step=143908, episodic_return=330.84
global_step=144428, episodic_return=302.58
global_step=144984, episodic_return=329.33
global_step=145504, episodic_return=311.22
global_step=145980, episodic_return=274.50
global_step=146508, episodic_return=307.56
global_step=147024, episodic_return=296.41
Eval: global_step=147456, reward=312.43 +/- 1.85
global_step=147536, episodic_return=306.83
global_step=148096, episodic_return=309.69
global_step=148660, episodic_return=318.56
global_step=149176, episodic_return=317.90
global_step=149696, episodic_return=302.06
global_step=150236, episodic_return=331.16
global_step=150804, episodic_return=332.87
global_step=151300, episodic_return=276.94
global_step=151836, episodic_return=318.56
global_step=152344, episodic_return=290.13
global_step=152896, episodic_return=320.13
global_step=153432, episodic_return=331.46
global_step=153992, episodic_return=353.63
global_step=154528, episodic_return=313.17
global_step=155040, episodic_return=300.26
global_step=155540, episodic_return=292.99
Eval: global_step=155648, reward=320.03 +/- 1.18
global_step=156056, episodic_return=300.49
global_step=156580, episodic_return=298.73
global_step=157104, episodic_return=314.21
global_step=157644, episodic_return=335.69
global_step=158140, episodic_return=281.24
global_step=158680, episodic_return=340.56
global_step=159192, episodic_return=308.97
global_step=159720, episodic_return=310.84
global_step=160264, episodic_return=325.48
global_step=160792, episodic_return=304.25
global_step=161296, episodic_return=311.01
global_step=161816, episodic_return=308.33
global_step=162332, episodic_return=300.85
global_step=162840, episodic_return=293.07
global_step=163348, episodic_return=290.26
Eval: global_step=163840, reward=330.84 +/- 1.72
global_step=163916, episodic_return=348.91
global_step=164456, episodic_return=326.53
global_step=164996, episodic_return=332.81
global_step=165552, episodic_return=349.27
global_step=166068, episodic_return=303.91
global_step=166652, episodic_return=344.33
global_step=167204, episodic_return=321.95
global_step=167776, episodic_return=333.34
global_step=168312, episodic_return=320.27
global_step=168840, episodic_return=323.08
global_step=169408, episodic_return=330.18
global_step=169960, episodic_return=338.58
global_step=170500, episodic_return=325.08
global_step=171064, episodic_return=341.48
global_step=171572, episodic_return=318.13
Eval: global_step=172032, reward=344.87 +/- 2.15
global_step=172076, episodic_return=299.40
global_step=172600, episodic_return=334.25
global_step=173160, episodic_return=354.73
global_step=173728, episodic_return=367.81
global_step=174236, episodic_return=308.56
global_step=174776, episodic_return=338.20
global_step=175344, episodic_return=341.18
global_step=175904, episodic_return=340.96
global_step=176444, episodic_return=328.96
global_step=176984, episodic_return=321.98
global_step=177464, episodic_return=280.81
global_step=178008, episodic_return=340.80
global_step=178536, episodic_return=312.42
global_step=179084, episodic_return=346.42
global_step=179624, episodic_return=336.91
global_step=180120, episodic_return=273.36
Eval: global_step=180224, reward=352.34 +/- 1.80
global_step=180640, episodic_return=315.77
global_step=181200, episodic_return=357.10
global_step=181720, episodic_return=320.94
global_step=182256, episodic_return=330.51
global_step=182784, episodic_return=337.87
global_step=183288, episodic_return=309.75
global_step=183848, episodic_return=351.86
global_step=184396, episodic_return=341.42
global_step=184912, episodic_return=293.37
global_step=185468, episodic_return=333.21
global_step=185992, episodic_return=313.06
global_step=186492, episodic_return=296.39
global_step=187008, episodic_return=306.96
global_step=187504, episodic_return=298.75
global_step=188032, episodic_return=306.95
Eval: global_step=188416, reward=358.86 +/- 1.45
global_step=188568, episodic_return=333.58
global_step=189152, episodic_return=373.09
global_step=189700, episodic_return=348.17
global_step=190196, episodic_return=313.56
global_step=190736, episodic_return=351.07
global_step=191236, episodic_return=324.37
global_step=191784, episodic_return=334.44
global_step=192344, episodic_return=324.39
global_step=192880, episodic_return=328.20
global_step=193436, episodic_return=348.26
global_step=193984, episodic_return=348.88
global_step=194548, episodic_return=369.61
global_step=195080, episodic_return=310.68
global_step=195628, episodic_return=349.55
global_step=196196, episodic_return=342.47
Eval: global_step=196608, reward=366.57 +/- 0.99
global_step=196724, episodic_return=330.06
global_step=197268, episodic_return=345.00
global_step=197828, episodic_return=348.36
global_step=198388, episodic_return=362.64
global_step=198940, episodic_return=359.87
global_step=199448, episodic_return=321.57
global_step=200016, episodic_return=365.92
global_step=200592, episodic_return=365.06
global_step=201132, episodic_return=350.89
global_step=201704, episodic_return=365.42
global_step=202240, episodic_return=352.43
global_step=202780, episodic_return=317.06
global_step=203260, episodic_return=297.08
global_step=203848, episodic_return=358.27
global_step=204392, episodic_return=332.64
Eval: global_step=204800, reward=377.73 +/- 2.00
global_step=204944, episodic_return=356.96
global_step=205524, episodic_return=392.62
global_step=206092, episodic_return=381.41
global_step=206624, episodic_return=348.72
global_step=207184, episodic_return=364.11
global_step=207728, episodic_return=342.76
global_step=208284, episodic_return=359.12
global_step=208800, episodic_return=328.12
global_step=209368, episodic_return=360.36
global_step=209916, episodic_return=343.24
global_step=210464, episodic_return=351.56
global_step=211016, episodic_return=357.97
global_step=211548, episodic_return=361.27
global_step=212148, episodic_return=397.48
global_step=212696, episodic_return=348.07
Eval: global_step=212992, reward=388.69 +/- 1.02
global_step=213232, episodic_return=353.95
global_step=213780, episodic_return=354.08
global_step=214308, episodic_return=343.16
global_step=214920, episodic_return=413.47
global_step=215484, episodic_return=358.15
global_step=216008, episodic_return=342.11
global_step=216572, episodic_return=382.08
global_step=217096, episodic_return=337.50
global_step=217516, episodic_return=243.94
global_step=218056, episodic_return=341.70
global_step=218624, episodic_return=374.62
global_step=219196, episodic_return=379.80
global_step=219756, episodic_return=376.27
global_step=220356, episodic_return=403.93
global_step=220904, episodic_return=356.39
Eval: global_step=221184, reward=402.11 +/- 1.40
global_step=221476, episodic_return=366.90
global_step=221988, episodic_return=318.19
global_step=222564, episodic_return=382.36
global_step=223144, episodic_return=389.55
global_step=223692, episodic_return=364.40
global_step=224252, episodic_return=373.70
global_step=224820, episodic_return=380.14
global_step=225348, episodic_return=346.13
global_step=225884, episodic_return=352.11
global_step=226464, episodic_return=388.27
global_step=227040, episodic_return=396.87
global_step=227624, episodic_return=380.86
global_step=228180, episodic_return=355.61
global_step=228736, episodic_return=350.46
global_step=229272, episodic_return=354.57
Eval: global_step=229376, reward=412.30 +/- 1.38
global_step=229812, episodic_return=352.63
global_step=230372, episodic_return=380.57
global_step=230972, episodic_return=379.43
global_step=231536, episodic_return=393.41
global_step=232084, episodic_return=370.02
global_step=232648, episodic_return=380.01
global_step=233244, episodic_return=403.56
global_step=233800, episodic_return=388.57
global_step=234352, episodic_return=362.52
global_step=234920, episodic_return=401.68
global_step=235472, episodic_return=379.69
global_step=236040, episodic_return=385.10
global_step=236532, episodic_return=327.10
global_step=237060, episodic_return=340.19
Eval: global_step=237568, reward=423.56 +/- 1.38
global_step=237608, episodic_return=366.26
global_step=238196, episodic_return=395.54
global_step=238732, episodic_return=365.63
global_step=239332, episodic_return=409.90
global_step=239884, episodic_return=370.81
global_step=240448, episodic_return=387.88
global_step=241012, episodic_return=384.33
global_step=241560, episodic_return=376.36
global_step=242104, episodic_return=374.73
global_step=242628, episodic_return=361.60
global_step=243172, episodic_return=364.65
global_step=243712, episodic_return=364.71
global_step=244268, episodic_return=380.98
global_step=244816, episodic_return=363.61
global_step=245356, episodic_return=359.03
Eval: global_step=245760, reward=424.03 +/- 2.26
global_step=245904, episodic_return=369.91
global_step=246460, episodic_return=384.95
global_step=246940, episodic_return=299.18
global_step=247536, episodic_return=402.10
global_step=248004, episodic_return=299.94
global_step=248588, episodic_return=398.37
global_step=249156, episodic_return=399.43
global_step=249708, episodic_return=371.02
global_step=250276, episodic_return=383.02
global_step=250820, episodic_return=358.84
global_step=251372, episodic_return=376.95
global_step=251904, episodic_return=363.28
global_step=252468, episodic_return=394.99
global_step=253060, episodic_return=408.20
global_step=253632, episodic_return=378.72
Eval: global_step=253952, reward=424.94 +/- 2.19
global_step=254204, episodic_return=372.44
global_step=254728, episodic_return=351.03
global_step=255280, episodic_return=375.54
global_step=255852, episodic_return=408.39
global_step=256424, episodic_return=395.37
global_step=256992, episodic_return=399.46
global_step=257544, episodic_return=372.13
global_step=258108, episodic_return=383.18
global_step=258664, episodic_return=390.45
global_step=259244, episodic_return=382.41
global_step=259812, episodic_return=392.86
global_step=260304, episodic_return=328.48
global_step=260848, episodic_return=374.00
global_step=261420, episodic_return=387.34
global_step=261948, episodic_return=361.72
Eval: global_step=262144, reward=425.25 +/- 2.03
global_step=262532, episodic_return=404.99
global_step=263108, episodic_return=395.26
global_step=263692, episodic_return=405.04
global_step=264264, episodic_return=403.36
global_step=264820, episodic_return=382.74
global_step=265396, episodic_return=406.27
global_step=265976, episodic_return=411.65
global_step=266576, episodic_return=415.61
global_step=267012, episodic_return=261.57
global_step=267592, episodic_return=403.47
global_step=268152, episodic_return=387.32
global_step=268716, episodic_return=387.47
global_step=269288, episodic_return=398.90
global_step=269908, episodic_return=407.94
Eval: global_step=270336, reward=425.65 +/- 1.31
global_step=270456, episodic_return=375.84
global_step=271064, episodic_return=410.48
global_step=271620, episodic_return=381.77
global_step=272192, episodic_return=393.56
global_step=272764, episodic_return=406.71
global_step=273360, episodic_return=414.74
global_step=273948, episodic_return=407.26
global_step=274532, episodic_return=403.95
global_step=275100, episodic_return=393.26
global_step=275668, episodic_return=398.24
global_step=276248, episodic_return=401.82
global_step=276828, episodic_return=392.84
global_step=277400, episodic_return=406.80
global_step=277972, episodic_return=386.16
global_step=278528, episodic_return=390.49
Eval: global_step=278528, reward=433.62 +/- 2.19
global_step=279128, episodic_return=399.82
global_step=279708, episodic_return=396.71
global_step=280272, episodic_return=402.34
global_step=280876, episodic_return=399.88
global_step=281464, episodic_return=410.33
global_step=282004, episodic_return=367.72
global_step=282576, episodic_return=395.24
global_step=283156, episodic_return=413.47
global_step=283716, episodic_return=396.33
global_step=284280, episodic_return=401.40
global_step=284856, episodic_return=411.92
global_step=285424, episodic_return=387.75
global_step=286008, episodic_return=414.03
global_step=286600, episodic_return=406.48
Eval: global_step=286720, reward=435.43 +/- 1.73
global_step=287160, episodic_return=390.83
global_step=287764, episodic_return=412.01
global_step=288340, episodic_return=412.20
global_step=288920, episodic_return=394.85
global_step=289476, episodic_return=396.58
global_step=290052, episodic_return=392.19
global_step=290620, episodic_return=392.70
global_step=291200, episodic_return=408.19
global_step=291792, episodic_return=418.45
global_step=292332, episodic_return=376.05
global_step=292924, episodic_return=421.72
global_step=293504, episodic_return=388.76
global_step=294056, episodic_return=383.65
global_step=294660, episodic_return=419.17
Eval: global_step=294912, reward=436.82 +/- 1.37
global_step=295252, episodic_return=410.88
global_step=295836, episodic_return=404.54
global_step=296428, episodic_return=402.87
global_step=297024, episodic_return=428.90
global_step=297644, episodic_return=418.33
global_step=298240, episodic_return=425.71
global_step=298844, episodic_return=384.71
global_step=299436, episodic_return=420.29
global_step=300004, episodic_return=402.05
global_step=300576, episodic_return=396.45
global_step=301140, episodic_return=388.68
global_step=301724, episodic_return=415.86
global_step=302296, episodic_return=408.63
global_step=302852, episodic_return=400.39
Eval: global_step=303104, reward=436.28 +/- 1.47
global_step=303420, episodic_return=389.38
global_step=304008, episodic_return=416.49
global_step=304612, episodic_return=431.37
global_step=305180, episodic_return=396.45
global_step=305768, episodic_return=411.13
global_step=306332, episodic_return=397.54
global_step=306892, episodic_return=398.16
global_step=307472, episodic_return=396.63
global_step=308048, episodic_return=404.84
global_step=308644, episodic_return=399.30
global_step=309244, episodic_return=421.25
global_step=309796, episodic_return=386.65
global_step=310376, episodic_return=419.61
global_step=310964, episodic_return=416.75
Eval: global_step=311296, reward=437.36 +/- 1.18
global_step=311548, episodic_return=416.02
global_step=312156, episodic_return=429.47
global_step=312744, episodic_return=425.73
global_step=313316, episodic_return=403.47
global_step=313880, episodic_return=405.24
global_step=314452, episodic_return=387.75
global_step=315044, episodic_return=416.85
global_step=315628, episodic_return=419.07
global_step=316228, episodic_return=424.82
global_step=316792, episodic_return=400.81
global_step=317368, episodic_return=421.53
global_step=317960, episodic_return=426.66
global_step=318564, episodic_return=425.92
global_step=319104, episodic_return=376.77
Eval: global_step=319488, reward=439.71 +/- 1.44
global_step=319712, episodic_return=432.75
global_step=320288, episodic_return=405.14
global_step=320876, episodic_return=423.56
global_step=321444, episodic_return=397.69
global_step=322028, episodic_return=420.40
global_step=322616, episodic_return=425.45
global_step=323212, episodic_return=433.77
global_step=323828, episodic_return=434.24
global_step=324420, episodic_return=421.25
global_step=325016, episodic_return=430.25
global_step=325616, episodic_return=432.96
global_step=326200, episodic_return=413.84
global_step=326780, episodic_return=414.71
global_step=327384, episodic_return=420.24
Eval: global_step=327680, reward=440.78 +/- 1.10
global_step=327980, episodic_return=421.31
global_step=328564, episodic_return=417.34
global_step=329116, episodic_return=389.88
global_step=329676, episodic_return=395.42
global_step=330268, episodic_return=428.41
global_step=330860, episodic_return=416.00
global_step=331444, episodic_return=426.91
global_step=332024, episodic_return=414.69
global_step=332456, episodic_return=265.40
global_step=333040, episodic_return=411.65
global_step=333612, episodic_return=389.44
global_step=334212, episodic_return=428.45
global_step=334800, episodic_return=428.09
global_step=335372, episodic_return=403.44
Eval: global_step=335872, reward=439.16 +/- 1.57
global_step=335948, episodic_return=415.83
global_step=336504, episodic_return=388.07
global_step=337076, episodic_return=414.23
global_step=337660, episodic_return=425.24
global_step=338256, episodic_return=424.45
global_step=338852, episodic_return=430.86
global_step=339452, episodic_return=427.03
global_step=340052, episodic_return=430.43
global_step=340620, episodic_return=412.12
global_step=341228, episodic_return=432.75
global_step=341820, episodic_return=413.11
global_step=342384, episodic_return=389.82
global_step=342956, episodic_return=402.73
global_step=343540, episodic_return=425.63
Eval: global_step=344064, reward=437.75 +/- 1.44
global_step=344132, episodic_return=429.86
global_step=344708, episodic_return=415.02
global_step=345304, episodic_return=432.12
global_step=345852, episodic_return=392.53
global_step=346452, episodic_return=437.11
global_step=347012, episodic_return=406.52
global_step=347604, episodic_return=426.61
global_step=348180, episodic_return=412.69
global_step=348772, episodic_return=426.41
global_step=349360, episodic_return=416.74
global_step=349944, episodic_return=417.81
global_step=350520, episodic_return=414.21
global_step=351108, episodic_return=418.89
global_step=351684, episodic_return=412.72
Eval: global_step=352256, reward=437.56 +/- 1.72
global_step=352264, episodic_return=416.37
global_step=352848, episodic_return=422.56
global_step=353424, episodic_return=417.22
global_step=354016, episodic_return=428.51
global_step=354596, episodic_return=422.44
global_step=355160, episodic_return=404.03
global_step=355732, episodic_return=412.20
global_step=356308, episodic_return=420.65
global_step=356908, episodic_return=432.71
global_step=357512, episodic_return=433.46
global_step=358100, episodic_return=429.33
global_step=358692, episodic_return=427.91
global_step=359284, episodic_return=430.07
global_step=359896, episodic_return=430.16
Eval: global_step=360448, reward=437.30 +/- 1.49
global_step=360496, episodic_return=432.53
global_step=361076, episodic_return=417.06
global_step=361672, episodic_return=431.56
global_step=362252, episodic_return=417.94
global_step=362820, episodic_return=406.42
global_step=363412, episodic_return=428.58
global_step=364012, episodic_return=436.44
global_step=364608, episodic_return=434.13
global_step=365172, episodic_return=403.63
global_step=365756, episodic_return=418.96
global_step=366336, episodic_return=420.93
global_step=366924, episodic_return=431.16
global_step=367512, episodic_return=422.77
global_step=368116, episodic_return=436.29
Eval: global_step=368640, reward=437.22 +/- 1.65
global_step=368692, episodic_return=414.49
global_step=369276, episodic_return=413.81
global_step=369852, episodic_return=418.89
global_step=370460, episodic_return=434.38
global_step=371048, episodic_return=429.58
global_step=371636, episodic_return=425.63
global_step=372228, episodic_return=428.06
global_step=372816, episodic_return=422.26
global_step=373416, episodic_return=434.87
global_step=374000, episodic_return=414.97
global_step=374596, episodic_return=429.51
global_step=375172, episodic_return=413.27
global_step=375776, episodic_return=437.80
global_step=376348, episodic_return=416.22
Eval: global_step=376832, reward=434.48 +/- 2.11
global_step=376896, episodic_return=380.46
global_step=377488, episodic_return=430.10
global_step=378060, episodic_return=413.21
global_step=378656, episodic_return=434.28
global_step=379240, episodic_return=418.22
global_step=379808, episodic_return=412.37
global_step=380348, episodic_return=387.70
global_step=380940, episodic_return=429.94
global_step=381500, episodic_return=408.57
global_step=382112, episodic_return=443.38
global_step=382688, episodic_return=418.95
global_step=383276, episodic_return=427.90
global_step=383860, episodic_return=416.91
global_step=384436, episodic_return=414.24
global_step=385012, episodic_return=415.70
Eval: global_step=385024, reward=433.25 +/- 1.84
global_step=385596, episodic_return=421.44
global_step=386180, episodic_return=423.04
global_step=386756, episodic_return=424.20
global_step=387352, episodic_return=435.50
global_step=387932, episodic_return=424.25
global_step=388516, episodic_return=420.51
global_step=389112, episodic_return=426.80
global_step=389664, episodic_return=399.63
global_step=390268, episodic_return=439.93
global_step=390844, episodic_return=417.32
global_step=391436, episodic_return=426.00
global_step=392012, episodic_return=422.36
global_step=392580, episodic_return=406.78
global_step=393176, episodic_return=432.67
Eval: global_step=393216, reward=435.19 +/- 1.76
global_step=393752, episodic_return=415.84
global_step=394340, episodic_return=428.98
global_step=394928, episodic_return=423.45
global_step=395500, episodic_return=414.99
global_step=396100, episodic_return=434.30
global_step=396680, episodic_return=415.04
global_step=397260, episodic_return=421.83
global_step=397828, episodic_return=411.20
global_step=398420, episodic_return=426.37
global_step=399004, episodic_return=425.06
global_step=399580, episodic_return=421.36
global_step=400164, episodic_return=427.64
global_step=400760, episodic_return=430.56
global_step=401320, episodic_return=409.77
Eval: global_step=401408, reward=436.56 +/- 1.98
global_step=401924, episodic_return=439.99
global_step=402504, episodic_return=418.79
global_step=403096, episodic_return=432.16
global_step=403680, episodic_return=422.63
global_step=404292, episodic_return=441.85
global_step=404876, episodic_return=423.57
global_step=405480, episodic_return=440.05
global_step=406072, episodic_return=435.56
global_step=406652, episodic_return=421.07
global_step=407244, episodic_return=428.56
global_step=407820, episodic_return=418.19
global_step=408396, episodic_return=415.14
global_step=408992, episodic_return=434.21
global_step=409556, episodic_return=408.98
Eval: global_step=409600, reward=435.97 +/- 2.19
global_step=410128, episodic_return=416.71
global_step=410712, episodic_return=427.24
global_step=411312, episodic_return=433.00
global_step=411888, episodic_return=413.08
global_step=412476, episodic_return=429.65
global_step=413052, episodic_return=416.73
global_step=413640, episodic_return=425.03
global_step=414232, episodic_return=430.51
global_step=414808, episodic_return=421.78
global_step=415404, episodic_return=434.28
global_step=415980, episodic_return=422.28
global_step=416568, episodic_return=433.05
global_step=417148, episodic_return=421.75
global_step=417744, episodic_return=436.02
Eval: global_step=417792, reward=439.20 +/- 1.00
global_step=418344, episodic_return=436.41
global_step=418916, episodic_return=417.97
global_step=419492, episodic_return=424.42
global_step=420084, episodic_return=428.27
global_step=420672, episodic_return=428.59
global_step=421244, episodic_return=418.10
global_step=421840, episodic_return=430.38
global_step=422412, episodic_return=415.16
global_step=423000, episodic_return=426.23
global_step=423580, episodic_return=424.27
global_step=424164, episodic_return=424.25
global_step=424760, episodic_return=433.25
global_step=425340, episodic_return=421.73
global_step=425940, episodic_return=432.62
Eval: global_step=425984, reward=440.20 +/- 2.36
global_step=426536, episodic_return=430.77
global_step=427116, episodic_return=429.02
global_step=427708, episodic_return=427.21
global_step=428288, episodic_return=426.57
global_step=428888, episodic_return=438.23
global_step=429480, episodic_return=429.75
global_step=430088, episodic_return=442.11
global_step=430684, episodic_return=435.25
global_step=431280, episodic_return=435.62
global_step=431860, episodic_return=421.75
global_step=432448, episodic_return=426.76
global_step=433024, episodic_return=422.01
global_step=433632, episodic_return=437.76
Eval: global_step=434176, reward=442.53 +/- 1.76
global_step=434220, episodic_return=427.80
global_step=434792, episodic_return=417.86
global_step=435392, episodic_return=436.01
global_step=435972, episodic_return=418.52
global_step=436576, episodic_return=435.68
global_step=437176, episodic_return=441.00
global_step=437752, episodic_return=423.65
global_step=438360, episodic_return=442.33
global_step=438944, episodic_return=431.27
global_step=439540, episodic_return=427.71
global_step=440148, episodic_return=431.81
global_step=440752, episodic_return=442.57
global_step=441352, episodic_return=423.65
global_step=441944, episodic_return=432.65
Eval: global_step=442368, reward=442.44 +/- 0.87
global_step=442524, episodic_return=422.74
global_step=443120, episodic_return=429.34
global_step=443716, episodic_return=429.78
global_step=444312, episodic_return=431.95
global_step=444908, episodic_return=439.16
global_step=445512, episodic_return=440.33
global_step=446100, episodic_return=430.39
global_step=446684, episodic_return=423.99
global_step=447292, episodic_return=435.32
global_step=447884, episodic_return=430.88
global_step=448476, episodic_return=432.48
global_step=449088, episodic_return=441.68
global_step=449680, episodic_return=418.40
global_step=450276, episodic_return=430.21
Eval: global_step=450560, reward=442.71 +/- 2.01
global_step=450876, episodic_return=432.28
global_step=451460, episodic_return=423.38
global_step=452064, episodic_return=435.53
global_step=452660, episodic_return=423.77
global_step=453248, episodic_return=431.48
global_step=453840, episodic_return=429.67
global_step=454440, episodic_return=431.14
global_step=455048, episodic_return=436.98
global_step=455632, episodic_return=418.30
global_step=456224, episodic_return=436.52
global_step=456824, episodic_return=430.92
global_step=457436, episodic_return=446.16
global_step=458024, episodic_return=429.22
global_step=458616, episodic_return=431.08
Eval: global_step=458752, reward=442.93 +/- 1.23
global_step=459204, episodic_return=423.84
global_step=459804, episodic_return=434.68
global_step=460408, episodic_return=434.49
global_step=460996, episodic_return=429.60
global_step=461592, episodic_return=436.87
global_step=462176, episodic_return=419.18
global_step=462776, episodic_return=440.25
global_step=463368, episodic_return=423.59
global_step=463980, episodic_return=432.63
global_step=464544, episodic_return=406.38
global_step=465140, episodic_return=431.06
global_step=465740, episodic_return=435.74
global_step=466312, episodic_return=418.01
global_step=466892, episodic_return=416.26
Eval: global_step=466944, reward=441.23 +/- 1.74
global_step=467496, episodic_return=438.04
global_step=468120, episodic_return=444.01
global_step=468720, episodic_return=438.42
global_step=469296, episodic_return=420.23
global_step=469864, episodic_return=417.92
global_step=470460, episodic_return=429.01
global_step=471072, episodic_return=441.63
global_step=471652, episodic_return=421.84
global_step=472260, episodic_return=439.59
global_step=472860, episodic_return=440.46
global_step=473452, episodic_return=436.95
global_step=474052, episodic_return=434.75
global_step=474640, episodic_return=431.58
Eval: global_step=475136, reward=440.93 +/- 1.93
global_step=475248, episodic_return=440.06
global_step=475844, episodic_return=433.65
global_step=476428, episodic_return=420.97
global_step=477020, episodic_return=433.36
global_step=477604, episodic_return=422.13
global_step=478200, episodic_return=433.92
global_step=478812, episodic_return=443.47
global_step=479412, episodic_return=437.84
global_step=480016, episodic_return=434.52
global_step=480612, episodic_return=438.16
global_step=481208, episodic_return=437.65
global_step=481800, episodic_return=435.29
global_step=482396, episodic_return=436.24
global_step=482972, episodic_return=417.11
Eval: global_step=483328, reward=441.09 +/- 1.78
global_step=483568, episodic_return=417.72
global_step=484164, episodic_return=429.21
global_step=484760, episodic_return=434.83
global_step=485372, episodic_return=431.71
global_step=485936, episodic_return=405.73
global_step=486516, episodic_return=425.89
global_step=487116, episodic_return=433.35
global_step=487716, episodic_return=436.78
global_step=488308, episodic_return=432.72
global_step=488892, episodic_return=422.11
global_step=489480, episodic_return=411.77
global_step=490068, episodic_return=428.11
global_step=490656, episodic_return=425.11
global_step=491240, episodic_return=429.67
Eval: global_step=491520, reward=440.66 +/- 2.26
global_step=491832, episodic_return=431.25
global_step=492428, episodic_return=430.03
global_step=493016, episodic_return=429.41
global_step=493588, episodic_return=412.32
global_step=494172, episodic_return=425.11
global_step=494768, episodic_return=436.10
global_step=495364, episodic_return=431.49
global_step=495964, episodic_return=436.75
global_step=496548, episodic_return=421.80
global_step=497144, episodic_return=429.99
global_step=497728, episodic_return=426.05
global_step=498316, episodic_return=427.58
global_step=498908, episodic_return=431.19
global_step=499496, episodic_return=424.45
Eval: global_step=499712, reward=440.25 +/- 1.93
global_step=500096, episodic_return=433.88
global_step=500684, episodic_return=430.14
global_step=501284, episodic_return=436.39
global_step=501880, episodic_return=434.67
global_step=502472, episodic_return=435.54
global_step=503052, episodic_return=423.70
global_step=503640, episodic_return=430.68
global_step=504236, episodic_return=437.33
global_step=504816, episodic_return=425.72
global_step=505400, episodic_return=425.17
global_step=505980, episodic_return=417.66
global_step=506560, episodic_return=424.76
global_step=507148, episodic_return=431.21
global_step=507736, episodic_return=425.59
Eval: global_step=507904, reward=439.89 +/- 1.53
global_step=508332, episodic_return=436.45
global_step=508924, episodic_return=433.27
global_step=509536, episodic_return=441.44
global_step=510128, episodic_return=432.05
global_step=510720, episodic_return=429.58
global_step=511292, episodic_return=420.74
global_step=511864, episodic_return=418.98
global_step=512452, episodic_return=432.36
global_step=513056, episodic_return=437.88
global_step=513636, episodic_return=424.49
global_step=514220, episodic_return=428.75
global_step=514824, episodic_return=433.12
global_step=515408, episodic_return=429.49
global_step=515984, episodic_return=418.84
Eval: global_step=516096, reward=440.57 +/- 1.19
global_step=516576, episodic_return=431.70
global_step=517184, episodic_return=443.19
global_step=517756, episodic_return=417.64
global_step=518352, episodic_return=432.94
global_step=518932, episodic_return=424.82
global_step=519524, episodic_return=431.36
global_step=520112, episodic_return=428.77
global_step=520704, episodic_return=428.97
global_step=521276, episodic_return=416.06
global_step=521880, episodic_return=433.73
global_step=522468, episodic_return=428.90
global_step=523072, episodic_return=440.97
global_step=523664, episodic_return=429.46
global_step=524260, episodic_return=435.69
Eval: global_step=524288, reward=440.37 +/- 0.96
global_step=524852, episodic_return=433.99
global_step=525464, episodic_return=438.93
global_step=526056, episodic_return=431.12
global_step=526652, episodic_return=430.35
global_step=527260, episodic_return=437.82
global_step=527848, episodic_return=431.07
global_step=528432, episodic_return=423.28
global_step=529028, episodic_return=436.29
global_step=529616, episodic_return=429.70
global_step=530196, episodic_return=422.73
global_step=530796, episodic_return=430.03
global_step=531376, episodic_return=422.32
global_step=531976, episodic_return=436.09
Eval: global_step=532480, reward=438.47 +/- 2.67
global_step=532576, episodic_return=435.52
global_step=533168, episodic_return=431.29
global_step=533768, episodic_return=435.95
global_step=534348, episodic_return=426.34
global_step=534932, episodic_return=422.91
global_step=535528, episodic_return=429.93
global_step=536104, episodic_return=423.38
global_step=536704, episodic_return=433.33
global_step=537300, episodic_return=438.19
global_step=537892, episodic_return=428.79
global_step=538488, episodic_return=435.50
global_step=539076, episodic_return=431.40
global_step=539656, episodic_return=425.53
global_step=540268, episodic_return=443.13
Eval: global_step=540672, reward=437.79 +/- 2.26
global_step=540860, episodic_return=431.91
global_step=541448, episodic_return=427.25
global_step=542032, episodic_return=429.35
global_step=542620, episodic_return=429.26
global_step=543200, episodic_return=427.25
global_step=543788, episodic_return=422.76
global_step=544384, episodic_return=433.64
global_step=544964, episodic_return=424.95
global_step=545572, episodic_return=444.51
global_step=546144, episodic_return=407.06
global_step=546740, episodic_return=433.35
global_step=547324, episodic_return=423.65
global_step=547904, episodic_return=424.29
global_step=548484, episodic_return=424.69
Eval: global_step=548864, reward=438.88 +/- 1.30
global_step=549076, episodic_return=427.98
global_step=549656, episodic_return=426.05
global_step=550248, episodic_return=432.64
global_step=550840, episodic_return=426.71
global_step=551420, episodic_return=426.63
global_step=552016, episodic_return=434.47
global_step=552600, episodic_return=430.60
global_step=553176, episodic_return=423.00
global_step=553776, episodic_return=432.57
global_step=554364, episodic_return=426.33
global_step=554940, episodic_return=420.77
global_step=555520, episodic_return=425.75
global_step=556116, episodic_return=429.43
global_step=556716, episodic_return=431.31
Eval: global_step=557056, reward=439.36 +/- 1.38
global_step=557312, episodic_return=434.55
global_step=557892, episodic_return=424.73
global_step=558456, episodic_return=410.61
global_step=559036, episodic_return=420.10
global_step=559632, episodic_return=429.87
global_step=560228, episodic_return=435.01
global_step=560800, episodic_return=416.84
global_step=561364, episodic_return=409.20
global_step=561968, episodic_return=437.07
global_step=562564, episodic_return=437.80
global_step=563144, episodic_return=427.68
global_step=563724, episodic_return=427.45
global_step=564312, episodic_return=430.66
global_step=564892, episodic_return=424.88
