/scratch1/tsa5252/anaconda3/envs/spiceenv/lib/python3.8/site-packages/hydra/_internal/defaults_list.py:251: UserWarning: In 'config': Defaults list is missing `_self_`. See https://hydra.cc/docs/1.2/upgrades/1.0_to_1.1/default_composition_order for more information
  warnings.warn(msg, UserWarning)
[[36m2026-03-01 13:05:55,785[0m][[34mOpenGL.acceleratesupport[0m][[32mINFO[0m] - No OpenGL_accelerate module loaded: No module named 'OpenGL_accelerate'[0m
Starting PPO Teacher Training on Hopper-v5...
Initialized ContinuousAgent for Hopper-v5 with actor_logstd = 0.0
Initialized ContinuousAgent for Hopper-v5 with actor_logstd = 0.0
global_step=80, episodic_return=17.66
global_step=116, episodic_return=3.10
global_step=224, episodic_return=5.74
global_step=276, episodic_return=6.43
global_step=320, episodic_return=5.22
global_step=368, episodic_return=6.24
global_step=508, episodic_return=19.60
global_step=636, episodic_return=27.54
global_step=736, episodic_return=12.45
global_step=812, episodic_return=6.09
global_step=852, episodic_return=5.52
global_step=892, episodic_return=4.84
global_step=952, episodic_return=12.52
global_step=1132, episodic_return=64.06
global_step=1216, episodic_return=20.00
global_step=1400, episodic_return=24.95
global_step=1484, episodic_return=14.50
global_step=1532, episodic_return=6.28
global_step=1616, episodic_return=7.98
global_step=1664, episodic_return=5.48
global_step=1712, episodic_return=7.54
global_step=1776, episodic_return=8.75
global_step=1832, episodic_return=7.60
global_step=1900, episodic_return=8.14
global_step=2176, episodic_return=76.26
global_step=2264, episodic_return=6.25
global_step=2336, episodic_return=8.87
global_step=2392, episodic_return=9.93
global_step=2736, episodic_return=158.72
global_step=2812, episodic_return=5.12
global_step=2900, episodic_return=16.88
global_step=2944, episodic_return=6.00
global_step=3108, episodic_return=21.21
global_step=3196, episodic_return=20.08
global_step=3280, episodic_return=14.62
global_step=3608, episodic_return=83.50
global_step=3688, episodic_return=15.96
global_step=3756, episodic_return=7.34
global_step=3800, episodic_return=6.31
global_step=3884, episodic_return=9.00
global_step=4044, episodic_return=46.10
global_step=4096, episodic_return=6.47
global_step=4204, episodic_return=14.97
global_step=4264, episodic_return=13.67
global_step=4340, episodic_return=14.14
global_step=4412, episodic_return=10.14
global_step=4456, episodic_return=6.21
global_step=4512, episodic_return=11.12
global_step=4552, episodic_return=5.13
global_step=4616, episodic_return=14.80
global_step=4676, episodic_return=10.27
global_step=4716, episodic_return=5.37
global_step=4768, episodic_return=9.46
global_step=4832, episodic_return=12.46
global_step=4888, episodic_return=5.27
global_step=4952, episodic_return=7.84
global_step=5028, episodic_return=13.85
global_step=5128, episodic_return=21.55
global_step=5220, episodic_return=7.02
global_step=5340, episodic_return=35.52
global_step=5400, episodic_return=11.96
global_step=5452, episodic_return=8.34
global_step=5516, episodic_return=8.93
global_step=5596, episodic_return=13.67
global_step=5672, episodic_return=11.25
global_step=5728, episodic_return=6.10
global_step=5816, episodic_return=18.70
global_step=5888, episodic_return=15.75
global_step=5992, episodic_return=15.62
global_step=6068, episodic_return=8.72
global_step=6172, episodic_return=19.55
global_step=6228, episodic_return=7.11
global_step=6348, episodic_return=10.42
global_step=6408, episodic_return=7.75
global_step=6556, episodic_return=46.50
global_step=6672, episodic_return=9.19
global_step=6704, episodic_return=4.23
global_step=6776, episodic_return=12.26
global_step=6816, episodic_return=6.29
global_step=6896, episodic_return=7.61
global_step=7064, episodic_return=23.08
global_step=7444, episodic_return=144.77
global_step=7492, episodic_return=7.14
global_step=7532, episodic_return=4.35
global_step=7580, episodic_return=6.86
global_step=7640, episodic_return=10.42
global_step=7696, episodic_return=10.54
global_step=7756, episodic_return=10.82
global_step=7808, episodic_return=8.79
global_step=7860, episodic_return=8.59
global_step=7916, episodic_return=9.54
global_step=8008, episodic_return=13.48
global_step=8064, episodic_return=6.70
global_step=8112, episodic_return=7.80
global_step=8168, episodic_return=10.90
Eval: global_step=8192, reward=121.36 +/- 3.29
global_step=8444, episodic_return=78.79
global_step=8540, episodic_return=22.52
global_step=8584, episodic_return=4.38
global_step=8644, episodic_return=9.20
global_step=8708, episodic_return=7.85
global_step=8824, episodic_return=20.26
global_step=8880, episodic_return=10.26
global_step=9080, episodic_return=43.10
global_step=9164, episodic_return=17.45
global_step=9248, episodic_return=17.14
global_step=9304, episodic_return=6.92
global_step=9376, episodic_return=12.07
global_step=9468, episodic_return=20.84
global_step=9536, episodic_return=7.75
global_step=9692, episodic_return=50.64
global_step=9736, episodic_return=6.42
global_step=9856, episodic_return=17.92
global_step=9904, episodic_return=3.40
global_step=10016, episodic_return=32.76
global_step=10292, episodic_return=122.63
global_step=10488, episodic_return=79.48
global_step=10648, episodic_return=35.29
global_step=10768, episodic_return=12.01
global_step=10984, episodic_return=72.88
global_step=11040, episodic_return=9.44
global_step=11140, episodic_return=16.79
global_step=11364, episodic_return=36.04
global_step=11488, episodic_return=46.95
global_step=11668, episodic_return=60.20
global_step=11720, episodic_return=9.77
global_step=11800, episodic_return=15.04
global_step=11880, episodic_return=13.19
global_step=11960, episodic_return=15.47
global_step=12032, episodic_return=13.64
global_step=12252, episodic_return=80.46
global_step=12344, episodic_return=25.95
global_step=12440, episodic_return=16.22
global_step=12484, episodic_return=7.05
global_step=12612, episodic_return=43.63
global_step=12716, episodic_return=15.69
global_step=12780, episodic_return=13.84
global_step=12888, episodic_return=14.02
global_step=12948, episodic_return=9.47
global_step=13052, episodic_return=19.86
global_step=13360, episodic_return=146.54
global_step=13480, episodic_return=35.11
global_step=13580, episodic_return=24.85
global_step=13716, episodic_return=51.31
global_step=13780, episodic_return=9.74
global_step=13956, episodic_return=44.82
global_step=14004, episodic_return=8.48
global_step=14044, episodic_return=6.48
global_step=14172, episodic_return=9.86
global_step=14384, episodic_return=45.47
global_step=14492, episodic_return=25.58
global_step=14532, episodic_return=5.39
global_step=14784, episodic_return=65.15
global_step=14884, episodic_return=12.38
global_step=15088, episodic_return=29.09
global_step=15148, episodic_return=8.92
global_step=15208, episodic_return=8.89
global_step=15292, episodic_return=13.68
global_step=15348, episodic_return=7.99
global_step=15448, episodic_return=29.31
global_step=15536, episodic_return=17.46
global_step=15684, episodic_return=54.12
global_step=15760, episodic_return=13.72
global_step=15812, episodic_return=9.97
global_step=15948, episodic_return=10.00
global_step=16024, episodic_return=14.77
global_step=16084, episodic_return=10.48
global_step=16332, episodic_return=63.98
Eval: global_step=16384, reward=55.00 +/- 1.19
global_step=16408, episodic_return=11.72
global_step=16700, episodic_return=122.28
global_step=16776, episodic_return=10.72
global_step=16904, episodic_return=38.49
global_step=17196, episodic_return=119.54
global_step=17432, episodic_return=93.55
global_step=17508, episodic_return=5.56
global_step=17596, episodic_return=19.79
global_step=17880, episodic_return=113.61
global_step=17952, episodic_return=15.66
global_step=18000, episodic_return=7.22
global_step=18184, episodic_return=72.44
global_step=18360, episodic_return=58.82
global_step=18752, episodic_return=198.14
global_step=18816, episodic_return=11.57
global_step=18932, episodic_return=25.35
global_step=19036, episodic_return=20.73
global_step=19120, episodic_return=13.59
global_step=19208, episodic_return=21.03
global_step=19468, episodic_return=111.68
global_step=19612, episodic_return=29.88
global_step=19764, episodic_return=31.82
global_step=19804, episodic_return=6.09
global_step=19904, episodic_return=8.85
global_step=19960, episodic_return=9.55
global_step=20004, episodic_return=6.44
global_step=20164, episodic_return=23.49
global_step=20288, episodic_return=48.51
global_step=20368, episodic_return=16.99
global_step=20416, episodic_return=8.59
global_step=20556, episodic_return=51.06
global_step=20660, episodic_return=13.45
global_step=20812, episodic_return=58.50
global_step=21016, episodic_return=83.97
global_step=21072, episodic_return=10.42
global_step=21136, episodic_return=7.07
global_step=21500, episodic_return=89.29
global_step=21620, episodic_return=48.10
global_step=21668, episodic_return=4.64
global_step=21788, episodic_return=38.11
global_step=21856, episodic_return=11.50
global_step=21916, episodic_return=8.80
global_step=22060, episodic_return=33.56
global_step=22264, episodic_return=52.26
global_step=22312, episodic_return=8.04
global_step=22516, episodic_return=71.41
global_step=22896, episodic_return=131.35
global_step=23012, episodic_return=25.78
global_step=23192, episodic_return=65.12
global_step=23320, episodic_return=39.51
global_step=23428, episodic_return=29.24
global_step=23524, episodic_return=21.54
global_step=23608, episodic_return=18.29
global_step=23784, episodic_return=56.82
global_step=23900, episodic_return=30.19
global_step=24140, episodic_return=105.50
global_step=24236, episodic_return=12.96
global_step=24432, episodic_return=84.11
global_step=24484, episodic_return=8.81
global_step=24572, episodic_return=18.38
Eval: global_step=24576, reward=209.34 +/- 1.21
global_step=24696, episodic_return=34.98
global_step=24764, episodic_return=15.06
global_step=25116, episodic_return=80.86
global_step=25296, episodic_return=74.64
global_step=25396, episodic_return=16.99
global_step=25548, episodic_return=54.31
global_step=25896, episodic_return=143.62
global_step=26172, episodic_return=121.11
global_step=26244, episodic_return=13.69
global_step=26476, episodic_return=93.38
global_step=26948, episodic_return=218.92
global_step=27224, episodic_return=114.94
global_step=27804, episodic_return=248.79
global_step=28224, episodic_return=143.66
global_step=28600, episodic_return=67.78
global_step=28788, episodic_return=40.95
global_step=29032, episodic_return=107.08
global_step=29340, episodic_return=126.48
global_step=29396, episodic_return=9.99
global_step=29488, episodic_return=21.00
global_step=29648, episodic_return=60.74
global_step=29768, episodic_return=25.00
global_step=30200, episodic_return=241.15
global_step=30288, episodic_return=21.04
global_step=30684, episodic_return=216.18
global_step=30756, episodic_return=13.86
global_step=30800, episodic_return=5.45
global_step=31100, episodic_return=128.35
global_step=31256, episodic_return=44.26
global_step=31548, episodic_return=137.99
global_step=31932, episodic_return=205.27
global_step=32296, episodic_return=202.38
global_step=32520, episodic_return=96.59
global_step=32580, episodic_return=8.89
global_step=32624, episodic_return=5.33
global_step=32764, episodic_return=58.37
Eval: global_step=32768, reward=206.52 +/- 0.90
global_step=33092, episodic_return=151.17
global_step=33328, episodic_return=105.79
global_step=33780, episodic_return=142.51
global_step=33832, episodic_return=8.65
global_step=33960, episodic_return=49.68
global_step=34160, episodic_return=86.44
global_step=34408, episodic_return=118.88
global_step=34484, episodic_return=14.56
global_step=34696, episodic_return=93.36
global_step=35052, episodic_return=190.80
global_step=35164, episodic_return=31.83
global_step=35288, episodic_return=49.33
global_step=35344, episodic_return=8.56
global_step=35740, episodic_return=201.19
global_step=36080, episodic_return=177.56
global_step=36260, episodic_return=74.32
global_step=36596, episodic_return=168.24
global_step=36696, episodic_return=15.09
global_step=37164, episodic_return=223.83
global_step=37444, episodic_return=136.03
global_step=37796, episodic_return=187.71
global_step=38284, episodic_return=231.79
global_step=38644, episodic_return=194.03
global_step=38852, episodic_return=89.92
global_step=39180, episodic_return=157.29
global_step=39308, episodic_return=50.60
global_step=39668, episodic_return=155.64
global_step=39864, episodic_return=80.17
global_step=40224, episodic_return=194.03
global_step=40316, episodic_return=22.12
global_step=40504, episodic_return=80.88
global_step=40812, episodic_return=153.39
Eval: global_step=40960, reward=195.20 +/- 1.62
global_step=41064, episodic_return=91.00
global_step=41408, episodic_return=164.76
global_step=41756, episodic_return=190.55
global_step=42096, episodic_return=157.93
global_step=42492, episodic_return=218.13
global_step=42812, episodic_return=170.11
global_step=43192, episodic_return=212.29
global_step=43628, episodic_return=212.58
global_step=43828, episodic_return=83.26
global_step=44224, episodic_return=196.13
global_step=44504, episodic_return=140.39
global_step=44924, episodic_return=216.04
global_step=45080, episodic_return=63.20
global_step=45164, episodic_return=25.18
global_step=45396, episodic_return=94.11
global_step=45764, episodic_return=203.45
global_step=46184, episodic_return=229.23
global_step=46588, episodic_return=213.68
global_step=46904, episodic_return=165.31
global_step=47508, episodic_return=267.69
global_step=47752, episodic_return=104.37
global_step=48120, episodic_return=206.88
global_step=48612, episodic_return=232.99
global_step=49068, episodic_return=234.05
Eval: global_step=49152, reward=188.45 +/- 1.29
global_step=49452, episodic_return=203.12
global_step=49860, episodic_return=214.29
global_step=50020, episodic_return=64.37
global_step=50212, episodic_return=84.96
global_step=50644, episodic_return=232.26
global_step=50996, episodic_return=194.56
global_step=51372, episodic_return=207.07
global_step=51480, episodic_return=42.45
global_step=51668, episodic_return=78.80
global_step=51804, episodic_return=54.67
global_step=52216, episodic_return=225.88
global_step=52580, episodic_return=163.86
global_step=52740, episodic_return=67.69
global_step=53064, episodic_return=150.29
global_step=53456, episodic_return=213.80
global_step=53844, episodic_return=190.86
global_step=54104, episodic_return=121.94
global_step=54508, episodic_return=218.90
global_step=54852, episodic_return=189.50
global_step=55256, episodic_return=203.60
global_step=55668, episodic_return=222.83
global_step=55916, episodic_return=115.53
global_step=56264, episodic_return=191.16
global_step=56644, episodic_return=203.16
global_step=56792, episodic_return=58.42
global_step=57148, episodic_return=185.43
Eval: global_step=57344, reward=193.92 +/- 2.02
global_step=57468, episodic_return=169.30
global_step=57680, episodic_return=90.10
global_step=58076, episodic_return=220.18
global_step=58368, episodic_return=145.83
global_step=58736, episodic_return=202.29
global_step=59128, episodic_return=205.92
global_step=59536, episodic_return=214.55
global_step=59932, episodic_return=215.97
global_step=60084, episodic_return=62.58
global_step=60468, episodic_return=202.98
global_step=60856, episodic_return=218.42
global_step=61248, episodic_return=216.13
global_step=61616, episodic_return=189.26
global_step=61984, episodic_return=210.13
global_step=62348, episodic_return=187.16
global_step=62680, episodic_return=171.70
global_step=62852, episodic_return=69.41
global_step=63236, episodic_return=211.15
global_step=63580, episodic_return=183.01
global_step=63952, episodic_return=198.05
global_step=64332, episodic_return=205.24
global_step=64612, episodic_return=136.26
global_step=65028, episodic_return=209.95
global_step=65392, episodic_return=202.57
Eval: global_step=65536, reward=187.08 +/- 1.10
global_step=65760, episodic_return=209.77
global_step=66132, episodic_return=196.63
global_step=66504, episodic_return=202.93
global_step=66872, episodic_return=195.03
global_step=67024, episodic_return=62.63
global_step=67436, episodic_return=227.46
global_step=67584, episodic_return=60.52
global_step=67872, episodic_return=142.33
global_step=68216, episodic_return=185.75
global_step=68576, episodic_return=200.43
global_step=68952, episodic_return=203.95
global_step=69332, episodic_return=208.59
global_step=69560, episodic_return=97.66
global_step=69956, episodic_return=190.73
global_step=70088, episodic_return=52.93
global_step=70472, episodic_return=209.02
global_step=70596, episodic_return=49.42
global_step=70952, episodic_return=187.30
global_step=71376, episodic_return=225.51
global_step=71640, episodic_return=115.41
global_step=72112, episodic_return=256.79
global_step=72492, episodic_return=215.02
global_step=72860, episodic_return=202.01
global_step=73272, episodic_return=222.11
global_step=73616, episodic_return=188.89
Eval: global_step=73728, reward=190.70 +/- 1.82
global_step=73912, episodic_return=138.56
global_step=74304, episodic_return=217.45
global_step=74732, episodic_return=207.93
global_step=75136, episodic_return=223.37
global_step=75516, episodic_return=211.19
global_step=75868, episodic_return=193.05
global_step=76260, episodic_return=190.77
global_step=76668, episodic_return=226.36
global_step=77072, episodic_return=225.33
global_step=77376, episodic_return=158.88
global_step=77656, episodic_return=138.07
global_step=77996, episodic_return=187.31
global_step=78364, episodic_return=198.37
global_step=78732, episodic_return=188.26
global_step=79120, episodic_return=207.83
global_step=79476, episodic_return=187.97
global_step=79912, episodic_return=216.35
global_step=80268, episodic_return=182.40
global_step=80668, episodic_return=226.85
global_step=80856, episodic_return=79.70
global_step=81224, episodic_return=195.03
global_step=81604, episodic_return=209.60
global_step=81772, episodic_return=68.72
Eval: global_step=81920, reward=188.28 +/- 2.09
global_step=82144, episodic_return=202.70
global_step=82516, episodic_return=206.68
global_step=82932, episodic_return=227.36
global_step=83300, episodic_return=201.12
global_step=83672, episodic_return=207.54
global_step=84020, episodic_return=173.86
global_step=84396, episodic_return=204.67
global_step=84748, episodic_return=191.89
global_step=85092, episodic_return=182.72
global_step=85492, episodic_return=194.35
global_step=85868, episodic_return=205.23
global_step=86260, episodic_return=222.13
global_step=86664, episodic_return=222.72
global_step=87024, episodic_return=197.66
global_step=87396, episodic_return=204.44
global_step=87780, episodic_return=216.53
global_step=88120, episodic_return=180.31
global_step=88464, episodic_return=172.44
global_step=88816, episodic_return=191.84
global_step=89148, episodic_return=172.01
global_step=89568, episodic_return=220.77
global_step=89964, episodic_return=220.83
Eval: global_step=90112, reward=199.07 +/- 1.53
global_step=90320, episodic_return=188.33
global_step=90708, episodic_return=210.62
global_step=91076, episodic_return=201.96
global_step=91492, episodic_return=221.91
global_step=91872, episodic_return=208.71
global_step=92220, episodic_return=192.36
global_step=92580, episodic_return=197.16
global_step=92964, episodic_return=215.31
global_step=93332, episodic_return=193.29
global_step=93676, episodic_return=180.79
global_step=94024, episodic_return=179.93
global_step=94380, episodic_return=190.13
global_step=94768, episodic_return=195.15
global_step=95128, episodic_return=179.61
global_step=95488, episodic_return=186.28
global_step=95872, episodic_return=211.86
global_step=96228, episodic_return=193.15
global_step=96592, episodic_return=200.00
global_step=96988, episodic_return=216.06
global_step=97388, episodic_return=217.55
global_step=97760, episodic_return=195.43
global_step=98164, episodic_return=225.12
Eval: global_step=98304, reward=200.22 +/- 2.29
global_step=98532, episodic_return=196.37
global_step=98908, episodic_return=186.19
global_step=99252, episodic_return=183.18
global_step=99636, episodic_return=210.81
global_step=99992, episodic_return=180.63
global_step=100380, episodic_return=211.20
global_step=100736, episodic_return=194.19
global_step=101120, episodic_return=206.54
global_step=101560, episodic_return=216.48
global_step=101972, episodic_return=223.85
global_step=102364, episodic_return=217.60
global_step=102740, episodic_return=210.37
global_step=103116, episodic_return=204.65
global_step=103520, episodic_return=217.53
global_step=103884, episodic_return=186.84
global_step=104220, episodic_return=172.85
global_step=104592, episodic_return=207.47
global_step=104980, episodic_return=209.23
global_step=105384, episodic_return=224.19
global_step=105756, episodic_return=204.35
global_step=106124, episodic_return=200.82
Eval: global_step=106496, reward=207.24 +/- 1.04
global_step=106528, episodic_return=226.65
global_step=106920, episodic_return=211.59
global_step=107316, episodic_return=222.63
global_step=107716, episodic_return=224.47
global_step=108100, episodic_return=206.96
global_step=108496, episodic_return=222.44
global_step=108880, episodic_return=208.45
global_step=109296, episodic_return=234.13
global_step=109660, episodic_return=200.03
global_step=110068, episodic_return=224.17
global_step=110456, episodic_return=212.23
global_step=110856, episodic_return=223.47
global_step=111228, episodic_return=200.00
global_step=111600, episodic_return=205.89
global_step=111984, episodic_return=206.65
global_step=112356, episodic_return=204.70
global_step=112744, episodic_return=216.42
global_step=113100, episodic_return=191.43
global_step=113464, episodic_return=198.33
global_step=113860, episodic_return=219.94
global_step=114212, episodic_return=178.24
global_step=114608, episodic_return=218.68
Eval: global_step=114688, reward=213.26 +/- 1.21
global_step=114996, episodic_return=216.18
global_step=115384, episodic_return=210.29
global_step=115784, episodic_return=222.09
global_step=116176, episodic_return=214.56
global_step=116576, episodic_return=223.72
global_step=116976, episodic_return=217.54
global_step=117372, episodic_return=221.67
global_step=117784, episodic_return=229.80
global_step=118172, episodic_return=214.99
global_step=118564, episodic_return=216.96
global_step=118932, episodic_return=194.01
global_step=119296, episodic_return=200.37
global_step=119688, episodic_return=210.74
global_step=120076, episodic_return=217.50
global_step=120448, episodic_return=208.14
global_step=120848, episodic_return=217.65
global_step=121228, episodic_return=210.20
global_step=121592, episodic_return=197.88
global_step=121964, episodic_return=208.64
global_step=122344, episodic_return=207.34
global_step=122752, episodic_return=227.45
Eval: global_step=122880, reward=221.67 +/- 1.07
global_step=123120, episodic_return=201.92
global_step=123508, episodic_return=212.57
global_step=123900, episodic_return=215.32
global_step=124276, episodic_return=204.66
global_step=124672, episodic_return=220.50
global_step=125076, episodic_return=233.69
global_step=125480, episodic_return=223.02
global_step=125868, episodic_return=216.24
global_step=126244, episodic_return=205.92
global_step=126648, episodic_return=223.89
global_step=127036, episodic_return=214.19
global_step=127456, episodic_return=242.71
global_step=127864, episodic_return=226.15
global_step=128260, episodic_return=218.23
global_step=128660, episodic_return=220.78
global_step=129064, episodic_return=221.49
global_step=129448, episodic_return=213.60
global_step=129836, episodic_return=215.18
global_step=130240, episodic_return=226.31
global_step=130628, episodic_return=211.25
global_step=131012, episodic_return=211.93
Eval: global_step=131072, reward=225.21 +/- 1.56
global_step=131420, episodic_return=233.96
global_step=131828, episodic_return=228.84
global_step=132236, episodic_return=228.62
global_step=132624, episodic_return=214.83
global_step=133048, episodic_return=239.63
global_step=133436, episodic_return=216.51
global_step=133836, episodic_return=223.82
global_step=134240, episodic_return=225.35
global_step=134608, episodic_return=201.48
global_step=134996, episodic_return=209.54
global_step=135396, episodic_return=223.16
global_step=135804, episodic_return=225.71
global_step=136184, episodic_return=215.99
global_step=136604, episodic_return=235.17
global_step=137008, episodic_return=227.89
global_step=137412, episodic_return=226.67
global_step=137812, episodic_return=218.82
global_step=138240, episodic_return=251.05
global_step=138648, episodic_return=230.79
global_step=139048, episodic_return=225.61
Eval: global_step=139264, reward=227.45 +/- 1.19
global_step=139456, episodic_return=224.53
global_step=139864, episodic_return=228.62
global_step=140272, episodic_return=224.18
global_step=140684, episodic_return=231.85
global_step=141084, episodic_return=219.40
global_step=141488, episodic_return=222.45
global_step=141928, episodic_return=258.25
global_step=142340, episodic_return=228.20
global_step=142752, episodic_return=224.83
global_step=143168, episodic_return=229.22
global_step=143580, episodic_return=230.99
global_step=143988, episodic_return=232.78
global_step=144400, episodic_return=232.79
global_step=144804, episodic_return=224.52
global_step=145200, episodic_return=220.67
global_step=145604, episodic_return=226.75
global_step=145996, episodic_return=220.48
global_step=146420, episodic_return=228.15
global_step=146828, episodic_return=234.52
global_step=147228, episodic_return=223.18
Eval: global_step=147456, reward=229.19 +/- 1.39
global_step=147628, episodic_return=222.46
global_step=148052, episodic_return=244.11
global_step=148480, episodic_return=242.57
global_step=148892, episodic_return=231.80
global_step=149292, episodic_return=222.15
global_step=149708, episodic_return=238.15
global_step=150136, episodic_return=247.19
global_step=150548, episodic_return=235.96
global_step=150992, episodic_return=258.92
global_step=151416, episodic_return=237.94
global_step=151768, episodic_return=192.17
global_step=152172, episodic_return=227.29
global_step=152588, episodic_return=230.08
global_step=152992, episodic_return=227.19
global_step=153404, episodic_return=230.95
global_step=153800, episodic_return=223.94
global_step=154180, episodic_return=216.87
global_step=154588, episodic_return=228.83
global_step=155016, episodic_return=247.96
global_step=155420, episodic_return=226.99
Eval: global_step=155648, reward=229.87 +/- 1.55
global_step=155892, episodic_return=287.40
global_step=156344, episodic_return=266.08
global_step=156724, episodic_return=209.62
global_step=157152, episodic_return=242.06
global_step=157564, episodic_return=232.23
global_step=158060, episodic_return=300.48
global_step=158472, episodic_return=234.50
global_step=158876, episodic_return=225.83
global_step=159280, episodic_return=223.34
global_step=159720, episodic_return=261.65
global_step=160160, episodic_return=262.49
global_step=160576, episodic_return=234.44
global_step=160992, episodic_return=236.33
global_step=161396, episodic_return=226.21
global_step=161776, episodic_return=210.86
global_step=162204, episodic_return=242.26
global_step=162604, episodic_return=225.89
global_step=162980, episodic_return=209.22
global_step=163408, episodic_return=243.02
global_step=163804, episodic_return=221.88
Eval: global_step=163840, reward=242.61 +/- 1.42
global_step=164300, episodic_return=309.55
global_step=164716, episodic_return=232.74
global_step=165140, episodic_return=245.50
global_step=165608, episodic_return=276.29
global_step=166052, episodic_return=261.64
global_step=166480, episodic_return=251.91
global_step=166904, episodic_return=242.58
global_step=167344, episodic_return=240.49
global_step=167768, episodic_return=243.38
global_step=168192, episodic_return=238.49
global_step=168632, episodic_return=261.91
global_step=169028, episodic_return=225.51
global_step=169464, episodic_return=258.09
global_step=169872, episodic_return=227.14
global_step=170324, episodic_return=263.64
global_step=170724, episodic_return=221.17
global_step=170956, episodic_return=101.89
global_step=171416, episodic_return=269.87
global_step=171912, episodic_return=312.41
Eval: global_step=172032, reward=283.64 +/- 1.29
global_step=172344, episodic_return=243.55
global_step=172780, episodic_return=254.32
global_step=173244, episodic_return=283.72
global_step=173660, episodic_return=230.36
global_step=174080, episodic_return=234.57
global_step=174544, episodic_return=287.46
global_step=174960, episodic_return=235.37
global_step=175360, episodic_return=228.38
global_step=175828, episodic_return=294.24
global_step=176320, episodic_return=312.34
global_step=176780, episodic_return=258.24
global_step=177216, episodic_return=256.09
global_step=177632, episodic_return=237.34
global_step=178104, episodic_return=286.19
global_step=178568, episodic_return=285.45
global_step=179052, episodic_return=299.62
global_step=179496, episodic_return=267.21
global_step=179928, episodic_return=246.89
Eval: global_step=180224, reward=321.23 +/- 1.49
global_step=180340, episodic_return=241.07
global_step=180824, episodic_return=292.05
global_step=181284, episodic_return=286.65
global_step=181820, episodic_return=349.57
global_step=182244, episodic_return=240.55
global_step=182712, episodic_return=281.93
global_step=183152, episodic_return=260.75
global_step=183588, episodic_return=259.46
global_step=184112, episodic_return=338.31
global_step=184560, episodic_return=268.47
global_step=185064, episodic_return=325.70
global_step=185584, episodic_return=337.50
global_step=186072, episodic_return=293.60
global_step=186548, episodic_return=292.53
global_step=187024, episodic_return=294.21
global_step=187456, episodic_return=254.95
global_step=187940, episodic_return=291.63
global_step=188348, episodic_return=235.92
Eval: global_step=188416, reward=351.70 +/- 0.92
global_step=188836, episodic_return=299.02
global_step=189284, episodic_return=271.03
global_step=189808, episodic_return=341.64
global_step=190284, episodic_return=290.60
global_step=190712, episodic_return=245.44
global_step=191176, episodic_return=277.98
global_step=191696, episodic_return=332.98
global_step=192232, episodic_return=350.19
global_step=192720, episodic_return=307.04
global_step=193240, episodic_return=329.02
global_step=193728, episodic_return=299.77
global_step=194232, episodic_return=324.99
global_step=194696, episodic_return=274.21
global_step=195200, episodic_return=324.46
global_step=195708, episodic_return=335.51
global_step=196244, episodic_return=344.78
Eval: global_step=196608, reward=373.33 +/- 1.42
global_step=196744, episodic_return=333.17
global_step=197232, episodic_return=309.10
global_step=197716, episodic_return=300.61
global_step=198276, episodic_return=371.08
global_step=198804, episodic_return=344.74
global_step=199328, episodic_return=335.78
global_step=199816, episodic_return=298.81
global_step=200332, episodic_return=344.20
global_step=200880, episodic_return=369.81
global_step=201384, episodic_return=317.05
global_step=201908, episodic_return=341.42
global_step=202380, episodic_return=287.02
global_step=202900, episodic_return=323.43
global_step=203448, episodic_return=358.77
global_step=203916, episodic_return=290.69
global_step=204436, episodic_return=354.59
Eval: global_step=204800, reward=407.20 +/- 1.24
global_step=204964, episodic_return=347.70
global_step=205432, episodic_return=290.37
global_step=205976, episodic_return=361.06
global_step=206472, episodic_return=323.08
global_step=207028, episodic_return=380.60
global_step=207548, episodic_return=335.07
global_step=207984, episodic_return=267.58
global_step=208532, episodic_return=356.63
global_step=208992, episodic_return=280.35
global_step=209516, episodic_return=346.60
global_step=210076, episodic_return=385.32
global_step=210612, episodic_return=342.62
global_step=211136, episodic_return=339.10
global_step=211696, episodic_return=374.46
global_step=212224, episodic_return=338.28
global_step=212768, episodic_return=360.79
Eval: global_step=212992, reward=405.59 +/- 1.67
global_step=213304, episodic_return=352.09
global_step=213836, episodic_return=343.95
global_step=214392, episodic_return=362.14
global_step=214968, episodic_return=397.48
global_step=215496, episodic_return=344.39
global_step=216024, episodic_return=333.58
global_step=216484, episodic_return=282.68
global_step=216984, episodic_return=319.44
global_step=217540, episodic_return=370.61
global_step=218100, episodic_return=373.28
global_step=218608, episodic_return=323.22
global_step=219176, episodic_return=367.70
global_step=219692, episodic_return=331.54
global_step=220200, episodic_return=326.98
global_step=220732, episodic_return=351.99
Eval: global_step=221184, reward=412.30 +/- 1.07
global_step=221280, episodic_return=365.05
global_step=221840, episodic_return=371.19
global_step=222396, episodic_return=384.77
global_step=222928, episodic_return=351.86
global_step=223512, episodic_return=374.13
global_step=224052, episodic_return=359.53
global_step=224600, episodic_return=367.06
global_step=225164, episodic_return=381.44
global_step=225700, episodic_return=345.94
global_step=226216, episodic_return=334.43
global_step=226760, episodic_return=359.56
global_step=227308, episodic_return=368.01
global_step=227744, episodic_return=267.32
global_step=228308, episodic_return=381.32
global_step=228872, episodic_return=372.06
Eval: global_step=229376, reward=422.05 +/- 1.75
global_step=229408, episodic_return=341.84
global_step=229936, episodic_return=352.29
global_step=230480, episodic_return=364.73
global_step=231028, episodic_return=362.03
global_step=231568, episodic_return=366.98
global_step=232108, episodic_return=359.95
global_step=232604, episodic_return=316.43
global_step=233152, episodic_return=365.81
global_step=233732, episodic_return=394.20
global_step=234260, episodic_return=350.58
global_step=234800, episodic_return=359.17
global_step=235356, episodic_return=366.70
global_step=235908, episodic_return=387.32
global_step=236452, episodic_return=360.01
global_step=236996, episodic_return=363.32
global_step=237516, episodic_return=347.03
Eval: global_step=237568, reward=422.21 +/- 1.25
global_step=238044, episodic_return=351.55
global_step=238616, episodic_return=392.32
global_step=239072, episodic_return=284.81
global_step=239616, episodic_return=365.98
global_step=240140, episodic_return=338.23
global_step=240620, episodic_return=306.71
global_step=241180, episodic_return=381.76
global_step=241752, episodic_return=396.95
global_step=242300, episodic_return=368.87
global_step=242844, episodic_return=371.39
global_step=243380, episodic_return=353.59
global_step=243932, episodic_return=380.65
global_step=244468, episodic_return=360.43
global_step=244972, episodic_return=330.60
global_step=245556, episodic_return=401.92
Eval: global_step=245760, reward=422.87 +/- 1.93
global_step=246088, episodic_return=345.36
global_step=246524, episodic_return=269.62
global_step=247076, episodic_return=372.26
global_step=247628, episodic_return=381.71
global_step=248152, episodic_return=337.12
global_step=248684, episodic_return=355.39
global_step=249244, episodic_return=392.78
global_step=249808, episodic_return=391.65
global_step=250376, episodic_return=384.01
global_step=250936, episodic_return=384.08
global_step=251516, episodic_return=398.78
global_step=252004, episodic_return=316.16
global_step=252560, episodic_return=373.60
global_step=253004, episodic_return=276.17
global_step=253552, episodic_return=371.02
Eval: global_step=253952, reward=422.10 +/- 1.51
global_step=254116, episodic_return=379.26
global_step=254648, episodic_return=358.22
global_step=255220, episodic_return=396.52
global_step=255772, episodic_return=377.55
global_step=256324, episodic_return=378.99
global_step=256868, episodic_return=352.66
global_step=257428, episodic_return=394.60
global_step=257992, episodic_return=398.01
global_step=258544, episodic_return=377.98
global_step=259088, episodic_return=372.38
global_step=259612, episodic_return=340.44
global_step=260164, episodic_return=376.80
global_step=260728, episodic_return=383.38
global_step=261304, episodic_return=396.50
global_step=261796, episodic_return=316.09
Eval: global_step=262144, reward=424.73 +/- 1.95
global_step=262376, episodic_return=394.34
global_step=262956, episodic_return=401.87
global_step=263524, episodic_return=392.26
global_step=264100, episodic_return=402.74
global_step=264660, episodic_return=397.23
global_step=265204, episodic_return=366.37
global_step=265764, episodic_return=389.54
global_step=266328, episodic_return=378.67
global_step=266912, episodic_return=397.82
global_step=267432, episodic_return=359.17
global_step=267980, episodic_return=369.46
global_step=268528, episodic_return=378.61
global_step=269104, episodic_return=384.68
global_step=269640, episodic_return=363.97
global_step=270224, episodic_return=414.96
Eval: global_step=270336, reward=421.97 +/- 1.79
global_step=270804, episodic_return=404.67
global_step=271356, episodic_return=370.81
global_step=271936, episodic_return=402.72
global_step=272516, episodic_return=398.47
global_step=273068, episodic_return=375.32
global_step=273632, episodic_return=385.14
global_step=274200, episodic_return=405.57
global_step=274748, episodic_return=374.74
global_step=275284, episodic_return=372.29
global_step=275848, episodic_return=387.52
global_step=276404, episodic_return=386.26
global_step=276976, episodic_return=405.04
global_step=277536, episodic_return=386.66
global_step=278096, episodic_return=389.13
Eval: global_step=278528, reward=423.42 +/- 1.57
global_step=278680, episodic_return=413.24
global_step=279272, episodic_return=414.41
global_step=279836, episodic_return=389.17
global_step=280408, episodic_return=395.74
global_step=280972, episodic_return=388.83
global_step=281520, episodic_return=377.16
global_step=282088, episodic_return=391.62
global_step=282676, episodic_return=406.52
global_step=283264, episodic_return=406.52
global_step=283836, episodic_return=397.42
global_step=284416, episodic_return=414.35
global_step=284964, episodic_return=372.15
global_step=285524, episodic_return=389.92
global_step=286080, episodic_return=382.90
global_step=286652, episodic_return=397.38
Eval: global_step=286720, reward=423.85 +/- 1.43
global_step=287208, episodic_return=384.79
global_step=287804, episodic_return=420.29
global_step=288336, episodic_return=359.98
global_step=288932, episodic_return=416.74
global_step=289496, episodic_return=390.99
global_step=290080, episodic_return=409.19
global_step=290668, episodic_return=416.50
global_step=291240, episodic_return=408.45
global_step=291820, episodic_return=402.20
global_step=292396, episodic_return=399.09
global_step=292976, episodic_return=401.41
global_step=293540, episodic_return=387.86
global_step=294100, episodic_return=392.11
global_step=294672, episodic_return=399.91
Eval: global_step=294912, reward=425.07 +/- 1.53
global_step=295264, episodic_return=393.94
global_step=295844, episodic_return=402.94
global_step=296428, episodic_return=404.41
global_step=297004, episodic_return=403.76
global_step=297572, episodic_return=402.83
global_step=298148, episodic_return=389.99
global_step=298704, episodic_return=387.02
global_step=299296, episodic_return=402.35
global_step=299856, episodic_return=378.89
global_step=300444, episodic_return=419.31
global_step=301012, episodic_return=399.28
global_step=301584, episodic_return=399.28
global_step=302156, episodic_return=403.78
global_step=302728, episodic_return=390.62
Eval: global_step=303104, reward=422.58 +/- 1.95
global_step=303312, episodic_return=402.71
global_step=303884, episodic_return=389.12
global_step=304456, episodic_return=394.26
global_step=305036, episodic_return=411.60
global_step=305640, episodic_return=418.70
global_step=306208, episodic_return=387.26
global_step=306788, episodic_return=411.22
global_step=307356, episodic_return=390.47
global_step=307948, episodic_return=412.81
global_step=308540, episodic_return=420.47
global_step=309128, episodic_return=408.80
global_step=309716, episodic_return=417.34
global_step=310316, episodic_return=422.38
global_step=310896, episodic_return=400.05
Eval: global_step=311296, reward=416.68 +/- 2.06
global_step=311488, episodic_return=406.18
global_step=312060, episodic_return=399.62
global_step=312648, episodic_return=422.08
global_step=313232, episodic_return=411.08
global_step=313824, episodic_return=426.33
global_step=314388, episodic_return=393.43
global_step=314976, episodic_return=419.04
global_step=315680, episodic_return=527.09
global_step=316268, episodic_return=405.05
global_step=316860, episodic_return=422.43
global_step=317456, episodic_return=416.43
global_step=318036, episodic_return=410.82
global_step=318632, episodic_return=405.49
global_step=319232, episodic_return=419.92
Eval: global_step=319488, reward=419.00 +/- 0.99
global_step=319800, episodic_return=393.71
global_step=320436, episodic_return=470.97
global_step=321032, episodic_return=415.91
global_step=321508, episodic_return=301.79
global_step=322092, episodic_return=404.83
global_step=322688, episodic_return=418.59
global_step=323296, episodic_return=429.26
global_step=323772, episodic_return=301.89
global_step=324360, episodic_return=411.47
global_step=324928, episodic_return=398.74
global_step=325628, episodic_return=528.58
global_step=326220, episodic_return=405.88
global_step=326808, episodic_return=414.70
global_step=327380, episodic_return=398.54
Eval: global_step=327680, reward=464.03 +/- 32.73
global_step=327952, episodic_return=404.17
global_step=328412, episodic_return=288.90
global_step=328996, episodic_return=413.19
global_step=329580, episodic_return=409.10
global_step=330176, episodic_return=419.36
global_step=330776, episodic_return=420.88
global_step=331364, episodic_return=410.10
global_step=331820, episodic_return=287.49
global_step=332408, episodic_return=416.74
global_step=332996, episodic_return=398.02
global_step=333592, episodic_return=414.42
global_step=334248, episodic_return=483.07
global_step=334836, episodic_return=406.23
global_step=335272, episodic_return=268.18
global_step=335852, episodic_return=408.86
Eval: global_step=335872, reward=500.05 +/- 2.87
global_step=336448, episodic_return=417.52
global_step=337052, episodic_return=427.86
global_step=337640, episodic_return=408.10
global_step=338236, episodic_return=421.34
global_step=338812, episodic_return=405.39
global_step=339392, episodic_return=396.18
global_step=340096, episodic_return=534.18
global_step=340724, episodic_return=458.39
global_step=341316, episodic_return=419.33
global_step=342048, episodic_return=552.70
global_step=342748, episodic_return=527.36
global_step=343336, episodic_return=415.21
global_step=344056, episodic_return=544.49
Eval: global_step=344064, reward=497.48 +/- 4.12
global_step=344644, episodic_return=416.58
global_step=345308, episodic_return=490.41
global_step=345964, episodic_return=487.89
global_step=346544, episodic_return=412.57
global_step=347132, episodic_return=404.12
global_step=347720, episodic_return=409.80
global_step=348304, episodic_return=409.92
global_step=348872, episodic_return=387.40
global_step=349460, episodic_return=420.77
global_step=350048, episodic_return=405.46
global_step=350752, episodic_return=537.88
global_step=351340, episodic_return=410.43
global_step=351932, episodic_return=411.47
Eval: global_step=352256, reward=492.84 +/- 5.48
global_step=352536, episodic_return=423.99
global_step=353220, episodic_return=516.30
global_step=353660, episodic_return=266.43
global_step=354240, episodic_return=398.82
global_step=354816, episodic_return=404.47
global_step=355260, episodic_return=274.93
global_step=355860, episodic_return=416.21
global_step=356432, episodic_return=404.31
global_step=357016, episodic_return=402.87
global_step=357600, episodic_return=410.12
global_step=358176, episodic_return=403.01
global_step=358760, episodic_return=405.64
global_step=359340, episodic_return=409.90
global_step=359928, episodic_return=413.57
Eval: global_step=360448, reward=519.41 +/- 4.07
global_step=360508, episodic_return=409.26
global_step=361168, episodic_return=493.53
global_step=361740, episodic_return=394.69
global_step=362376, episodic_return=451.67
global_step=362968, episodic_return=414.29
global_step=363560, episodic_return=423.43
global_step=364320, episodic_return=584.56
global_step=364920, episodic_return=419.61
global_step=365524, episodic_return=421.36
global_step=366120, episodic_return=421.48
global_step=366792, episodic_return=505.95
global_step=367368, episodic_return=404.45
global_step=367952, episodic_return=408.02
Eval: global_step=368640, reward=528.52 +/- 3.64
global_step=368740, episodic_return=607.68
global_step=369380, episodic_return=468.00
global_step=369956, episodic_return=397.27
global_step=370556, episodic_return=421.70
global_step=371228, episodic_return=496.68
global_step=371940, episodic_return=543.34
global_step=372520, episodic_return=405.43
global_step=373092, episodic_return=406.61
global_step=373748, episodic_return=481.96
global_step=374444, episodic_return=524.49
global_step=375140, episodic_return=521.70
global_step=375736, episodic_return=421.64
global_step=376364, episodic_return=457.12
Eval: global_step=376832, reward=543.76 +/- 2.81
global_step=377020, episodic_return=489.32
global_step=377632, episodic_return=445.71
global_step=378220, episodic_return=405.61
global_step=378824, episodic_return=434.52
global_step=379468, episodic_return=470.56
global_step=380136, episodic_return=499.96
global_step=380804, episodic_return=498.26
global_step=381464, episodic_return=488.90
global_step=382056, episodic_return=414.13
global_step=382708, episodic_return=482.92
global_step=383468, episodic_return=577.43
global_step=384236, episodic_return=591.52
global_step=384856, episodic_return=450.07
Eval: global_step=385024, reward=545.49 +/- 3.10
global_step=385608, episodic_return=574.15
global_step=386272, episodic_return=488.97
global_step=387020, episodic_return=572.14
global_step=387664, episodic_return=478.03
global_step=388400, episodic_return=561.77
global_step=389124, episodic_return=555.63
global_step=389764, episodic_return=471.18
global_step=390468, episodic_return=533.41
global_step=391096, episodic_return=458.11
global_step=391812, episodic_return=541.50
global_step=392480, episodic_return=498.66
global_step=393164, episodic_return=509.54
Eval: global_step=393216, reward=550.00 +/- 4.34
global_step=393860, episodic_return=523.00
global_step=394544, episodic_return=511.00
global_step=395208, episodic_return=496.61
global_step=395944, episodic_return=559.85
global_step=396660, episodic_return=544.32
global_step=397300, episodic_return=468.48
global_step=398008, episodic_return=537.54
global_step=398676, episodic_return=500.46
global_step=399324, episodic_return=483.32
global_step=400052, episodic_return=558.14
global_step=400736, episodic_return=512.66
Eval: global_step=401408, reward=554.08 +/- 6.08
global_step=401488, episodic_return=582.24
global_step=401944, episodic_return=285.02
global_step=402592, episodic_return=477.30
global_step=403428, episodic_return=648.59
global_step=404140, episodic_return=545.56
global_step=404848, episodic_return=538.30
global_step=405556, episodic_return=536.52
global_step=406240, episodic_return=516.91
global_step=406888, episodic_return=469.84
global_step=407564, episodic_return=507.41
global_step=408204, episodic_return=472.82
global_step=408976, episodic_return=603.22
Eval: global_step=409600, reward=547.71 +/- 6.47
global_step=409648, episodic_return=502.27
global_step=410316, episodic_return=488.43
global_step=411092, episodic_return=604.15
global_step=411752, episodic_return=498.97
global_step=412444, episodic_return=525.47
global_step=413152, episodic_return=541.35
global_step=413896, episodic_return=571.31
global_step=414588, episodic_return=526.94
global_step=415256, episodic_return=497.79
global_step=416016, episodic_return=583.82
global_step=416760, episodic_return=569.47
global_step=417516, episodic_return=579.47
Eval: global_step=417792, reward=568.30 +/- 4.61
global_step=418228, episodic_return=543.73
global_step=418964, episodic_return=563.79
global_step=419672, episodic_return=536.88
global_step=420480, episodic_return=629.15
global_step=421296, episodic_return=637.99
global_step=421944, episodic_return=481.68
global_step=422620, episodic_return=508.37
global_step=423404, episodic_return=615.58
global_step=424092, episodic_return=521.05
global_step=424916, episodic_return=643.69
global_step=425652, episodic_return=564.39
Eval: global_step=425984, reward=572.87 +/- 5.46
global_step=426428, episodic_return=602.63
global_step=427176, episodic_return=574.55
global_step=427884, episodic_return=542.20
global_step=428604, episodic_return=547.27
global_step=429276, episodic_return=505.91
global_step=429948, episodic_return=507.19
global_step=430776, episodic_return=650.61
global_step=431468, episodic_return=527.96
global_step=432164, episodic_return=531.75
global_step=432912, episodic_return=574.77
global_step=433680, episodic_return=593.81
Eval: global_step=434176, reward=594.67 +/- 15.00
global_step=434360, episodic_return=514.13
global_step=435172, episodic_return=636.87
global_step=436004, episodic_return=650.71
global_step=436728, episodic_return=545.80
global_step=437544, episodic_return=628.76
global_step=438324, episodic_return=604.02
global_step=439036, episodic_return=538.69
global_step=439808, episodic_return=600.78
global_step=440508, episodic_return=528.36
global_step=441268, episodic_return=586.46
global_step=442000, episodic_return=556.56
Eval: global_step=442368, reward=622.28 +/- 18.56
global_step=442696, episodic_return=527.96
global_step=443420, episodic_return=552.07
global_step=444212, episodic_return=617.37
global_step=444948, episodic_return=564.56
global_step=445812, episodic_return=660.20
global_step=446648, episodic_return=649.62
global_step=447372, episodic_return=554.44
global_step=448184, episodic_return=629.24
global_step=449020, episodic_return=645.03
global_step=449724, episodic_return=535.62
global_step=450468, episodic_return=574.86
Eval: global_step=450560, reward=644.53 +/- 15.27
global_step=451212, episodic_return=556.67
global_step=452036, episodic_return=633.15
global_step=452740, episodic_return=535.82
global_step=453576, episodic_return=654.05
global_step=454404, episodic_return=655.49
global_step=455056, episodic_return=482.63
global_step=455864, episodic_return=629.29
global_step=456556, episodic_return=526.63
global_step=457424, episodic_return=676.27
global_step=458128, episodic_return=530.42
Eval: global_step=458752, reward=672.88 +/- 4.23
global_step=458872, episodic_return=572.43
global_step=459616, episodic_return=578.00
global_step=460480, episodic_return=663.26
global_step=461320, episodic_return=661.79
global_step=462128, episodic_return=630.59
global_step=462992, episodic_return=679.87
global_step=463864, episodic_return=674.81
global_step=464712, episodic_return=652.24
global_step=465568, episodic_return=662.05
global_step=466436, episodic_return=679.85
Eval: global_step=466944, reward=679.70 +/- 1.83
global_step=467224, episodic_return=609.27
global_step=468088, episodic_return=671.03
global_step=468928, episodic_return=658.16
global_step=469756, episodic_return=646.23
global_step=470596, episodic_return=655.14
global_step=471452, episodic_return=674.24
global_step=472304, episodic_return=653.12
global_step=473104, episodic_return=616.53
global_step=473852, episodic_return=576.79
global_step=474700, episodic_return=661.51
Eval: global_step=475136, reward=684.56 +/- 2.84
global_step=475584, episodic_return=677.63
global_step=476440, episodic_return=647.69
global_step=477408, episodic_return=719.53
global_step=478212, episodic_return=627.24
global_step=479080, episodic_return=664.82
global_step=479948, episodic_return=672.64
global_step=480808, episodic_return=674.36
global_step=481640, episodic_return=651.88
global_step=482552, episodic_return=711.49
Eval: global_step=483328, reward=687.76 +/- 4.19
global_step=483404, episodic_return=667.41
global_step=484284, episodic_return=683.62
global_step=485048, episodic_return=590.70
global_step=485920, episodic_return=675.86
global_step=486784, episodic_return=681.94
global_step=487696, episodic_return=705.48
global_step=488576, episodic_return=687.61
global_step=489456, episodic_return=639.50
global_step=490308, episodic_return=655.16
global_step=491204, episodic_return=696.74
Eval: global_step=491520, reward=700.24 +/- 2.07
global_step=492084, episodic_return=688.48
global_step=492868, episodic_return=618.57
global_step=493720, episodic_return=656.31
global_step=494572, episodic_return=668.47
global_step=495416, episodic_return=659.52
global_step=496364, episodic_return=731.75
global_step=497264, episodic_return=690.19
global_step=498164, episodic_return=698.00
global_step=499040, episodic_return=664.01
Eval: global_step=499712, reward=711.71 +/- 5.36
global_step=499904, episodic_return=668.27
global_step=500780, episodic_return=690.77
global_step=501664, episodic_return=678.14
global_step=502552, episodic_return=675.53
global_step=503548, episodic_return=763.28
global_step=504468, episodic_return=705.43
global_step=505324, episodic_return=669.35
global_step=506248, episodic_return=716.04
global_step=507116, episodic_return=676.63
Eval: global_step=507904, reward=692.47 +/- 4.50
global_step=508352, episodic_return=993.50
global_step=509244, episodic_return=687.37
global_step=510124, episodic_return=681.49
global_step=511040, episodic_return=712.82
global_step=511976, episodic_return=720.64
global_step=512880, episodic_return=680.07
global_step=513804, episodic_return=714.52
global_step=514628, episodic_return=648.77
global_step=515632, episodic_return=765.64
Eval: global_step=516096, reward=720.93 +/- 10.35
global_step=516528, episodic_return=697.63
global_step=517412, episodic_return=695.72
global_step=518304, episodic_return=686.52
global_step=519252, episodic_return=677.37
global_step=520496, episodic_return=941.72
global_step=521404, episodic_return=690.67
global_step=522372, episodic_return=742.82
global_step=523268, episodic_return=684.33
global_step=524172, episodic_return=710.70
Eval: global_step=524288, reward=728.38 +/- 11.00
global_step=525224, episodic_return=834.56
global_step=526108, episodic_return=689.11
global_step=527020, episodic_return=711.38
global_step=527896, episodic_return=683.47
global_step=528876, episodic_return=745.66
global_step=529804, episodic_return=714.92
global_step=531004, episodic_return=931.17
global_step=531928, episodic_return=707.73
Eval: global_step=532480, reward=735.08 +/- 7.20
global_step=532768, episodic_return=665.54
global_step=533720, episodic_return=716.17
global_step=534568, episodic_return=658.71
global_step=535708, episodic_return=910.60
global_step=536700, episodic_return=746.96
global_step=537660, episodic_return=727.93
global_step=538584, episodic_return=700.45
global_step=539560, episodic_return=738.91
global_step=540512, episodic_return=732.74
Eval: global_step=540672, reward=744.37 +/- 3.06
global_step=541444, episodic_return=726.70
global_step=542736, episodic_return=957.69
global_step=543844, episodic_return=877.79
global_step=544764, episodic_return=708.96
global_step=545640, episodic_return=679.66
global_step=546600, episodic_return=732.79
global_step=547736, episodic_return=907.64
global_step=548696, episodic_return=747.82
Eval: global_step=548864, reward=744.47 +/- 4.84
