nohup: ignoring input
=================================================
Launching parallel sweep for Env: ant | Timesteps: 2000000
=================================================
Launching Process 1 (Seed: 554186) on CPUs 56-69
Launching Process 2 (Seed: 858354) on CPUs 70-83
Launching Process 3 (Seed: 305037) on CPUs 84-97
Launching Process 4 (Seed: 784025) on CPUs 98-111
Launching Process 5 (Seed: 792869) on CPUs 42-55
Finished Env: ant | Seed: 554186
--> Extracted Robustness results saved to: sweep_summaries/ant_seed_554186_final_results.txt
Finished Env: ant | Seed: 305037
--> Extracted Robustness results saved to: sweep_summaries/ant_seed_305037_final_results.txt
Finished Env: ant | Seed: 784025
--> Extracted Robustness results saved to: sweep_summaries/ant_seed_784025_final_results.txt
Finished Env: ant | Seed: 858354
--> Extracted Robustness results saved to: sweep_summaries/ant_seed_858354_final_results.txt
Finished Env: ant | Seed: 792869
--> Extracted Robustness results saved to: sweep_summaries/ant_seed_792869_final_results.txt
All seeds for Env: ant completed.

=================================================
Launching parallel sweep for Env: humanoid | Timesteps: 2000000
=================================================
Launching Process 1 (Seed: 944050) on CPUs 56-69
Launching Process 2 (Seed: 240108) on CPUs 70-83
Launching Process 3 (Seed: 95167) on CPUs 84-97
Launching Process 4 (Seed: 550266) on CPUs 98-111
Launching Process 5 (Seed: 915679) on CPUs 42-55
