/scratch1/tsa5252/anaconda3/lib/python3.11/site-packages/hydra/_internal/defaults_list.py:251: UserWarning: In 'config': Defaults list is missing `_self_`. See https://hydra.cc/docs/1.2/upgrades/1.0_to_1.1/default_composition_order for more information
  warnings.warn(msg, UserWarning)
[[36m2026-02-28 03:52:26,142[0m][[34mOpenGL.acceleratesupport[0m][[32mINFO[0m] - No OpenGL_accelerate module loaded: No module named 'OpenGL_accelerate'[0m
Starting PPO Teacher Training on HalfCheetah-v5...
global_step=4000, episodic_return=-157.09
global_step=8004, episodic_return=-181.99
Eval: global_step=8192, reward=-0.04 +/- 0.80
global_step=12008, episodic_return=-75.59
global_step=16012, episodic_return=-121.37
Eval: global_step=16384, reward=-0.93 +/- 0.56
global_step=20016, episodic_return=-94.66
global_step=24020, episodic_return=-66.63
Eval: global_step=24576, reward=-0.72 +/- 0.57
global_step=28024, episodic_return=2.04
global_step=32028, episodic_return=11.40
Eval: global_step=32768, reward=-1.64 +/- 0.85
global_step=36032, episodic_return=-61.88
global_step=40036, episodic_return=29.91
Eval: global_step=40960, reward=-1.13 +/- 0.73
global_step=44040, episodic_return=51.42
global_step=48044, episodic_return=28.33
Eval: global_step=49152, reward=-2.22 +/- 0.75
global_step=52048, episodic_return=125.04
global_step=56052, episodic_return=90.65
Eval: global_step=57344, reward=-1.53 +/- 0.56
global_step=60056, episodic_return=136.75
global_step=64060, episodic_return=259.70
Eval: global_step=65536, reward=3.87 +/- 0.78
global_step=68064, episodic_return=-48.61
global_step=72068, episodic_return=291.72
Eval: global_step=73728, reward=32.06 +/- 1.33
global_step=76072, episodic_return=292.93
global_step=80076, episodic_return=293.78
Eval: global_step=81920, reward=139.94 +/- 1.72
global_step=84080, episodic_return=376.66
global_step=88084, episodic_return=374.99
Eval: global_step=90112, reward=210.24 +/- 2.58
global_step=92088, episodic_return=350.82
global_step=96092, episodic_return=322.23
Eval: global_step=98304, reward=260.40 +/- 3.87
global_step=100096, episodic_return=388.36
global_step=104100, episodic_return=476.30
Eval: global_step=106496, reward=396.00 +/- 4.41
global_step=108104, episodic_return=565.47
global_step=112108, episodic_return=39.18
Eval: global_step=114688, reward=391.12 +/- 2.22
global_step=116112, episodic_return=23.32
global_step=120116, episodic_return=528.75
Eval: global_step=122880, reward=485.70 +/- 4.81
global_step=124120, episodic_return=685.21
global_step=128124, episodic_return=151.67
Eval: global_step=131072, reward=577.83 +/- 6.30
global_step=132128, episodic_return=79.36
global_step=136132, episodic_return=731.43
Eval: global_step=139264, reward=729.11 +/- 7.10
global_step=140136, episodic_return=427.41
global_step=144140, episodic_return=883.85
Eval: global_step=147456, reward=842.22 +/- 8.55
global_step=148144, episodic_return=717.86
global_step=152148, episodic_return=87.74
Eval: global_step=155648, reward=865.01 +/- 8.77
global_step=156152, episodic_return=189.84
global_step=160156, episodic_return=89.61
Eval: global_step=163840, reward=819.51 +/- 4.64
global_step=164160, episodic_return=687.79
global_step=168164, episodic_return=279.90
Eval: global_step=172032, reward=859.27 +/- 3.09
global_step=172168, episodic_return=674.07
global_step=176172, episodic_return=859.20
global_step=180176, episodic_return=807.36
Eval: global_step=180224, reward=881.99 +/- 4.92
global_step=184180, episodic_return=704.44
global_step=188184, episodic_return=923.72
Eval: global_step=188416, reward=994.10 +/- 10.01
global_step=192188, episodic_return=973.21
global_step=196192, episodic_return=1038.00
Eval: global_step=196608, reward=1104.31 +/- 16.86
global_step=200196, episodic_return=1056.84
global_step=204200, episodic_return=664.49
Eval: global_step=204800, reward=1206.84 +/- 11.50
global_step=208204, episodic_return=1142.51
global_step=212208, episodic_return=1121.64
Eval: global_step=212992, reward=1256.90 +/- 24.11
global_step=216212, episodic_return=1231.58
global_step=220216, episodic_return=927.37
Eval: global_step=221184, reward=1467.81 +/- 12.96
global_step=224220, episodic_return=1071.35
global_step=228224, episodic_return=1321.92
Eval: global_step=229376, reward=1440.92 +/- 11.14
global_step=232228, episodic_return=1250.15
global_step=236232, episodic_return=1183.68
Eval: global_step=237568, reward=1440.30 +/- 8.51
global_step=240236, episodic_return=1306.06
global_step=244240, episodic_return=1440.53
Eval: global_step=245760, reward=1551.18 +/- 7.95
global_step=248244, episodic_return=1373.28
global_step=252248, episodic_return=1421.37
Eval: global_step=253952, reward=1665.00 +/- 16.47
global_step=256252, episodic_return=1465.01
global_step=260256, episodic_return=609.04
Eval: global_step=262144, reward=1714.85 +/- 14.71
global_step=264260, episodic_return=843.39
global_step=268264, episodic_return=1526.68
Eval: global_step=270336, reward=1788.89 +/- 33.87
global_step=272268, episodic_return=1560.81
global_step=276272, episodic_return=991.53
Eval: global_step=278528, reward=1761.97 +/- 24.32
global_step=280276, episodic_return=1623.59
global_step=284280, episodic_return=1701.35
Eval: global_step=286720, reward=1747.54 +/- 35.21
global_step=288284, episodic_return=284.86
global_step=292288, episodic_return=430.43
Eval: global_step=294912, reward=1734.70 +/- 38.16
global_step=296292, episodic_return=1646.87
global_step=300296, episodic_return=1670.45
Eval: global_step=303104, reward=1920.17 +/- 37.07
global_step=304300, episodic_return=1777.09
global_step=308304, episodic_return=1782.51
Eval: global_step=311296, reward=1993.48 +/- 30.62
global_step=312308, episodic_return=1632.26
global_step=316312, episodic_return=1765.36
Eval: global_step=319488, reward=2072.56 +/- 19.24
global_step=320316, episodic_return=335.03
global_step=324320, episodic_return=1870.54
Eval: global_step=327680, reward=2220.71 +/- 31.84
global_step=328324, episodic_return=744.34
global_step=332328, episodic_return=607.51
Eval: global_step=335872, reward=2201.21 +/- 31.28
global_step=336332, episodic_return=1987.42
global_step=340336, episodic_return=1965.61
Eval: global_step=344064, reward=2297.64 +/- 27.70
global_step=344340, episodic_return=1819.28
global_step=348344, episodic_return=2001.86
Eval: global_step=352256, reward=2454.71 +/- 18.56
global_step=352348, episodic_return=2082.39
global_step=356352, episodic_return=2023.11
global_step=360356, episodic_return=2062.93
Eval: global_step=360448, reward=2472.07 +/- 30.15
global_step=364360, episodic_return=1548.88
global_step=368364, episodic_return=2008.27
Eval: global_step=368640, reward=2503.13 +/- 27.57
global_step=372368, episodic_return=99.08
global_step=376372, episodic_return=2189.84
Eval: global_step=376832, reward=2606.13 +/- 20.98
global_step=380376, episodic_return=2259.56
global_step=384380, episodic_return=1229.72
Eval: global_step=385024, reward=2653.47 +/- 41.03
global_step=388384, episodic_return=500.38
global_step=392388, episodic_return=424.37
Eval: global_step=393216, reward=2568.79 +/- 26.64
global_step=396392, episodic_return=2225.89
global_step=400396, episodic_return=2302.73
Eval: global_step=401408, reward=2590.71 +/- 26.90
global_step=404400, episodic_return=2221.73
global_step=408404, episodic_return=1150.95
Eval: global_step=409600, reward=2654.10 +/- 30.32
global_step=412408, episodic_return=2289.38
global_step=416412, episodic_return=2279.19
Eval: global_step=417792, reward=2684.63 +/- 27.69
global_step=420416, episodic_return=2326.56
global_step=424420, episodic_return=1883.26
Eval: global_step=425984, reward=2725.77 +/- 24.43
global_step=428424, episodic_return=2304.46
global_step=432428, episodic_return=2419.87
Eval: global_step=434176, reward=2757.66 +/- 17.51
global_step=436432, episodic_return=1059.13
global_step=440436, episodic_return=2252.54
Eval: global_step=442368, reward=2762.22 +/- 25.44
global_step=444440, episodic_return=2421.14
global_step=448444, episodic_return=2495.52
Eval: global_step=450560, reward=2751.78 +/- 29.98
global_step=452448, episodic_return=2459.81
global_step=456452, episodic_return=2340.50
Eval: global_step=458752, reward=2830.12 +/- 26.87
global_step=460456, episodic_return=2409.74
global_step=464460, episodic_return=2535.13
Eval: global_step=466944, reward=2901.09 +/- 43.92
global_step=468464, episodic_return=2597.12
global_step=472468, episodic_return=1329.16
Eval: global_step=475136, reward=2979.09 +/- 46.29
global_step=476472, episodic_return=2543.22
global_step=480476, episodic_return=1966.92
Eval: global_step=483328, reward=2976.19 +/- 29.68
global_step=484480, episodic_return=2579.45
global_step=488484, episodic_return=2642.45
Eval: global_step=491520, reward=2963.04 +/- 30.66
global_step=492488, episodic_return=2554.86
global_step=496492, episodic_return=2536.41
Eval: global_step=499712, reward=2947.43 +/- 21.57
global_step=500496, episodic_return=2674.80
global_step=504500, episodic_return=125.34
Eval: global_step=507904, reward=3011.69 +/- 31.68
global_step=508504, episodic_return=2603.41
global_step=512508, episodic_return=2639.21
Eval: global_step=516096, reward=2921.73 +/- 461.64
global_step=516512, episodic_return=2562.07
global_step=520516, episodic_return=2635.07
Eval: global_step=524288, reward=3118.72 +/- 35.38
global_step=524520, episodic_return=2711.38
global_step=528524, episodic_return=2626.90
Eval: global_step=532480, reward=3153.66 +/- 36.28
global_step=532528, episodic_return=1185.86
global_step=536532, episodic_return=2753.97
global_step=540536, episodic_return=1290.22
Eval: global_step=540672, reward=3164.05 +/- 20.97
global_step=544540, episodic_return=2785.61
global_step=548544, episodic_return=2774.91
Eval: global_step=548864, reward=3202.20 +/- 36.91
global_step=552548, episodic_return=2767.85
global_step=556552, episodic_return=2785.77
Eval: global_step=557056, reward=3203.99 +/- 35.49
global_step=560556, episodic_return=2784.30
global_step=564560, episodic_return=262.91
Eval: global_step=565248, reward=3178.61 +/- 33.24
global_step=568564, episodic_return=2853.89
global_step=572568, episodic_return=2818.50
Eval: global_step=573440, reward=2981.02 +/- 696.82
global_step=576572, episodic_return=2828.50
global_step=580576, episodic_return=429.10
Eval: global_step=581632, reward=3260.25 +/- 45.02
global_step=584580, episodic_return=2821.86
global_step=588584, episodic_return=2744.48
Eval: global_step=589824, reward=3214.24 +/- 77.05
global_step=592588, episodic_return=2525.98
global_step=596592, episodic_return=2841.90
Eval: global_step=598016, reward=3258.37 +/- 51.91
global_step=600596, episodic_return=2844.72
global_step=604600, episodic_return=2796.04
Eval: global_step=606208, reward=2977.61 +/- 863.77
global_step=608604, episodic_return=2946.87
global_step=612608, episodic_return=2933.50
Eval: global_step=614400, reward=3193.78 +/- 128.89
global_step=616612, episodic_return=2921.45
global_step=620616, episodic_return=2918.12
Eval: global_step=622592, reward=3021.20 +/- 608.42
global_step=624620, episodic_return=3002.65
global_step=628624, episodic_return=2879.16
Eval: global_step=630784, reward=3261.13 +/- 24.49
global_step=632628, episodic_return=2853.82
global_step=636632, episodic_return=2974.93
Eval: global_step=638976, reward=3131.13 +/- 460.06
global_step=640636, episodic_return=3065.42
global_step=644640, episodic_return=2968.18
Eval: global_step=647168, reward=3193.40 +/- 169.05
global_step=648644, episodic_return=63.63
global_step=652648, episodic_return=2979.42
Eval: global_step=655360, reward=3296.62 +/- 52.15
global_step=656652, episodic_return=2928.16
global_step=660656, episodic_return=2969.10
Eval: global_step=663552, reward=2922.45 +/- 777.73
global_step=664660, episodic_return=2933.34
global_step=668664, episodic_return=67.28
Eval: global_step=671744, reward=2899.58 +/- 828.80
global_step=672668, episodic_return=3024.99
global_step=676672, episodic_return=1976.72
Eval: global_step=679936, reward=3195.77 +/- 349.71
global_step=680676, episodic_return=2971.16
global_step=684680, episodic_return=2841.48
Eval: global_step=688128, reward=3037.22 +/- 864.74
global_step=688684, episodic_return=2908.60
global_step=692688, episodic_return=2952.44
Eval: global_step=696320, reward=3329.45 +/- 32.69
global_step=696692, episodic_return=2993.40
global_step=700696, episodic_return=3122.69
Eval: global_step=704512, reward=3057.05 +/- 841.69
global_step=704700, episodic_return=3049.24
global_step=708704, episodic_return=2944.15
Eval: global_step=712704, reward=3157.73 +/- 543.31
global_step=712708, episodic_return=3065.96
global_step=716712, episodic_return=3090.35
global_step=720716, episodic_return=2989.88
Eval: global_step=720896, reward=3326.56 +/- 37.73
global_step=724720, episodic_return=241.66
global_step=728724, episodic_return=2980.88
Eval: global_step=729088, reward=3053.41 +/- 568.26
global_step=732728, episodic_return=3140.35
global_step=736732, episodic_return=3048.37
Eval: global_step=737280, reward=2811.34 +/- 1038.52
global_step=740736, episodic_return=3120.64
global_step=744740, episodic_return=3020.09
Eval: global_step=745472, reward=3348.93 +/- 37.81
global_step=748744, episodic_return=1523.57
global_step=752748, episodic_return=3065.47
Eval: global_step=753664, reward=3124.94 +/- 773.63
global_step=756752, episodic_return=3155.48
global_step=760756, episodic_return=3142.68
Eval: global_step=761856, reward=3419.44 +/- 34.45
global_step=764760, episodic_return=3117.00
global_step=768764, episodic_return=3173.29
Eval: global_step=770048, reward=3226.39 +/- 647.47
global_step=772768, episodic_return=3140.73
global_step=776772, episodic_return=3214.34
Eval: global_step=778240, reward=3428.37 +/- 43.44
global_step=780776, episodic_return=3134.86
global_step=784780, episodic_return=3082.73
Eval: global_step=786432, reward=3391.18 +/- 39.87
global_step=788784, episodic_return=3030.15
global_step=792788, episodic_return=3076.18
Eval: global_step=794624, reward=3434.71 +/- 24.32
global_step=796792, episodic_return=3179.25
global_step=800796, episodic_return=3185.54
Eval: global_step=802816, reward=3404.92 +/- 45.83
global_step=804800, episodic_return=3178.15
global_step=808804, episodic_return=3157.99
Eval: global_step=811008, reward=3232.93 +/- 489.65
global_step=812808, episodic_return=3154.35
global_step=816812, episodic_return=1960.44
Eval: global_step=819200, reward=3425.95 +/- 35.65
global_step=820816, episodic_return=3195.11
global_step=824820, episodic_return=3228.83
Eval: global_step=827392, reward=3459.52 +/- 38.80
global_step=828824, episodic_return=3155.74
global_step=832828, episodic_return=3276.77
Eval: global_step=835584, reward=3451.95 +/- 45.25
global_step=836832, episodic_return=3275.80
global_step=840836, episodic_return=3233.80
Eval: global_step=843776, reward=3420.50 +/- 247.93
global_step=844840, episodic_return=3269.53
global_step=848844, episodic_return=3228.85
Eval: global_step=851968, reward=3489.22 +/- 30.69
global_step=852848, episodic_return=3335.70
global_step=856852, episodic_return=3299.53
Eval: global_step=860160, reward=3474.34 +/- 34.94
global_step=860856, episodic_return=3359.33
global_step=864860, episodic_return=3339.50
Eval: global_step=868352, reward=3496.93 +/- 44.24
global_step=868864, episodic_return=1071.19
global_step=872868, episodic_return=3227.93
Eval: global_step=876544, reward=3162.65 +/- 1001.42
global_step=876872, episodic_return=3310.31
global_step=880876, episodic_return=3307.65
Eval: global_step=884736, reward=3333.60 +/- 487.35
global_step=884880, episodic_return=3303.59
global_step=888884, episodic_return=3296.41
global_step=892888, episodic_return=3277.45
Eval: global_step=892928, reward=3483.63 +/- 31.55
global_step=896892, episodic_return=3256.33
global_step=900896, episodic_return=3287.44
Eval: global_step=901120, reward=3492.36 +/- 28.28
global_step=904900, episodic_return=3277.89
global_step=908904, episodic_return=3381.35
Eval: global_step=909312, reward=3525.55 +/- 35.35
global_step=912908, episodic_return=3289.90
global_step=916912, episodic_return=3350.93
Eval: global_step=917504, reward=3540.48 +/- 37.45
global_step=920916, episodic_return=3430.72
global_step=924920, episodic_return=3350.51
Eval: global_step=925696, reward=3532.10 +/- 24.20
global_step=928924, episodic_return=3337.88
global_step=932928, episodic_return=3360.87
Eval: global_step=933888, reward=3167.52 +/- 1011.34
global_step=936932, episodic_return=3374.24
global_step=940936, episodic_return=3345.92
Eval: global_step=942080, reward=3527.65 +/- 51.13
global_step=944940, episodic_return=3399.21
global_step=948944, episodic_return=3409.47
Eval: global_step=950272, reward=3506.49 +/- 45.20
global_step=952948, episodic_return=3345.95
global_step=956952, episodic_return=578.16
Eval: global_step=958464, reward=3536.63 +/- 58.00
global_step=960956, episodic_return=3456.83
global_step=964960, episodic_return=3418.08
Eval: global_step=966656, reward=3504.12 +/- 35.46
global_step=968964, episodic_return=3375.90
global_step=972968, episodic_return=3337.88
Eval: global_step=974848, reward=3525.81 +/- 19.17
global_step=976972, episodic_return=3398.90
global_step=980976, episodic_return=17.36
Eval: global_step=983040, reward=3379.04 +/- 389.93
global_step=984980, episodic_return=3351.44
global_step=988984, episodic_return=3326.54
Eval: global_step=991232, reward=3183.34 +/- 847.36
global_step=992988, episodic_return=3250.23
global_step=996992, episodic_return=3383.19
Eval: global_step=999424, reward=3539.84 +/- 39.92
global_step=1000996, episodic_return=1.28
global_step=1005000, episodic_return=3373.66
Eval: global_step=1007616, reward=3499.59 +/- 64.81
global_step=1009004, episodic_return=3341.06
global_step=1013008, episodic_return=3371.79
Eval: global_step=1015808, reward=3530.81 +/- 32.78
global_step=1017012, episodic_return=3304.51
global_step=1021016, episodic_return=3254.44
Eval: global_step=1024000, reward=3535.21 +/- 53.94
global_step=1025020, episodic_return=3403.83
global_step=1029024, episodic_return=3350.27
Eval: global_step=1032192, reward=3517.14 +/- 51.75
global_step=1033028, episodic_return=3294.67
global_step=1037032, episodic_return=3399.89
Eval: global_step=1040384, reward=3535.32 +/- 41.35
global_step=1041036, episodic_return=3335.27
global_step=1045040, episodic_return=3381.28
Eval: global_step=1048576, reward=3503.16 +/- 40.66
global_step=1049044, episodic_return=3445.30
global_step=1053048, episodic_return=3346.99
Eval: global_step=1056768, reward=3490.68 +/- 30.55
global_step=1057052, episodic_return=3288.95
global_step=1061056, episodic_return=3313.02
Eval: global_step=1064960, reward=3480.88 +/- 38.78
global_step=1065060, episodic_return=3249.19
global_step=1069064, episodic_return=3399.62
global_step=1073068, episodic_return=3380.39
Eval: global_step=1073152, reward=3527.71 +/- 46.54
global_step=1077072, episodic_return=3373.83
global_step=1081076, episodic_return=3337.62
Eval: global_step=1081344, reward=3498.43 +/- 40.34
global_step=1085080, episodic_return=3400.07
global_step=1089084, episodic_return=3337.02
Eval: global_step=1089536, reward=3521.96 +/- 38.26
global_step=1093088, episodic_return=3387.26
global_step=1097092, episodic_return=3273.96
Eval: global_step=1097728, reward=3539.80 +/- 35.50
global_step=1101096, episodic_return=3370.90
global_step=1105100, episodic_return=3398.71
Eval: global_step=1105920, reward=3582.08 +/- 36.63
global_step=1109104, episodic_return=3431.91
global_step=1113108, episodic_return=3489.81
Eval: global_step=1114112, reward=3594.04 +/- 37.94
global_step=1117112, episodic_return=3425.08
global_step=1121116, episodic_return=3434.68
Eval: global_step=1122304, reward=3620.92 +/- 55.36
global_step=1125120, episodic_return=3365.60
global_step=1129124, episodic_return=3457.93
Eval: global_step=1130496, reward=3619.66 +/- 26.80
global_step=1133128, episodic_return=3512.09
global_step=1137132, episodic_return=3514.18
Eval: global_step=1138688, reward=3649.85 +/- 43.12
global_step=1141136, episodic_return=3455.27
global_step=1145140, episodic_return=3431.68
Eval: global_step=1146880, reward=3655.78 +/- 47.39
global_step=1149144, episodic_return=3403.15
global_step=1153148, episodic_return=3355.71
Eval: global_step=1155072, reward=3646.51 +/- 45.02
global_step=1157152, episodic_return=3485.12
global_step=1161156, episodic_return=3374.66
Eval: global_step=1163264, reward=3664.36 +/- 46.09
global_step=1165160, episodic_return=3524.11
global_step=1169164, episodic_return=3478.19
Eval: global_step=1171456, reward=3656.58 +/- 63.73
global_step=1173168, episodic_return=3403.71
global_step=1177172, episodic_return=3433.85
Eval: global_step=1179648, reward=3651.21 +/- 42.17
global_step=1181176, episodic_return=3425.17
global_step=1185180, episodic_return=3461.57
Eval: global_step=1187840, reward=3632.90 +/- 47.35
global_step=1189184, episodic_return=3463.50
global_step=1193188, episodic_return=3467.37
Eval: global_step=1196032, reward=3690.85 +/- 38.71
global_step=1197192, episodic_return=3514.10
global_step=1201196, episodic_return=3459.05
Eval: global_step=1204224, reward=3612.24 +/- 58.82
global_step=1205200, episodic_return=3483.61
global_step=1209204, episodic_return=3438.37
Eval: global_step=1212416, reward=3633.72 +/- 51.87
global_step=1213208, episodic_return=3471.40
global_step=1217212, episodic_return=3443.81
Eval: global_step=1220608, reward=3588.87 +/- 78.72
global_step=1221216, episodic_return=3540.74
global_step=1225220, episodic_return=3544.21
Eval: global_step=1228800, reward=3599.78 +/- 41.94
global_step=1229224, episodic_return=3360.66
global_step=1233228, episodic_return=3446.87
Eval: global_step=1236992, reward=3592.20 +/- 19.23
global_step=1237232, episodic_return=3501.08
global_step=1241236, episodic_return=3464.48
Eval: global_step=1245184, reward=3597.83 +/- 35.47
global_step=1245240, episodic_return=3421.37
global_step=1249244, episodic_return=3515.99
global_step=1253248, episodic_return=3440.89
Eval: global_step=1253376, reward=3595.17 +/- 55.24
global_step=1257252, episodic_return=3457.48
global_step=1261256, episodic_return=3478.83
Eval: global_step=1261568, reward=3628.42 +/- 65.95
global_step=1265260, episodic_return=3482.44
global_step=1269264, episodic_return=3451.89
Eval: global_step=1269760, reward=3584.20 +/- 60.62
global_step=1273268, episodic_return=3468.74
global_step=1277272, episodic_return=3499.74
Eval: global_step=1277952, reward=3596.67 +/- 41.20
global_step=1281276, episodic_return=3436.39
global_step=1285280, episodic_return=3374.49
Eval: global_step=1286144, reward=3434.24 +/- 498.44
global_step=1289284, episodic_return=3417.03
global_step=1293288, episodic_return=3401.10
Eval: global_step=1294336, reward=3256.32 +/- 953.01
global_step=1297292, episodic_return=3455.34
global_step=1301296, episodic_return=3405.40
Eval: global_step=1302528, reward=3585.60 +/- 45.48
global_step=1305300, episodic_return=3382.89
global_step=1309304, episodic_return=3409.46
Eval: global_step=1310720, reward=3582.21 +/- 31.62
global_step=1313308, episodic_return=3379.76
global_step=1317312, episodic_return=3488.22
Eval: global_step=1318912, reward=3596.37 +/- 54.51
global_step=1321316, episodic_return=3424.59
global_step=1325320, episodic_return=3439.31
Eval: global_step=1327104, reward=3593.96 +/- 48.11
global_step=1329324, episodic_return=3406.36
global_step=1333328, episodic_return=3339.07
Eval: global_step=1335296, reward=3618.21 +/- 43.88
global_step=1337332, episodic_return=3428.62
global_step=1341336, episodic_return=3473.99
Eval: global_step=1343488, reward=3584.95 +/- 34.53
global_step=1345340, episodic_return=3513.58
global_step=1349344, episodic_return=3479.56
Eval: global_step=1351680, reward=3560.11 +/- 35.85
global_step=1353348, episodic_return=3367.16
global_step=1357352, episodic_return=3410.82
Eval: global_step=1359872, reward=3572.85 +/- 34.25
global_step=1361356, episodic_return=3470.77
global_step=1365360, episodic_return=3288.01
Eval: global_step=1368064, reward=3538.40 +/- 75.57
global_step=1369364, episodic_return=3371.72
global_step=1373368, episodic_return=3333.06
Eval: global_step=1376256, reward=3528.91 +/- 52.38
global_step=1377372, episodic_return=3363.84
global_step=1381376, episodic_return=3386.71
Eval: global_step=1384448, reward=3570.72 +/- 42.88
global_step=1385380, episodic_return=3439.99
global_step=1389384, episodic_return=3465.46
Eval: global_step=1392640, reward=3558.02 +/- 65.14
global_step=1393388, episodic_return=3380.72
global_step=1397392, episodic_return=3405.96
Eval: global_step=1400832, reward=3524.65 +/- 34.71
global_step=1401396, episodic_return=3401.53
global_step=1405400, episodic_return=3360.98
Eval: global_step=1409024, reward=3578.71 +/- 42.62
global_step=1409404, episodic_return=3372.81
global_step=1413408, episodic_return=3413.25
Eval: global_step=1417216, reward=3553.92 +/- 45.19
global_step=1417412, episodic_return=3515.86
global_step=1421416, episodic_return=3471.21
Eval: global_step=1425408, reward=3600.51 +/- 30.78
global_step=1425420, episodic_return=3459.10
global_step=1429424, episodic_return=3513.85
global_step=1433428, episodic_return=3528.53
Eval: global_step=1433600, reward=3569.69 +/- 42.80
global_step=1437432, episodic_return=3443.88
global_step=1441436, episodic_return=3550.40
Eval: global_step=1441792, reward=3587.64 +/- 56.77
global_step=1445440, episodic_return=3422.29
global_step=1449444, episodic_return=3397.07
Eval: global_step=1449984, reward=3592.06 +/- 42.83
global_step=1453448, episodic_return=3461.27
global_step=1457452, episodic_return=3513.49
Eval: global_step=1458176, reward=3498.69 +/- 323.30
global_step=1461456, episodic_return=3603.50
global_step=1465460, episodic_return=3450.52
Eval: global_step=1466368, reward=3635.16 +/- 37.27
global_step=1469464, episodic_return=3497.64
global_step=1473468, episodic_return=3508.60
Eval: global_step=1474560, reward=3606.25 +/- 43.76
global_step=1477472, episodic_return=3521.78
global_step=1481476, episodic_return=3571.78
Eval: global_step=1482752, reward=3658.91 +/- 58.17
global_step=1485480, episodic_return=3542.67
global_step=1489484, episodic_return=3512.01
Eval: global_step=1490944, reward=3678.02 +/- 25.67
global_step=1493488, episodic_return=3525.37
global_step=1497492, episodic_return=3465.82
Eval: global_step=1499136, reward=3635.85 +/- 55.46
global_step=1501496, episodic_return=3535.96
global_step=1505500, episodic_return=3418.48
Eval: global_step=1507328, reward=3698.69 +/- 71.73
global_step=1509504, episodic_return=3630.72
global_step=1513508, episodic_return=3558.77
Eval: global_step=1515520, reward=3705.90 +/- 49.52
global_step=1517512, episodic_return=3540.12
global_step=1521516, episodic_return=3575.11
Eval: global_step=1523712, reward=3693.63 +/- 57.19
global_step=1525520, episodic_return=3508.17
global_step=1529524, episodic_return=3586.99
Eval: global_step=1531904, reward=3726.33 +/- 39.29
global_step=1533528, episodic_return=3691.58
global_step=1537532, episodic_return=3512.09
Eval: global_step=1540096, reward=3692.13 +/- 49.57
global_step=1541536, episodic_return=3717.45
global_step=1545540, episodic_return=3562.70
Eval: global_step=1548288, reward=3705.00 +/- 38.95
global_step=1549544, episodic_return=3726.70
global_step=1553548, episodic_return=3546.82
Eval: global_step=1556480, reward=3363.11 +/- 991.63
global_step=1557552, episodic_return=3587.54
global_step=1561556, episodic_return=3677.33
Eval: global_step=1564672, reward=3710.31 +/- 49.61
global_step=1565560, episodic_return=3515.02
global_step=1569564, episodic_return=3637.59
Eval: global_step=1572864, reward=3711.08 +/- 47.01
global_step=1573568, episodic_return=3607.61
global_step=1577572, episodic_return=3635.69
Eval: global_step=1581056, reward=3701.44 +/- 43.40
global_step=1581576, episodic_return=3539.92
global_step=1585580, episodic_return=3539.63
Eval: global_step=1589248, reward=3712.48 +/- 35.66
global_step=1589584, episodic_return=3651.05
global_step=1593588, episodic_return=3619.08
Eval: global_step=1597440, reward=3347.50 +/- 1082.08
global_step=1597592, episodic_return=3514.74
global_step=1601596, episodic_return=3474.46
global_step=1605600, episodic_return=3582.05
Eval: global_step=1605632, reward=3673.08 +/- 40.82
global_step=1609604, episodic_return=3696.27
global_step=1613608, episodic_return=3600.61
Eval: global_step=1613824, reward=3672.27 +/- 61.46
global_step=1617612, episodic_return=3590.05
global_step=1621616, episodic_return=3548.31
Eval: global_step=1622016, reward=3646.54 +/- 52.35
global_step=1625620, episodic_return=3547.49
global_step=1629624, episodic_return=3465.55
Eval: global_step=1630208, reward=3693.06 +/- 47.05
global_step=1633628, episodic_return=3518.76
global_step=1637632, episodic_return=3528.73
Eval: global_step=1638400, reward=3647.62 +/- 42.60
global_step=1641636, episodic_return=3615.14
global_step=1645640, episodic_return=3655.24
Eval: global_step=1646592, reward=3710.62 +/- 33.58
global_step=1649644, episodic_return=3556.01
global_step=1653648, episodic_return=3522.53
Eval: global_step=1654784, reward=3681.42 +/- 54.80
global_step=1657652, episodic_return=3494.50
global_step=1661656, episodic_return=3576.60
Eval: global_step=1662976, reward=3665.38 +/- 63.85
global_step=1665660, episodic_return=3524.31
global_step=1669664, episodic_return=1676.65
Eval: global_step=1671168, reward=3631.82 +/- 37.83
global_step=1673668, episodic_return=3568.74
global_step=1677672, episodic_return=3522.59
Eval: global_step=1679360, reward=3662.08 +/- 69.23
global_step=1681676, episodic_return=3632.38
global_step=1685680, episodic_return=3560.06
Eval: global_step=1687552, reward=3652.32 +/- 37.83
global_step=1689684, episodic_return=3533.86
global_step=1693688, episodic_return=3621.86
Eval: global_step=1695744, reward=3617.52 +/- 34.20
global_step=1697692, episodic_return=3684.49
global_step=1701696, episodic_return=3511.77
Eval: global_step=1703936, reward=3615.96 +/- 44.32
global_step=1705700, episodic_return=841.17
global_step=1709704, episodic_return=3488.28
Eval: global_step=1712128, reward=3700.55 +/- 69.15
global_step=1713708, episodic_return=3600.83
global_step=1717712, episodic_return=2904.93
Eval: global_step=1720320, reward=3677.29 +/- 86.07
global_step=1721716, episodic_return=3622.33
global_step=1725720, episodic_return=3631.81
Eval: global_step=1728512, reward=3565.26 +/- 335.94
global_step=1729724, episodic_return=3486.77
global_step=1733728, episodic_return=3623.06
Eval: global_step=1736704, reward=3673.30 +/- 67.77
global_step=1737732, episodic_return=3646.18
global_step=1741736, episodic_return=3654.06
Eval: global_step=1744896, reward=3722.78 +/- 40.91
global_step=1745740, episodic_return=3617.03
global_step=1749744, episodic_return=3469.04
Eval: global_step=1753088, reward=3731.68 +/- 51.18
global_step=1753748, episodic_return=3656.50
global_step=1757752, episodic_return=3683.04
Eval: global_step=1761280, reward=3703.69 +/- 52.22
global_step=1761756, episodic_return=3508.99
global_step=1765760, episodic_return=3552.71
Eval: global_step=1769472, reward=3714.26 +/- 28.68
global_step=1769764, episodic_return=3617.12
global_step=1773768, episodic_return=3702.64
Eval: global_step=1777664, reward=3546.36 +/- 465.79
global_step=1777772, episodic_return=3523.65
global_step=1781776, episodic_return=3533.00
global_step=1785780, episodic_return=3676.71
Eval: global_step=1785856, reward=3716.26 +/- 57.65
global_step=1789784, episodic_return=3644.82
global_step=1793788, episodic_return=3684.55
Eval: global_step=1794048, reward=3688.57 +/- 62.72
global_step=1797792, episodic_return=3518.04
global_step=1801796, episodic_return=3617.66
Eval: global_step=1802240, reward=3321.40 +/- 1052.92
global_step=1805800, episodic_return=3673.72
global_step=1809804, episodic_return=3595.59
Eval: global_step=1810432, reward=3690.09 +/- 61.09
global_step=1813808, episodic_return=3675.26
global_step=1817812, episodic_return=3616.02
Eval: global_step=1818624, reward=3682.38 +/- 31.52
global_step=1821816, episodic_return=3573.56
global_step=1825820, episodic_return=3657.06
Eval: global_step=1826816, reward=3708.91 +/- 38.68
global_step=1829824, episodic_return=3646.90
global_step=1833828, episodic_return=3587.97
Eval: global_step=1835008, reward=3695.18 +/- 48.25
global_step=1837832, episodic_return=3690.41
global_step=1841836, episodic_return=3188.49
Eval: global_step=1843200, reward=3688.67 +/- 56.04
global_step=1845840, episodic_return=3694.64
global_step=1849844, episodic_return=3631.08
Eval: global_step=1851392, reward=3682.44 +/- 46.24
global_step=1853848, episodic_return=3533.52
global_step=1857852, episodic_return=3587.37
Eval: global_step=1859584, reward=3684.26 +/- 58.07
global_step=1861856, episodic_return=3631.29
global_step=1865860, episodic_return=3664.99
Eval: global_step=1867776, reward=3651.72 +/- 69.13
global_step=1869864, episodic_return=3589.21
global_step=1873868, episodic_return=3585.92
Eval: global_step=1875968, reward=3662.28 +/- 52.33
global_step=1877872, episodic_return=3605.33
global_step=1881876, episodic_return=3512.68
Eval: global_step=1884160, reward=3622.19 +/- 31.79
global_step=1885880, episodic_return=3583.24
global_step=1889884, episodic_return=3690.36
Eval: global_step=1892352, reward=3603.14 +/- 55.45
global_step=1893888, episodic_return=3519.31
global_step=1897892, episodic_return=3584.56
Eval: global_step=1900544, reward=3590.14 +/- 32.78
global_step=1901896, episodic_return=3548.61
global_step=1905900, episodic_return=3529.31
Eval: global_step=1908736, reward=3610.15 +/- 44.03
global_step=1909904, episodic_return=3483.54
global_step=1913908, episodic_return=3484.88
Eval: global_step=1916928, reward=3612.44 +/- 66.38
global_step=1917912, episodic_return=308.26
global_step=1921916, episodic_return=-32.75
Eval: global_step=1925120, reward=3597.67 +/- 21.73
global_step=1925920, episodic_return=3498.24
global_step=1929924, episodic_return=3491.83
Eval: global_step=1933312, reward=3598.58 +/- 63.26
global_step=1933928, episodic_return=3607.21
global_step=1937932, episodic_return=3522.99
Eval: global_step=1941504, reward=3622.82 +/- 38.57
global_step=1941936, episodic_return=3542.10
global_step=1945940, episodic_return=3649.50
Eval: global_step=1949696, reward=3592.72 +/- 52.96
global_step=1949944, episodic_return=3489.59
global_step=1953948, episodic_return=3547.50
Eval: global_step=1957888, reward=3627.86 +/- 55.19
global_step=1957952, episodic_return=3593.19
global_step=1961956, episodic_return=3549.14
global_step=1965960, episodic_return=3486.70
Eval: global_step=1966080, reward=3645.73 +/- 36.07
global_step=1969964, episodic_return=3564.95
global_step=1973968, episodic_return=3557.16
Eval: global_step=1974272, reward=3587.67 +/- 59.99
global_step=1977972, episodic_return=3400.85
global_step=1981976, episodic_return=3579.17
Eval: global_step=1982464, reward=3614.43 +/- 48.40
global_step=1985980, episodic_return=3549.22
global_step=1989984, episodic_return=3511.00
Eval: global_step=1990656, reward=3601.63 +/- 46.65
global_step=1993988, episodic_return=3463.92
global_step=1997992, episodic_return=3526.69
Eval: global_step=1998848, reward=3594.26 +/- 72.34
Training completed. Total steps: 1998848
Starting Distillation in mode gaussian...
Generating fixed dataset of max 100000 samples...

[1/12] Initializing Student with frac=1.0, samples=10000 - student_1
Teacher Architecture: 2 layers, 64 neurons
Student Architecture: 2 layers, 64 neurons (frac: 1.0)

[2/12] Initializing Student with frac=0.5, samples=10000 - student_2
Teacher Architecture: 2 layers, 64 neurons
Student Architecture: 2 layers, 32 neurons (frac: 0.5)

[3/12] Initializing Student with frac=0.25, samples=10000 - student_3
Teacher Architecture: 2 layers, 64 neurons
Student Architecture: 2 layers, 16 neurons (frac: 0.25)

[4/12] Initializing Student with frac=1.0, samples=25000 - student_4
Teacher Architecture: 2 layers, 64 neurons
Student Architecture: 2 layers, 64 neurons (frac: 1.0)

[5/12] Initializing Student with frac=0.5, samples=25000 - student_5
Teacher Architecture: 2 layers, 64 neurons
Student Architecture: 2 layers, 32 neurons (frac: 0.5)

[6/12] Initializing Student with frac=0.25, samples=25000 - student_6
Teacher Architecture: 2 layers, 64 neurons
Student Architecture: 2 layers, 16 neurons (frac: 0.25)

[7/12] Initializing Student with frac=1.0, samples=50000 - student_7
Teacher Architecture: 2 layers, 64 neurons
Student Architecture: 2 layers, 64 neurons (frac: 1.0)

[8/12] Initializing Student with frac=0.5, samples=50000 - student_8
Teacher Architecture: 2 layers, 64 neurons
Student Architecture: 2 layers, 32 neurons (frac: 0.5)

[9/12] Initializing Student with frac=0.25, samples=50000 - student_9
Teacher Architecture: 2 layers, 64 neurons
Student Architecture: 2 layers, 16 neurons (frac: 0.25)

[10/12] Initializing Student with frac=1.0, samples=100000 - student_10
Teacher Architecture: 2 layers, 64 neurons
Student Architecture: 2 layers, 64 neurons (frac: 1.0)

[11/12] Initializing Student with frac=0.5, samples=100000 - student_11
Teacher Architecture: 2 layers, 64 neurons
Student Architecture: 2 layers, 32 neurons (frac: 0.5)

[12/12] Initializing Student with frac=0.25, samples=100000 - student_12
Teacher Architecture: 2 layers, 64 neurons
Student Architecture: 2 layers, 16 neurons (frac: 0.25)
Robustness (student_1_robustness) Noise=0.000 | Mean Reward: 2101.89 +- 989.62
Robustness (teacher_robustness) Noise=0.000 | Mean Reward: 3517.34 +- 413.44
Robustness (student_2_robustness) Noise=0.000 | Mean Reward: 950.26 +- 761.69
Robustness (student_3_robustness) Noise=0.000 | Mean Reward: 2130.10 +- 444.81
Robustness (student_4_robustness) Noise=0.000 | Mean Reward: 3392.01 +- 423.13
Robustness (student_5_robustness) Noise=0.000 | Mean Reward: 3231.96 +- 380.45
Robustness (student_6_robustness) Noise=0.000 | Mean Reward: 1142.95 +- 913.09
Robustness (student_7_robustness) Noise=0.000 | Mean Reward: 3489.52 +- 334.16
Robustness (student_8_robustness) Noise=0.000 | Mean Reward: 3455.43 +- 170.72
Robustness (student_9_robustness) Noise=0.000 | Mean Reward: 2914.86 +- 727.52
Robustness (student_10_robustness) Noise=0.000 | Mean Reward: 3513.94 +- 292.55
Robustness (student_11_robustness) Noise=0.000 | Mean Reward: 3412.35 +- 537.49
Robustness (student_12_robustness) Noise=0.000 | Mean Reward: 3467.21 +- 76.59
